WARNING - 2024-02-26 00:55:59 --> [DEPRECATED] Creation of dynamic property App\Controllers\Member::$ModelBuku is deprecated in APPPATH/Controllers/Member.php on line 16.
 1 SYSTEMPATH/CodeIgniter.php(914): App\Controllers\Member->__construct()
 2 SYSTEMPATH/CodeIgniter.php(493): CodeIgniter\CodeIgniter->createController()
 3 SYSTEMPATH/CodeIgniter.php(361): CodeIgniter\CodeIgniter->handleRequest(null, Object(Config\Cache), false)
 4 FCPATH/index.php(79): CodeIgniter\CodeIgniter->run()
 5 SYSTEMPATH/Commands/Server/rewrite.php(47): require_once('/home/madi/Documents/project/ci4/perpus-ukom-2024/public/index.php')
WARNING - 2024-02-26 00:55:59 --> [DEPRECATED] Creation of dynamic property App\Controllers\Member::$ModelMember is deprecated in APPPATH/Controllers/Member.php on line 17.
 1 SYSTEMPATH/CodeIgniter.php(914): App\Controllers\Member->__construct()
 2 SYSTEMPATH/CodeIgniter.php(493): CodeIgniter\CodeIgniter->createController()
 3 SYSTEMPATH/CodeIgniter.php(361): CodeIgniter\CodeIgniter->handleRequest(null, Object(Config\Cache), false)
 4 FCPATH/index.php(79): CodeIgniter\CodeIgniter->run()
 5 SYSTEMPATH/Commands/Server/rewrite.php(47): require_once('/home/madi/Documents/project/ci4/perpus-ukom-2024/public/index.php')
WARNING - 2024-02-26 00:55:59 --> [DEPRECATED] Creation of dynamic property App\Controllers\Member::$ModelPeminjaman is deprecated in APPPATH/Controllers/Member.php on line 18.
 1 SYSTEMPATH/CodeIgniter.php(914): App\Controllers\Member->__construct()
 2 SYSTEMPATH/CodeIgniter.php(493): CodeIgniter\CodeIgniter->createController()
 3 SYSTEMPATH/CodeIgniter.php(361): CodeIgniter\CodeIgniter->handleRequest(null, Object(Config\Cache), false)
 4 FCPATH/index.php(79): CodeIgniter\CodeIgniter->run()
 5 SYSTEMPATH/Commands/Server/rewrite.php(47): require_once('/home/madi/Documents/project/ci4/perpus-ukom-2024/public/index.php')
WARNING - 2024-02-26 00:55:59 --> [DEPRECATED] Creation of dynamic property App\Controllers\Member::$ModelPengembalian is deprecated in APPPATH/Controllers/Member.php on line 19.
 1 SYSTEMPATH/CodeIgniter.php(914): App\Controllers\Member->__construct()
 2 SYSTEMPATH/CodeIgniter.php(493): CodeIgniter\CodeIgniter->createController()
 3 SYSTEMPATH/CodeIgniter.php(361): CodeIgniter\CodeIgniter->handleRequest(null, Object(Config\Cache), false)
 4 FCPATH/index.php(79): CodeIgniter\CodeIgniter->run()
 5 SYSTEMPATH/Commands/Server/rewrite.php(47): require_once('/home/madi/Documents/project/ci4/perpus-ukom-2024/public/index.php')
WARNING - 2024-02-26 00:55:59 --> [DEPRECATED] Creation of dynamic property App\Controllers\Member::$ModelUlasan is deprecated in APPPATH/Controllers/Member.php on line 20.
 1 SYSTEMPATH/CodeIgniter.php(914): App\Controllers\Member->__construct()
 2 SYSTEMPATH/CodeIgniter.php(493): CodeIgniter\CodeIgniter->createController()
 3 SYSTEMPATH/CodeIgniter.php(361): CodeIgniter\CodeIgniter->handleRequest(null, Object(Config\Cache), false)
 4 FCPATH/index.php(79): CodeIgniter\CodeIgniter->run()
 5 SYSTEMPATH/Commands/Server/rewrite.php(47): require_once('/home/madi/Documents/project/ci4/perpus-ukom-2024/public/index.php')
WARNING - 2024-02-26 00:55:59 --> [DEPRECATED] Creation of dynamic property App\Controllers\Member::$ModelKoleksiBuku is deprecated in APPPATH/Controllers/Member.php on line 21.
 1 SYSTEMPATH/CodeIgniter.php(914): App\Controllers\Member->__construct()
 2 SYSTEMPATH/CodeIgniter.php(493): CodeIgniter\CodeIgniter->createController()
 3 SYSTEMPATH/CodeIgniter.php(361): CodeIgniter\CodeIgniter->handleRequest(null, Object(Config\Cache), false)
 4 FCPATH/index.php(79): CodeIgniter\CodeIgniter->run()
 5 SYSTEMPATH/Commands/Server/rewrite.php(47): require_once('/home/madi/Documents/project/ci4/perpus-ukom-2024/public/index.php')
WARNING - 2024-02-26 00:55:59 --> [DEPRECATED] Creation of dynamic property App\Controllers\Member::$ModelKategoriBuku is deprecated in APPPATH/Controllers/Member.php on line 22.
 1 SYSTEMPATH/CodeIgniter.php(914): App\Controllers\Member->__construct()
 2 SYSTEMPATH/CodeIgniter.php(493): CodeIgniter\CodeIgniter->createController()
 3 SYSTEMPATH/CodeIgniter.php(361): CodeIgniter\CodeIgniter->handleRequest(null, Object(Config\Cache), false)
 4 FCPATH/index.php(79): CodeIgniter\CodeIgniter->run()
 5 SYSTEMPATH/Commands/Server/rewrite.php(47): require_once('/home/madi/Documents/project/ci4/perpus-ukom-2024/public/index.php')
INFO - 2024-02-26 00:55:59 --> Session: Class initialized using 'CodeIgniter\Session\Handlers\FileHandler' driver.
WARNING - 2024-02-26 04:53:01 --> [DEPRECATED] Creation of dynamic property App\Controllers\Member::$ModelBuku is deprecated in APPPATH/Controllers/Member.php on line 16.
 1 SYSTEMPATH/CodeIgniter.php(914): App\Controllers\Member->__construct()
 2 SYSTEMPATH/CodeIgniter.php(493): CodeIgniter\CodeIgniter->createController()
 3 SYSTEMPATH/CodeIgniter.php(361): CodeIgniter\CodeIgniter->handleRequest(null, Object(Config\Cache), false)
 4 FCPATH/index.php(79): CodeIgniter\CodeIgniter->run()
 5 SYSTEMPATH/Commands/Server/rewrite.php(47): require_once('/home/madi/Documents/project/ci4/perpus-ukom-2024/public/index.php')
WARNING - 2024-02-26 04:53:01 --> [DEPRECATED] Creation of dynamic property App\Controllers\Member::$ModelMember is deprecated in APPPATH/Controllers/Member.php on line 17.
 1 SYSTEMPATH/CodeIgniter.php(914): App\Controllers\Member->__construct()
 2 SYSTEMPATH/CodeIgniter.php(493): CodeIgniter\CodeIgniter->createController()
 3 SYSTEMPATH/CodeIgniter.php(361): CodeIgniter\CodeIgniter->handleRequest(null, Object(Config\Cache), false)
 4 FCPATH/index.php(79): CodeIgniter\CodeIgniter->run()
 5 SYSTEMPATH/Commands/Server/rewrite.php(47): require_once('/home/madi/Documents/project/ci4/perpus-ukom-2024/public/index.php')
WARNING - 2024-02-26 04:53:01 --> [DEPRECATED] Creation of dynamic property App\Controllers\Member::$ModelPeminjaman is deprecated in APPPATH/Controllers/Member.php on line 18.
 1 SYSTEMPATH/CodeIgniter.php(914): App\Controllers\Member->__construct()
 2 SYSTEMPATH/CodeIgniter.php(493): CodeIgniter\CodeIgniter->createController()
 3 SYSTEMPATH/CodeIgniter.php(361): CodeIgniter\CodeIgniter->handleRequest(null, Object(Config\Cache), false)
 4 FCPATH/index.php(79): CodeIgniter\CodeIgniter->run()
 5 SYSTEMPATH/Commands/Server/rewrite.php(47): require_once('/home/madi/Documents/project/ci4/perpus-ukom-2024/public/index.php')
WARNING - 2024-02-26 04:53:01 --> [DEPRECATED] Creation of dynamic property App\Controllers\Member::$ModelPengembalian is deprecated in APPPATH/Controllers/Member.php on line 19.
 1 SYSTEMPATH/CodeIgniter.php(914): App\Controllers\Member->__construct()
 2 SYSTEMPATH/CodeIgniter.php(493): CodeIgniter\CodeIgniter->createController()
 3 SYSTEMPATH/CodeIgniter.php(361): CodeIgniter\CodeIgniter->handleRequest(null, Object(Config\Cache), false)
 4 FCPATH/index.php(79): CodeIgniter\CodeIgniter->run()
 5 SYSTEMPATH/Commands/Server/rewrite.php(47): require_once('/home/madi/Documents/project/ci4/perpus-ukom-2024/public/index.php')
WARNING - 2024-02-26 04:53:01 --> [DEPRECATED] Creation of dynamic property App\Controllers\Member::$ModelUlasan is deprecated in APPPATH/Controllers/Member.php on line 20.
 1 SYSTEMPATH/CodeIgniter.php(914): App\Controllers\Member->__construct()
 2 SYSTEMPATH/CodeIgniter.php(493): CodeIgniter\CodeIgniter->createController()
 3 SYSTEMPATH/CodeIgniter.php(361): CodeIgniter\CodeIgniter->handleRequest(null, Object(Config\Cache), false)
 4 FCPATH/index.php(79): CodeIgniter\CodeIgniter->run()
 5 SYSTEMPATH/Commands/Server/rewrite.php(47): require_once('/home/madi/Documents/project/ci4/perpus-ukom-2024/public/index.php')
WARNING - 2024-02-26 04:53:01 --> [DEPRECATED] Creation of dynamic property App\Controllers\Member::$ModelKoleksiBuku is deprecated in APPPATH/Controllers/Member.php on line 21.
 1 SYSTEMPATH/CodeIgniter.php(914): App\Controllers\Member->__construct()
 2 SYSTEMPATH/CodeIgniter.php(493): CodeIgniter\CodeIgniter->createController()
 3 SYSTEMPATH/CodeIgniter.php(361): CodeIgniter\CodeIgniter->handleRequest(null, Object(Config\Cache), false)
 4 FCPATH/index.php(79): CodeIgniter\CodeIgniter->run()
 5 SYSTEMPATH/Commands/Server/rewrite.php(47): require_once('/home/madi/Documents/project/ci4/perpus-ukom-2024/public/index.php')
WARNING - 2024-02-26 04:53:01 --> [DEPRECATED] Creation of dynamic property App\Controllers\Member::$ModelKategoriBuku is deprecated in APPPATH/Controllers/Member.php on line 22.
 1 SYSTEMPATH/CodeIgniter.php(914): App\Controllers\Member->__construct()
 2 SYSTEMPATH/CodeIgniter.php(493): CodeIgniter\CodeIgniter->createController()
 3 SYSTEMPATH/CodeIgniter.php(361): CodeIgniter\CodeIgniter->handleRequest(null, Object(Config\Cache), false)
 4 FCPATH/index.php(79): CodeIgniter\CodeIgniter->run()
 5 SYSTEMPATH/Commands/Server/rewrite.php(47): require_once('/home/madi/Documents/project/ci4/perpus-ukom-2024/public/index.php')
INFO - 2024-02-26 04:53:01 --> Session: Class initialized using 'CodeIgniter\Session\Handlers\FileHandler' driver.
WARNING - 2024-02-26 04:53:08 --> [DEPRECATED] Creation of dynamic property App\Controllers\Member::$ModelBuku is deprecated in APPPATH/Controllers/Member.php on line 16.
 1 SYSTEMPATH/CodeIgniter.php(914): App\Controllers\Member->__construct()
 2 SYSTEMPATH/CodeIgniter.php(493): CodeIgniter\CodeIgniter->createController()
 3 SYSTEMPATH/CodeIgniter.php(361): CodeIgniter\CodeIgniter->handleRequest(null, Object(Config\Cache), false)
 4 FCPATH/index.php(79): CodeIgniter\CodeIgniter->run()
 5 SYSTEMPATH/Commands/Server/rewrite.php(47): require_once('/home/madi/Documents/project/ci4/perpus-ukom-2024/public/index.php')
WARNING - 2024-02-26 04:53:08 --> [DEPRECATED] Creation of dynamic property App\Controllers\Member::$ModelMember is deprecated in APPPATH/Controllers/Member.php on line 17.
 1 SYSTEMPATH/CodeIgniter.php(914): App\Controllers\Member->__construct()
 2 SYSTEMPATH/CodeIgniter.php(493): CodeIgniter\CodeIgniter->createController()
 3 SYSTEMPATH/CodeIgniter.php(361): CodeIgniter\CodeIgniter->handleRequest(null, Object(Config\Cache), false)
 4 FCPATH/index.php(79): CodeIgniter\CodeIgniter->run()
 5 SYSTEMPATH/Commands/Server/rewrite.php(47): require_once('/home/madi/Documents/project/ci4/perpus-ukom-2024/public/index.php')
WARNING - 2024-02-26 04:53:08 --> [DEPRECATED] Creation of dynamic property App\Controllers\Member::$ModelPeminjaman is deprecated in APPPATH/Controllers/Member.php on line 18.
 1 SYSTEMPATH/CodeIgniter.php(914): App\Controllers\Member->__construct()
 2 SYSTEMPATH/CodeIgniter.php(493): CodeIgniter\CodeIgniter->createController()
 3 SYSTEMPATH/CodeIgniter.php(361): CodeIgniter\CodeIgniter->handleRequest(null, Object(Config\Cache), false)
 4 FCPATH/index.php(79): CodeIgniter\CodeIgniter->run()
 5 SYSTEMPATH/Commands/Server/rewrite.php(47): require_once('/home/madi/Documents/project/ci4/perpus-ukom-2024/public/index.php')
WARNING - 2024-02-26 04:53:08 --> [DEPRECATED] Creation of dynamic property App\Controllers\Member::$ModelPengembalian is deprecated in APPPATH/Controllers/Member.php on line 19.
 1 SYSTEMPATH/CodeIgniter.php(914): App\Controllers\Member->__construct()
 2 SYSTEMPATH/CodeIgniter.php(493): CodeIgniter\CodeIgniter->createController()
 3 SYSTEMPATH/CodeIgniter.php(361): CodeIgniter\CodeIgniter->handleRequest(null, Object(Config\Cache), false)
 4 FCPATH/index.php(79): CodeIgniter\CodeIgniter->run()
 5 SYSTEMPATH/Commands/Server/rewrite.php(47): require_once('/home/madi/Documents/project/ci4/perpus-ukom-2024/public/index.php')
WARNING - 2024-02-26 04:53:08 --> [DEPRECATED] Creation of dynamic property App\Controllers\Member::$ModelUlasan is deprecated in APPPATH/Controllers/Member.php on line 20.
 1 SYSTEMPATH/CodeIgniter.php(914): App\Controllers\Member->__construct()
 2 SYSTEMPATH/CodeIgniter.php(493): CodeIgniter\CodeIgniter->createController()
 3 SYSTEMPATH/CodeIgniter.php(361): CodeIgniter\CodeIgniter->handleRequest(null, Object(Config\Cache), false)
 4 FCPATH/index.php(79): CodeIgniter\CodeIgniter->run()
 5 SYSTEMPATH/Commands/Server/rewrite.php(47): require_once('/home/madi/Documents/project/ci4/perpus-ukom-2024/public/index.php')
WARNING - 2024-02-26 04:53:08 --> [DEPRECATED] Creation of dynamic property App\Controllers\Member::$ModelKoleksiBuku is deprecated in APPPATH/Controllers/Member.php on line 21.
 1 SYSTEMPATH/CodeIgniter.php(914): App\Controllers\Member->__construct()
 2 SYSTEMPATH/CodeIgniter.php(493): CodeIgniter\CodeIgniter->createController()
 3 SYSTEMPATH/CodeIgniter.php(361): CodeIgniter\CodeIgniter->handleRequest(null, Object(Config\Cache), false)
 4 FCPATH/index.php(79): CodeIgniter\CodeIgniter->run()
 5 SYSTEMPATH/Commands/Server/rewrite.php(47): require_once('/home/madi/Documents/project/ci4/perpus-ukom-2024/public/index.php')
WARNING - 2024-02-26 04:53:08 --> [DEPRECATED] Creation of dynamic property App\Controllers\Member::$ModelKategoriBuku is deprecated in APPPATH/Controllers/Member.php on line 22.
 1 SYSTEMPATH/CodeIgniter.php(914): App\Controllers\Member->__construct()
 2 SYSTEMPATH/CodeIgniter.php(493): CodeIgniter\CodeIgniter->createController()
 3 SYSTEMPATH/CodeIgniter.php(361): CodeIgniter\CodeIgniter->handleRequest(null, Object(Config\Cache), false)
 4 FCPATH/index.php(79): CodeIgniter\CodeIgniter->run()
 5 SYSTEMPATH/Commands/Server/rewrite.php(47): require_once('/home/madi/Documents/project/ci4/perpus-ukom-2024/public/index.php')
INFO - 2024-02-26 04:53:08 --> Session: Class initialized using 'CodeIgniter\Session\Handlers\FileHandler' driver.
WARNING - 2024-02-26 05:00:08 --> [DEPRECATED] Creation of dynamic property App\Controllers\Member::$ModelBuku is deprecated in APPPATH/Controllers/Member.php on line 16.
 1 SYSTEMPATH/CodeIgniter.php(914): App\Controllers\Member->__construct()
 2 SYSTEMPATH/CodeIgniter.php(493): CodeIgniter\CodeIgniter->createController()
 3 SYSTEMPATH/CodeIgniter.php(361): CodeIgniter\CodeIgniter->handleRequest(null, Object(Config\Cache), false)
 4 FCPATH/index.php(79): CodeIgniter\CodeIgniter->run()
 5 SYSTEMPATH/Commands/Server/rewrite.php(47): require_once('/home/madi/Documents/project/ci4/perpus-ukom-2024/public/index.php')
WARNING - 2024-02-26 05:00:08 --> [DEPRECATED] Creation of dynamic property App\Controllers\Member::$ModelMember is deprecated in APPPATH/Controllers/Member.php on line 17.
 1 SYSTEMPATH/CodeIgniter.php(914): App\Controllers\Member->__construct()
 2 SYSTEMPATH/CodeIgniter.php(493): CodeIgniter\CodeIgniter->createController()
 3 SYSTEMPATH/CodeIgniter.php(361): CodeIgniter\CodeIgniter->handleRequest(null, Object(Config\Cache), false)
 4 FCPATH/index.php(79): CodeIgniter\CodeIgniter->run()
 5 SYSTEMPATH/Commands/Server/rewrite.php(47): require_once('/home/madi/Documents/project/ci4/perpus-ukom-2024/public/index.php')
WARNING - 2024-02-26 05:00:08 --> [DEPRECATED] Creation of dynamic property App\Controllers\Member::$ModelPeminjaman is deprecated in APPPATH/Controllers/Member.php on line 18.
 1 SYSTEMPATH/CodeIgniter.php(914): App\Controllers\Member->__construct()
 2 SYSTEMPATH/CodeIgniter.php(493): CodeIgniter\CodeIgniter->createController()
 3 SYSTEMPATH/CodeIgniter.php(361): CodeIgniter\CodeIgniter->handleRequest(null, Object(Config\Cache), false)
 4 FCPATH/index.php(79): CodeIgniter\CodeIgniter->run()
 5 SYSTEMPATH/Commands/Server/rewrite.php(47): require_once('/home/madi/Documents/project/ci4/perpus-ukom-2024/public/index.php')
WARNING - 2024-02-26 05:00:08 --> [DEPRECATED] Creation of dynamic property App\Controllers\Member::$ModelPengembalian is deprecated in APPPATH/Controllers/Member.php on line 19.
 1 SYSTEMPATH/CodeIgniter.php(914): App\Controllers\Member->__construct()
 2 SYSTEMPATH/CodeIgniter.php(493): CodeIgniter\CodeIgniter->createController()
 3 SYSTEMPATH/CodeIgniter.php(361): CodeIgniter\CodeIgniter->handleRequest(null, Object(Config\Cache), false)
 4 FCPATH/index.php(79): CodeIgniter\CodeIgniter->run()
 5 SYSTEMPATH/Commands/Server/rewrite.php(47): require_once('/home/madi/Documents/project/ci4/perpus-ukom-2024/public/index.php')
WARNING - 2024-02-26 05:00:08 --> [DEPRECATED] Creation of dynamic property App\Controllers\Member::$ModelUlasan is deprecated in APPPATH/Controllers/Member.php on line 20.
 1 SYSTEMPATH/CodeIgniter.php(914): App\Controllers\Member->__construct()
 2 SYSTEMPATH/CodeIgniter.php(493): CodeIgniter\CodeIgniter->createController()
 3 SYSTEMPATH/CodeIgniter.php(361): CodeIgniter\CodeIgniter->handleRequest(null, Object(Config\Cache), false)
 4 FCPATH/index.php(79): CodeIgniter\CodeIgniter->run()
 5 SYSTEMPATH/Commands/Server/rewrite.php(47): require_once('/home/madi/Documents/project/ci4/perpus-ukom-2024/public/index.php')
WARNING - 2024-02-26 05:00:08 --> [DEPRECATED] Creation of dynamic property App\Controllers\Member::$ModelKoleksiBuku is deprecated in APPPATH/Controllers/Member.php on line 21.
 1 SYSTEMPATH/CodeIgniter.php(914): App\Controllers\Member->__construct()
 2 SYSTEMPATH/CodeIgniter.php(493): CodeIgniter\CodeIgniter->createController()
 3 SYSTEMPATH/CodeIgniter.php(361): CodeIgniter\CodeIgniter->handleRequest(null, Object(Config\Cache), false)
 4 FCPATH/index.php(79): CodeIgniter\CodeIgniter->run()
 5 SYSTEMPATH/Commands/Server/rewrite.php(47): require_once('/home/madi/Documents/project/ci4/perpus-ukom-2024/public/index.php')
WARNING - 2024-02-26 05:00:08 --> [DEPRECATED] Creation of dynamic property App\Controllers\Member::$ModelKategoriBuku is deprecated in APPPATH/Controllers/Member.php on line 22.
 1 SYSTEMPATH/CodeIgniter.php(914): App\Controllers\Member->__construct()
 2 SYSTEMPATH/CodeIgniter.php(493): CodeIgniter\CodeIgniter->createController()
 3 SYSTEMPATH/CodeIgniter.php(361): CodeIgniter\CodeIgniter->handleRequest(null, Object(Config\Cache), false)
 4 FCPATH/index.php(79): CodeIgniter\CodeIgniter->run()
 5 SYSTEMPATH/Commands/Server/rewrite.php(47): require_once('/home/madi/Documents/project/ci4/perpus-ukom-2024/public/index.php')
INFO - 2024-02-26 05:00:08 --> Session: Class initialized using 'CodeIgniter\Session\Handlers\FileHandler' driver.
WARNING - 2024-02-26 05:00:12 --> [DEPRECATED] Creation of dynamic property App\Controllers\Member::$ModelBuku is deprecated in APPPATH/Controllers/Member.php on line 16.
 1 SYSTEMPATH/CodeIgniter.php(914): App\Controllers\Member->__construct()
 2 SYSTEMPATH/CodeIgniter.php(493): CodeIgniter\CodeIgniter->createController()
 3 SYSTEMPATH/CodeIgniter.php(361): CodeIgniter\CodeIgniter->handleRequest(null, Object(Config\Cache), false)
 4 FCPATH/index.php(79): CodeIgniter\CodeIgniter->run()
 5 SYSTEMPATH/Commands/Server/rewrite.php(47): require_once('/home/madi/Documents/project/ci4/perpus-ukom-2024/public/index.php')
WARNING - 2024-02-26 05:00:12 --> [DEPRECATED] Creation of dynamic property App\Controllers\Member::$ModelMember is deprecated in APPPATH/Controllers/Member.php on line 17.
 1 SYSTEMPATH/CodeIgniter.php(914): App\Controllers\Member->__construct()
 2 SYSTEMPATH/CodeIgniter.php(493): CodeIgniter\CodeIgniter->createController()
 3 SYSTEMPATH/CodeIgniter.php(361): CodeIgniter\CodeIgniter->handleRequest(null, Object(Config\Cache), false)
 4 FCPATH/index.php(79): CodeIgniter\CodeIgniter->run()
 5 SYSTEMPATH/Commands/Server/rewrite.php(47): require_once('/home/madi/Documents/project/ci4/perpus-ukom-2024/public/index.php')
WARNING - 2024-02-26 05:00:12 --> [DEPRECATED] Creation of dynamic property App\Controllers\Member::$ModelPeminjaman is deprecated in APPPATH/Controllers/Member.php on line 18.
 1 SYSTEMPATH/CodeIgniter.php(914): App\Controllers\Member->__construct()
 2 SYSTEMPATH/CodeIgniter.php(493): CodeIgniter\CodeIgniter->createController()
 3 SYSTEMPATH/CodeIgniter.php(361): CodeIgniter\CodeIgniter->handleRequest(null, Object(Config\Cache), false)
 4 FCPATH/index.php(79): CodeIgniter\CodeIgniter->run()
 5 SYSTEMPATH/Commands/Server/rewrite.php(47): require_once('/home/madi/Documents/project/ci4/perpus-ukom-2024/public/index.php')
WARNING - 2024-02-26 05:00:12 --> [DEPRECATED] Creation of dynamic property App\Controllers\Member::$ModelPengembalian is deprecated in APPPATH/Controllers/Member.php on line 19.
 1 SYSTEMPATH/CodeIgniter.php(914): App\Controllers\Member->__construct()
 2 SYSTEMPATH/CodeIgniter.php(493): CodeIgniter\CodeIgniter->createController()
 3 SYSTEMPATH/CodeIgniter.php(361): CodeIgniter\CodeIgniter->handleRequest(null, Object(Config\Cache), false)
 4 FCPATH/index.php(79): CodeIgniter\CodeIgniter->run()
 5 SYSTEMPATH/Commands/Server/rewrite.php(47): require_once('/home/madi/Documents/project/ci4/perpus-ukom-2024/public/index.php')
WARNING - 2024-02-26 05:00:12 --> [DEPRECATED] Creation of dynamic property App\Controllers\Member::$ModelUlasan is deprecated in APPPATH/Controllers/Member.php on line 20.
 1 SYSTEMPATH/CodeIgniter.php(914): App\Controllers\Member->__construct()
 2 SYSTEMPATH/CodeIgniter.php(493): CodeIgniter\CodeIgniter->createController()
 3 SYSTEMPATH/CodeIgniter.php(361): CodeIgniter\CodeIgniter->handleRequest(null, Object(Config\Cache), false)
 4 FCPATH/index.php(79): CodeIgniter\CodeIgniter->run()
 5 SYSTEMPATH/Commands/Server/rewrite.php(47): require_once('/home/madi/Documents/project/ci4/perpus-ukom-2024/public/index.php')
WARNING - 2024-02-26 05:00:12 --> [DEPRECATED] Creation of dynamic property App\Controllers\Member::$ModelKoleksiBuku is deprecated in APPPATH/Controllers/Member.php on line 21.
 1 SYSTEMPATH/CodeIgniter.php(914): App\Controllers\Member->__construct()
 2 SYSTEMPATH/CodeIgniter.php(493): CodeIgniter\CodeIgniter->createController()
 3 SYSTEMPATH/CodeIgniter.php(361): CodeIgniter\CodeIgniter->handleRequest(null, Object(Config\Cache), false)
 4 FCPATH/index.php(79): CodeIgniter\CodeIgniter->run()
 5 SYSTEMPATH/Commands/Server/rewrite.php(47): require_once('/home/madi/Documents/project/ci4/perpus-ukom-2024/public/index.php')
WARNING - 2024-02-26 05:00:12 --> [DEPRECATED] Creation of dynamic property App\Controllers\Member::$ModelKategoriBuku is deprecated in APPPATH/Controllers/Member.php on line 22.
 1 SYSTEMPATH/CodeIgniter.php(914): App\Controllers\Member->__construct()
 2 SYSTEMPATH/CodeIgniter.php(493): CodeIgniter\CodeIgniter->createController()
 3 SYSTEMPATH/CodeIgniter.php(361): CodeIgniter\CodeIgniter->handleRequest(null, Object(Config\Cache), false)
 4 FCPATH/index.php(79): CodeIgniter\CodeIgniter->run()
 5 SYSTEMPATH/Commands/Server/rewrite.php(47): require_once('/home/madi/Documents/project/ci4/perpus-ukom-2024/public/index.php')
INFO - 2024-02-26 05:00:12 --> Session: Class initialized using 'CodeIgniter\Session\Handlers\FileHandler' driver.
WARNING - 2024-02-26 05:00:12 --> [DEPRECATED] Creation of dynamic property App\Controllers\Auth::$ModelPetugas is deprecated in APPPATH/Controllers/Auth.php on line 11.
 1 SYSTEMPATH/CodeIgniter.php(914): App\Controllers\Auth->__construct()
 2 SYSTEMPATH/CodeIgniter.php(493): CodeIgniter\CodeIgniter->createController()
 3 SYSTEMPATH/CodeIgniter.php(361): CodeIgniter\CodeIgniter->handleRequest(null, Object(Config\Cache), false)
 4 FCPATH/index.php(79): CodeIgniter\CodeIgniter->run()
 5 SYSTEMPATH/Commands/Server/rewrite.php(47): require_once('/home/madi/Documents/project/ci4/perpus-ukom-2024/public/index.php')
WARNING - 2024-02-26 05:00:12 --> [DEPRECATED] Creation of dynamic property App\Controllers\Auth::$ModelMember is deprecated in APPPATH/Controllers/Auth.php on line 12.
 1 SYSTEMPATH/CodeIgniter.php(914): App\Controllers\Auth->__construct()
 2 SYSTEMPATH/CodeIgniter.php(493): CodeIgniter\CodeIgniter->createController()
 3 SYSTEMPATH/CodeIgniter.php(361): CodeIgniter\CodeIgniter->handleRequest(null, Object(Config\Cache), false)
 4 FCPATH/index.php(79): CodeIgniter\CodeIgniter->run()
 5 SYSTEMPATH/Commands/Server/rewrite.php(47): require_once('/home/madi/Documents/project/ci4/perpus-ukom-2024/public/index.php')
INFO - 2024-02-26 05:00:12 --> Session: Class initialized using 'CodeIgniter\Session\Handlers\FileHandler' driver.
WARNING - 2024-02-26 05:00:17 --> [DEPRECATED] Creation of dynamic property App\Controllers\Auth::$ModelPetugas is deprecated in APPPATH/Controllers/Auth.php on line 11.
 1 SYSTEMPATH/CodeIgniter.php(914): App\Controllers\Auth->__construct()
 2 SYSTEMPATH/CodeIgniter.php(493): CodeIgniter\CodeIgniter->createController()
 3 SYSTEMPATH/CodeIgniter.php(361): CodeIgniter\CodeIgniter->handleRequest(null, Object(Config\Cache), false)
 4 FCPATH/index.php(79): CodeIgniter\CodeIgniter->run()
 5 SYSTEMPATH/Commands/Server/rewrite.php(47): require_once('/home/madi/Documents/project/ci4/perpus-ukom-2024/public/index.php')
WARNING - 2024-02-26 05:00:17 --> [DEPRECATED] Creation of dynamic property App\Controllers\Auth::$ModelMember is deprecated in APPPATH/Controllers/Auth.php on line 12.
 1 SYSTEMPATH/CodeIgniter.php(914): App\Controllers\Auth->__construct()
 2 SYSTEMPATH/CodeIgniter.php(493): CodeIgniter\CodeIgniter->createController()
 3 SYSTEMPATH/CodeIgniter.php(361): CodeIgniter\CodeIgniter->handleRequest(null, Object(Config\Cache), false)
 4 FCPATH/index.php(79): CodeIgniter\CodeIgniter->run()
 5 SYSTEMPATH/Commands/Server/rewrite.php(47): require_once('/home/madi/Documents/project/ci4/perpus-ukom-2024/public/index.php')
INFO - 2024-02-26 05:00:17 --> Session: Class initialized using 'CodeIgniter\Session\Handlers\FileHandler' driver.
WARNING - 2024-02-26 05:00:17 --> [DEPRECATED] Creation of dynamic property App\Controllers\Member::$ModelBuku is deprecated in APPPATH/Controllers/Member.php on line 16.
 1 SYSTEMPATH/CodeIgniter.php(914): App\Controllers\Member->__construct()
 2 SYSTEMPATH/CodeIgniter.php(493): CodeIgniter\CodeIgniter->createController()
 3 SYSTEMPATH/CodeIgniter.php(361): CodeIgniter\CodeIgniter->handleRequest(null, Object(Config\Cache), false)
 4 FCPATH/index.php(79): CodeIgniter\CodeIgniter->run()
 5 SYSTEMPATH/Commands/Server/rewrite.php(47): require_once('/home/madi/Documents/project/ci4/perpus-ukom-2024/public/index.php')
WARNING - 2024-02-26 05:00:17 --> [DEPRECATED] Creation of dynamic property App\Controllers\Member::$ModelMember is deprecated in APPPATH/Controllers/Member.php on line 17.
 1 SYSTEMPATH/CodeIgniter.php(914): App\Controllers\Member->__construct()
 2 SYSTEMPATH/CodeIgniter.php(493): CodeIgniter\CodeIgniter->createController()
 3 SYSTEMPATH/CodeIgniter.php(361): CodeIgniter\CodeIgniter->handleRequest(null, Object(Config\Cache), false)
 4 FCPATH/index.php(79): CodeIgniter\CodeIgniter->run()
 5 SYSTEMPATH/Commands/Server/rewrite.php(47): require_once('/home/madi/Documents/project/ci4/perpus-ukom-2024/public/index.php')
WARNING - 2024-02-26 05:00:17 --> [DEPRECATED] Creation of dynamic property App\Controllers\Member::$ModelPeminjaman is deprecated in APPPATH/Controllers/Member.php on line 18.
 1 SYSTEMPATH/CodeIgniter.php(914): App\Controllers\Member->__construct()
 2 SYSTEMPATH/CodeIgniter.php(493): CodeIgniter\CodeIgniter->createController()
 3 SYSTEMPATH/CodeIgniter.php(361): CodeIgniter\CodeIgniter->handleRequest(null, Object(Config\Cache), false)
 4 FCPATH/index.php(79): CodeIgniter\CodeIgniter->run()
 5 SYSTEMPATH/Commands/Server/rewrite.php(47): require_once('/home/madi/Documents/project/ci4/perpus-ukom-2024/public/index.php')
WARNING - 2024-02-26 05:00:17 --> [DEPRECATED] Creation of dynamic property App\Controllers\Member::$ModelPengembalian is deprecated in APPPATH/Controllers/Member.php on line 19.
 1 SYSTEMPATH/CodeIgniter.php(914): App\Controllers\Member->__construct()
 2 SYSTEMPATH/CodeIgniter.php(493): CodeIgniter\CodeIgniter->createController()
 3 SYSTEMPATH/CodeIgniter.php(361): CodeIgniter\CodeIgniter->handleRequest(null, Object(Config\Cache), false)
 4 FCPATH/index.php(79): CodeIgniter\CodeIgniter->run()
 5 SYSTEMPATH/Commands/Server/rewrite.php(47): require_once('/home/madi/Documents/project/ci4/perpus-ukom-2024/public/index.php')
WARNING - 2024-02-26 05:00:17 --> [DEPRECATED] Creation of dynamic property App\Controllers\Member::$ModelUlasan is deprecated in APPPATH/Controllers/Member.php on line 20.
 1 SYSTEMPATH/CodeIgniter.php(914): App\Controllers\Member->__construct()
 2 SYSTEMPATH/CodeIgniter.php(493): CodeIgniter\CodeIgniter->createController()
 3 SYSTEMPATH/CodeIgniter.php(361): CodeIgniter\CodeIgniter->handleRequest(null, Object(Config\Cache), false)
 4 FCPATH/index.php(79): CodeIgniter\CodeIgniter->run()
 5 SYSTEMPATH/Commands/Server/rewrite.php(47): require_once('/home/madi/Documents/project/ci4/perpus-ukom-2024/public/index.php')
WARNING - 2024-02-26 05:00:17 --> [DEPRECATED] Creation of dynamic property App\Controllers\Member::$ModelKoleksiBuku is deprecated in APPPATH/Controllers/Member.php on line 21.
 1 SYSTEMPATH/CodeIgniter.php(914): App\Controllers\Member->__construct()
 2 SYSTEMPATH/CodeIgniter.php(493): CodeIgniter\CodeIgniter->createController()
 3 SYSTEMPATH/CodeIgniter.php(361): CodeIgniter\CodeIgniter->handleRequest(null, Object(Config\Cache), false)
 4 FCPATH/index.php(79): CodeIgniter\CodeIgniter->run()
 5 SYSTEMPATH/Commands/Server/rewrite.php(47): require_once('/home/madi/Documents/project/ci4/perpus-ukom-2024/public/index.php')
WARNING - 2024-02-26 05:00:17 --> [DEPRECATED] Creation of dynamic property App\Controllers\Member::$ModelKategoriBuku is deprecated in APPPATH/Controllers/Member.php on line 22.
 1 SYSTEMPATH/CodeIgniter.php(914): App\Controllers\Member->__construct()
 2 SYSTEMPATH/CodeIgniter.php(493): CodeIgniter\CodeIgniter->createController()
 3 SYSTEMPATH/CodeIgniter.php(361): CodeIgniter\CodeIgniter->handleRequest(null, Object(Config\Cache), false)
 4 FCPATH/index.php(79): CodeIgniter\CodeIgniter->run()
 5 SYSTEMPATH/Commands/Server/rewrite.php(47): require_once('/home/madi/Documents/project/ci4/perpus-ukom-2024/public/index.php')
INFO - 2024-02-26 05:00:17 --> Session: Class initialized using 'CodeIgniter\Session\Handlers\FileHandler' driver.
WARNING - 2024-02-26 05:00:21 --> [DEPRECATED] Creation of dynamic property App\Controllers\Member::$ModelBuku is deprecated in APPPATH/Controllers/Member.php on line 16.
 1 SYSTEMPATH/CodeIgniter.php(914): App\Controllers\Member->__construct()
 2 SYSTEMPATH/CodeIgniter.php(493): CodeIgniter\CodeIgniter->createController()
 3 SYSTEMPATH/CodeIgniter.php(361): CodeIgniter\CodeIgniter->handleRequest(null, Object(Config\Cache), false)
 4 FCPATH/index.php(79): CodeIgniter\CodeIgniter->run()
 5 SYSTEMPATH/Commands/Server/rewrite.php(47): require_once('/home/madi/Documents/project/ci4/perpus-ukom-2024/public/index.php')
WARNING - 2024-02-26 05:00:21 --> [DEPRECATED] Creation of dynamic property App\Controllers\Member::$ModelMember is deprecated in APPPATH/Controllers/Member.php on line 17.
 1 SYSTEMPATH/CodeIgniter.php(914): App\Controllers\Member->__construct()
 2 SYSTEMPATH/CodeIgniter.php(493): CodeIgniter\CodeIgniter->createController()
 3 SYSTEMPATH/CodeIgniter.php(361): CodeIgniter\CodeIgniter->handleRequest(null, Object(Config\Cache), false)
 4 FCPATH/index.php(79): CodeIgniter\CodeIgniter->run()
 5 SYSTEMPATH/Commands/Server/rewrite.php(47): require_once('/home/madi/Documents/project/ci4/perpus-ukom-2024/public/index.php')
WARNING - 2024-02-26 05:00:21 --> [DEPRECATED] Creation of dynamic property App\Controllers\Member::$ModelPeminjaman is deprecated in APPPATH/Controllers/Member.php on line 18.
 1 SYSTEMPATH/CodeIgniter.php(914): App\Controllers\Member->__construct()
 2 SYSTEMPATH/CodeIgniter.php(493): CodeIgniter\CodeIgniter->createController()
 3 SYSTEMPATH/CodeIgniter.php(361): CodeIgniter\CodeIgniter->handleRequest(null, Object(Config\Cache), false)
 4 FCPATH/index.php(79): CodeIgniter\CodeIgniter->run()
 5 SYSTEMPATH/Commands/Server/rewrite.php(47): require_once('/home/madi/Documents/project/ci4/perpus-ukom-2024/public/index.php')
WARNING - 2024-02-26 05:00:21 --> [DEPRECATED] Creation of dynamic property App\Controllers\Member::$ModelPengembalian is deprecated in APPPATH/Controllers/Member.php on line 19.
 1 SYSTEMPATH/CodeIgniter.php(914): App\Controllers\Member->__construct()
 2 SYSTEMPATH/CodeIgniter.php(493): CodeIgniter\CodeIgniter->createController()
 3 SYSTEMPATH/CodeIgniter.php(361): CodeIgniter\CodeIgniter->handleRequest(null, Object(Config\Cache), false)
 4 FCPATH/index.php(79): CodeIgniter\CodeIgniter->run()
 5 SYSTEMPATH/Commands/Server/rewrite.php(47): require_once('/home/madi/Documents/project/ci4/perpus-ukom-2024/public/index.php')
WARNING - 2024-02-26 05:00:21 --> [DEPRECATED] Creation of dynamic property App\Controllers\Member::$ModelUlasan is deprecated in APPPATH/Controllers/Member.php on line 20.
 1 SYSTEMPATH/CodeIgniter.php(914): App\Controllers\Member->__construct()
 2 SYSTEMPATH/CodeIgniter.php(493): CodeIgniter\CodeIgniter->createController()
 3 SYSTEMPATH/CodeIgniter.php(361): CodeIgniter\CodeIgniter->handleRequest(null, Object(Config\Cache), false)
 4 FCPATH/index.php(79): CodeIgniter\CodeIgniter->run()
 5 SYSTEMPATH/Commands/Server/rewrite.php(47): require_once('/home/madi/Documents/project/ci4/perpus-ukom-2024/public/index.php')
WARNING - 2024-02-26 05:00:21 --> [DEPRECATED] Creation of dynamic property App\Controllers\Member::$ModelKoleksiBuku is deprecated in APPPATH/Controllers/Member.php on line 21.
 1 SYSTEMPATH/CodeIgniter.php(914): App\Controllers\Member->__construct()
 2 SYSTEMPATH/CodeIgniter.php(493): CodeIgniter\CodeIgniter->createController()
 3 SYSTEMPATH/CodeIgniter.php(361): CodeIgniter\CodeIgniter->handleRequest(null, Object(Config\Cache), false)
 4 FCPATH/index.php(79): CodeIgniter\CodeIgniter->run()
 5 SYSTEMPATH/Commands/Server/rewrite.php(47): require_once('/home/madi/Documents/project/ci4/perpus-ukom-2024/public/index.php')
WARNING - 2024-02-26 05:00:21 --> [DEPRECATED] Creation of dynamic property App\Controllers\Member::$ModelKategoriBuku is deprecated in APPPATH/Controllers/Member.php on line 22.
 1 SYSTEMPATH/CodeIgniter.php(914): App\Controllers\Member->__construct()
 2 SYSTEMPATH/CodeIgniter.php(493): CodeIgniter\CodeIgniter->createController()
 3 SYSTEMPATH/CodeIgniter.php(361): CodeIgniter\CodeIgniter->handleRequest(null, Object(Config\Cache), false)
 4 FCPATH/index.php(79): CodeIgniter\CodeIgniter->run()
 5 SYSTEMPATH/Commands/Server/rewrite.php(47): require_once('/home/madi/Documents/project/ci4/perpus-ukom-2024/public/index.php')
INFO - 2024-02-26 05:00:21 --> Session: Class initialized using 'CodeIgniter\Session\Handlers\FileHandler' driver.
WARNING - 2024-02-26 05:01:08 --> [DEPRECATED] Creation of dynamic property App\Controllers\Member::$ModelBuku is deprecated in APPPATH/Controllers/Member.php on line 16.
 1 SYSTEMPATH/CodeIgniter.php(914): App\Controllers\Member->__construct()
 2 SYSTEMPATH/CodeIgniter.php(493): CodeIgniter\CodeIgniter->createController()
 3 SYSTEMPATH/CodeIgniter.php(361): CodeIgniter\CodeIgniter->handleRequest(null, Object(Config\Cache), false)
 4 FCPATH/index.php(79): CodeIgniter\CodeIgniter->run()
 5 SYSTEMPATH/Commands/Server/rewrite.php(47): require_once('/home/madi/Documents/project/ci4/perpus-ukom-2024/public/index.php')
WARNING - 2024-02-26 05:01:08 --> [DEPRECATED] Creation of dynamic property App\Controllers\Member::$ModelMember is deprecated in APPPATH/Controllers/Member.php on line 17.
 1 SYSTEMPATH/CodeIgniter.php(914): App\Controllers\Member->__construct()
 2 SYSTEMPATH/CodeIgniter.php(493): CodeIgniter\CodeIgniter->createController()
 3 SYSTEMPATH/CodeIgniter.php(361): CodeIgniter\CodeIgniter->handleRequest(null, Object(Config\Cache), false)
 4 FCPATH/index.php(79): CodeIgniter\CodeIgniter->run()
 5 SYSTEMPATH/Commands/Server/rewrite.php(47): require_once('/home/madi/Documents/project/ci4/perpus-ukom-2024/public/index.php')
WARNING - 2024-02-26 05:01:08 --> [DEPRECATED] Creation of dynamic property App\Controllers\Member::$ModelPeminjaman is deprecated in APPPATH/Controllers/Member.php on line 18.
 1 SYSTEMPATH/CodeIgniter.php(914): App\Controllers\Member->__construct()
 2 SYSTEMPATH/CodeIgniter.php(493): CodeIgniter\CodeIgniter->createController()
 3 SYSTEMPATH/CodeIgniter.php(361): CodeIgniter\CodeIgniter->handleRequest(null, Object(Config\Cache), false)
 4 FCPATH/index.php(79): CodeIgniter\CodeIgniter->run()
 5 SYSTEMPATH/Commands/Server/rewrite.php(47): require_once('/home/madi/Documents/project/ci4/perpus-ukom-2024/public/index.php')
WARNING - 2024-02-26 05:01:08 --> [DEPRECATED] Creation of dynamic property App\Controllers\Member::$ModelPengembalian is deprecated in APPPATH/Controllers/Member.php on line 19.
 1 SYSTEMPATH/CodeIgniter.php(914): App\Controllers\Member->__construct()
 2 SYSTEMPATH/CodeIgniter.php(493): CodeIgniter\CodeIgniter->createController()
 3 SYSTEMPATH/CodeIgniter.php(361): CodeIgniter\CodeIgniter->handleRequest(null, Object(Config\Cache), false)
 4 FCPATH/index.php(79): CodeIgniter\CodeIgniter->run()
 5 SYSTEMPATH/Commands/Server/rewrite.php(47): require_once('/home/madi/Documents/project/ci4/perpus-ukom-2024/public/index.php')
WARNING - 2024-02-26 05:01:08 --> [DEPRECATED] Creation of dynamic property App\Controllers\Member::$ModelUlasan is deprecated in APPPATH/Controllers/Member.php on line 20.
 1 SYSTEMPATH/CodeIgniter.php(914): App\Controllers\Member->__construct()
 2 SYSTEMPATH/CodeIgniter.php(493): CodeIgniter\CodeIgniter->createController()
 3 SYSTEMPATH/CodeIgniter.php(361): CodeIgniter\CodeIgniter->handleRequest(null, Object(Config\Cache), false)
 4 FCPATH/index.php(79): CodeIgniter\CodeIgniter->run()
 5 SYSTEMPATH/Commands/Server/rewrite.php(47): require_once('/home/madi/Documents/project/ci4/perpus-ukom-2024/public/index.php')
WARNING - 2024-02-26 05:01:08 --> [DEPRECATED] Creation of dynamic property App\Controllers\Member::$ModelKoleksiBuku is deprecated in APPPATH/Controllers/Member.php on line 21.
 1 SYSTEMPATH/CodeIgniter.php(914): App\Controllers\Member->__construct()
 2 SYSTEMPATH/CodeIgniter.php(493): CodeIgniter\CodeIgniter->createController()
 3 SYSTEMPATH/CodeIgniter.php(361): CodeIgniter\CodeIgniter->handleRequest(null, Object(Config\Cache), false)
 4 FCPATH/index.php(79): CodeIgniter\CodeIgniter->run()
 5 SYSTEMPATH/Commands/Server/rewrite.php(47): require_once('/home/madi/Documents/project/ci4/perpus-ukom-2024/public/index.php')
WARNING - 2024-02-26 05:01:08 --> [DEPRECATED] Creation of dynamic property App\Controllers\Member::$ModelKategoriBuku is deprecated in APPPATH/Controllers/Member.php on line 22.
 1 SYSTEMPATH/CodeIgniter.php(914): App\Controllers\Member->__construct()
 2 SYSTEMPATH/CodeIgniter.php(493): CodeIgniter\CodeIgniter->createController()
 3 SYSTEMPATH/CodeIgniter.php(361): CodeIgniter\CodeIgniter->handleRequest(null, Object(Config\Cache), false)
 4 FCPATH/index.php(79): CodeIgniter\CodeIgniter->run()
 5 SYSTEMPATH/Commands/Server/rewrite.php(47): require_once('/home/madi/Documents/project/ci4/perpus-ukom-2024/public/index.php')
INFO - 2024-02-26 05:01:08 --> Session: Class initialized using 'CodeIgniter\Session\Handlers\FileHandler' driver.
WARNING - 2024-02-26 05:01:17 --> [DEPRECATED] Creation of dynamic property App\Controllers\Member::$ModelBuku is deprecated in APPPATH/Controllers/Member.php on line 16.
 1 SYSTEMPATH/CodeIgniter.php(914): App\Controllers\Member->__construct()
 2 SYSTEMPATH/CodeIgniter.php(493): CodeIgniter\CodeIgniter->createController()
 3 SYSTEMPATH/CodeIgniter.php(361): CodeIgniter\CodeIgniter->handleRequest(null, Object(Config\Cache), false)
 4 FCPATH/index.php(79): CodeIgniter\CodeIgniter->run()
 5 SYSTEMPATH/Commands/Server/rewrite.php(47): require_once('/home/madi/Documents/project/ci4/perpus-ukom-2024/public/index.php')
WARNING - 2024-02-26 05:01:17 --> [DEPRECATED] Creation of dynamic property App\Controllers\Member::$ModelMember is deprecated in APPPATH/Controllers/Member.php on line 17.
 1 SYSTEMPATH/CodeIgniter.php(914): App\Controllers\Member->__construct()
 2 SYSTEMPATH/CodeIgniter.php(493): CodeIgniter\CodeIgniter->createController()
 3 SYSTEMPATH/CodeIgniter.php(361): CodeIgniter\CodeIgniter->handleRequest(null, Object(Config\Cache), false)
 4 FCPATH/index.php(79): CodeIgniter\CodeIgniter->run()
 5 SYSTEMPATH/Commands/Server/rewrite.php(47): require_once('/home/madi/Documents/project/ci4/perpus-ukom-2024/public/index.php')
WARNING - 2024-02-26 05:01:17 --> [DEPRECATED] Creation of dynamic property App\Controllers\Member::$ModelPeminjaman is deprecated in APPPATH/Controllers/Member.php on line 18.
 1 SYSTEMPATH/CodeIgniter.php(914): App\Controllers\Member->__construct()
 2 SYSTEMPATH/CodeIgniter.php(493): CodeIgniter\CodeIgniter->createController()
 3 SYSTEMPATH/CodeIgniter.php(361): CodeIgniter\CodeIgniter->handleRequest(null, Object(Config\Cache), false)
 4 FCPATH/index.php(79): CodeIgniter\CodeIgniter->run()
 5 SYSTEMPATH/Commands/Server/rewrite.php(47): require_once('/home/madi/Documents/project/ci4/perpus-ukom-2024/public/index.php')
WARNING - 2024-02-26 05:01:17 --> [DEPRECATED] Creation of dynamic property App\Controllers\Member::$ModelPengembalian is deprecated in APPPATH/Controllers/Member.php on line 19.
 1 SYSTEMPATH/CodeIgniter.php(914): App\Controllers\Member->__construct()
 2 SYSTEMPATH/CodeIgniter.php(493): CodeIgniter\CodeIgniter->createController()
 3 SYSTEMPATH/CodeIgniter.php(361): CodeIgniter\CodeIgniter->handleRequest(null, Object(Config\Cache), false)
 4 FCPATH/index.php(79): CodeIgniter\CodeIgniter->run()
 5 SYSTEMPATH/Commands/Server/rewrite.php(47): require_once('/home/madi/Documents/project/ci4/perpus-ukom-2024/public/index.php')
WARNING - 2024-02-26 05:01:17 --> [DEPRECATED] Creation of dynamic property App\Controllers\Member::$ModelUlasan is deprecated in APPPATH/Controllers/Member.php on line 20.
 1 SYSTEMPATH/CodeIgniter.php(914): App\Controllers\Member->__construct()
 2 SYSTEMPATH/CodeIgniter.php(493): CodeIgniter\CodeIgniter->createController()
 3 SYSTEMPATH/CodeIgniter.php(361): CodeIgniter\CodeIgniter->handleRequest(null, Object(Config\Cache), false)
 4 FCPATH/index.php(79): CodeIgniter\CodeIgniter->run()
 5 SYSTEMPATH/Commands/Server/rewrite.php(47): require_once('/home/madi/Documents/project/ci4/perpus-ukom-2024/public/index.php')
WARNING - 2024-02-26 05:01:17 --> [DEPRECATED] Creation of dynamic property App\Controllers\Member::$ModelKoleksiBuku is deprecated in APPPATH/Controllers/Member.php on line 21.
 1 SYSTEMPATH/CodeIgniter.php(914): App\Controllers\Member->__construct()
 2 SYSTEMPATH/CodeIgniter.php(493): CodeIgniter\CodeIgniter->createController()
 3 SYSTEMPATH/CodeIgniter.php(361): CodeIgniter\CodeIgniter->handleRequest(null, Object(Config\Cache), false)
 4 FCPATH/index.php(79): CodeIgniter\CodeIgniter->run()
 5 SYSTEMPATH/Commands/Server/rewrite.php(47): require_once('/home/madi/Documents/project/ci4/perpus-ukom-2024/public/index.php')
WARNING - 2024-02-26 05:01:17 --> [DEPRECATED] Creation of dynamic property App\Controllers\Member::$ModelKategoriBuku is deprecated in APPPATH/Controllers/Member.php on line 22.
 1 SYSTEMPATH/CodeIgniter.php(914): App\Controllers\Member->__construct()
 2 SYSTEMPATH/CodeIgniter.php(493): CodeIgniter\CodeIgniter->createController()
 3 SYSTEMPATH/CodeIgniter.php(361): CodeIgniter\CodeIgniter->handleRequest(null, Object(Config\Cache), false)
 4 FCPATH/index.php(79): CodeIgniter\CodeIgniter->run()
 5 SYSTEMPATH/Commands/Server/rewrite.php(47): require_once('/home/madi/Documents/project/ci4/perpus-ukom-2024/public/index.php')
INFO - 2024-02-26 05:01:17 --> Session: Class initialized using 'CodeIgniter\Session\Handlers\FileHandler' driver.
WARNING - 2024-02-26 05:01:24 --> [DEPRECATED] Creation of dynamic property App\Controllers\Member::$ModelBuku is deprecated in APPPATH/Controllers/Member.php on line 16.
 1 SYSTEMPATH/CodeIgniter.php(914): App\Controllers\Member->__construct()
 2 SYSTEMPATH/CodeIgniter.php(493): CodeIgniter\CodeIgniter->createController()
 3 SYSTEMPATH/CodeIgniter.php(361): CodeIgniter\CodeIgniter->handleRequest(null, Object(Config\Cache), false)
 4 FCPATH/index.php(79): CodeIgniter\CodeIgniter->run()
 5 SYSTEMPATH/Commands/Server/rewrite.php(47): require_once('/home/madi/Documents/project/ci4/perpus-ukom-2024/public/index.php')
WARNING - 2024-02-26 05:01:24 --> [DEPRECATED] Creation of dynamic property App\Controllers\Member::$ModelMember is deprecated in APPPATH/Controllers/Member.php on line 17.
 1 SYSTEMPATH/CodeIgniter.php(914): App\Controllers\Member->__construct()
 2 SYSTEMPATH/CodeIgniter.php(493): CodeIgniter\CodeIgniter->createController()
 3 SYSTEMPATH/CodeIgniter.php(361): CodeIgniter\CodeIgniter->handleRequest(null, Object(Config\Cache), false)
 4 FCPATH/index.php(79): CodeIgniter\CodeIgniter->run()
 5 SYSTEMPATH/Commands/Server/rewrite.php(47): require_once('/home/madi/Documents/project/ci4/perpus-ukom-2024/public/index.php')
WARNING - 2024-02-26 05:01:24 --> [DEPRECATED] Creation of dynamic property App\Controllers\Member::$ModelPeminjaman is deprecated in APPPATH/Controllers/Member.php on line 18.
 1 SYSTEMPATH/CodeIgniter.php(914): App\Controllers\Member->__construct()
 2 SYSTEMPATH/CodeIgniter.php(493): CodeIgniter\CodeIgniter->createController()
 3 SYSTEMPATH/CodeIgniter.php(361): CodeIgniter\CodeIgniter->handleRequest(null, Object(Config\Cache), false)
 4 FCPATH/index.php(79): CodeIgniter\CodeIgniter->run()
 5 SYSTEMPATH/Commands/Server/rewrite.php(47): require_once('/home/madi/Documents/project/ci4/perpus-ukom-2024/public/index.php')
WARNING - 2024-02-26 05:01:24 --> [DEPRECATED] Creation of dynamic property App\Controllers\Member::$ModelPengembalian is deprecated in APPPATH/Controllers/Member.php on line 19.
 1 SYSTEMPATH/CodeIgniter.php(914): App\Controllers\Member->__construct()
 2 SYSTEMPATH/CodeIgniter.php(493): CodeIgniter\CodeIgniter->createController()
 3 SYSTEMPATH/CodeIgniter.php(361): CodeIgniter\CodeIgniter->handleRequest(null, Object(Config\Cache), false)
 4 FCPATH/index.php(79): CodeIgniter\CodeIgniter->run()
 5 SYSTEMPATH/Commands/Server/rewrite.php(47): require_once('/home/madi/Documents/project/ci4/perpus-ukom-2024/public/index.php')
WARNING - 2024-02-26 05:01:24 --> [DEPRECATED] Creation of dynamic property App\Controllers\Member::$ModelUlasan is deprecated in APPPATH/Controllers/Member.php on line 20.
 1 SYSTEMPATH/CodeIgniter.php(914): App\Controllers\Member->__construct()
 2 SYSTEMPATH/CodeIgniter.php(493): CodeIgniter\CodeIgniter->createController()
 3 SYSTEMPATH/CodeIgniter.php(361): CodeIgniter\CodeIgniter->handleRequest(null, Object(Config\Cache), false)
 4 FCPATH/index.php(79): CodeIgniter\CodeIgniter->run()
 5 SYSTEMPATH/Commands/Server/rewrite.php(47): require_once('/home/madi/Documents/project/ci4/perpus-ukom-2024/public/index.php')
WARNING - 2024-02-26 05:01:24 --> [DEPRECATED] Creation of dynamic property App\Controllers\Member::$ModelKoleksiBuku is deprecated in APPPATH/Controllers/Member.php on line 21.
 1 SYSTEMPATH/CodeIgniter.php(914): App\Controllers\Member->__construct()
 2 SYSTEMPATH/CodeIgniter.php(493): CodeIgniter\CodeIgniter->createController()
 3 SYSTEMPATH/CodeIgniter.php(361): CodeIgniter\CodeIgniter->handleRequest(null, Object(Config\Cache), false)
 4 FCPATH/index.php(79): CodeIgniter\CodeIgniter->run()
 5 SYSTEMPATH/Commands/Server/rewrite.php(47): require_once('/home/madi/Documents/project/ci4/perpus-ukom-2024/public/index.php')
WARNING - 2024-02-26 05:01:24 --> [DEPRECATED] Creation of dynamic property App\Controllers\Member::$ModelKategoriBuku is deprecated in APPPATH/Controllers/Member.php on line 22.
 1 SYSTEMPATH/CodeIgniter.php(914): App\Controllers\Member->__construct()
 2 SYSTEMPATH/CodeIgniter.php(493): CodeIgniter\CodeIgniter->createController()
 3 SYSTEMPATH/CodeIgniter.php(361): CodeIgniter\CodeIgniter->handleRequest(null, Object(Config\Cache), false)
 4 FCPATH/index.php(79): CodeIgniter\CodeIgniter->run()
 5 SYSTEMPATH/Commands/Server/rewrite.php(47): require_once('/home/madi/Documents/project/ci4/perpus-ukom-2024/public/index.php')
INFO - 2024-02-26 05:01:24 --> Session: Class initialized using 'CodeIgniter\Session\Handlers\FileHandler' driver.
WARNING - 2024-02-26 05:01:29 --> [DEPRECATED] Creation of dynamic property App\Controllers\Member::$ModelBuku is deprecated in APPPATH/Controllers/Member.php on line 16.
 1 SYSTEMPATH/CodeIgniter.php(914): App\Controllers\Member->__construct()
 2 SYSTEMPATH/CodeIgniter.php(493): CodeIgniter\CodeIgniter->createController()
 3 SYSTEMPATH/CodeIgniter.php(361): CodeIgniter\CodeIgniter->handleRequest(null, Object(Config\Cache), false)
 4 FCPATH/index.php(79): CodeIgniter\CodeIgniter->run()
 5 SYSTEMPATH/Commands/Server/rewrite.php(47): require_once('/home/madi/Documents/project/ci4/perpus-ukom-2024/public/index.php')
WARNING - 2024-02-26 05:01:29 --> [DEPRECATED] Creation of dynamic property App\Controllers\Member::$ModelMember is deprecated in APPPATH/Controllers/Member.php on line 17.
 1 SYSTEMPATH/CodeIgniter.php(914): App\Controllers\Member->__construct()
 2 SYSTEMPATH/CodeIgniter.php(493): CodeIgniter\CodeIgniter->createController()
 3 SYSTEMPATH/CodeIgniter.php(361): CodeIgniter\CodeIgniter->handleRequest(null, Object(Config\Cache), false)
 4 FCPATH/index.php(79): CodeIgniter\CodeIgniter->run()
 5 SYSTEMPATH/Commands/Server/rewrite.php(47): require_once('/home/madi/Documents/project/ci4/perpus-ukom-2024/public/index.php')
WARNING - 2024-02-26 05:01:29 --> [DEPRECATED] Creation of dynamic property App\Controllers\Member::$ModelPeminjaman is deprecated in APPPATH/Controllers/Member.php on line 18.
 1 SYSTEMPATH/CodeIgniter.php(914): App\Controllers\Member->__construct()
 2 SYSTEMPATH/CodeIgniter.php(493): CodeIgniter\CodeIgniter->createController()
 3 SYSTEMPATH/CodeIgniter.php(361): CodeIgniter\CodeIgniter->handleRequest(null, Object(Config\Cache), false)
 4 FCPATH/index.php(79): CodeIgniter\CodeIgniter->run()
 5 SYSTEMPATH/Commands/Server/rewrite.php(47): require_once('/home/madi/Documents/project/ci4/perpus-ukom-2024/public/index.php')
WARNING - 2024-02-26 05:01:29 --> [DEPRECATED] Creation of dynamic property App\Controllers\Member::$ModelPengembalian is deprecated in APPPATH/Controllers/Member.php on line 19.
 1 SYSTEMPATH/CodeIgniter.php(914): App\Controllers\Member->__construct()
 2 SYSTEMPATH/CodeIgniter.php(493): CodeIgniter\CodeIgniter->createController()
 3 SYSTEMPATH/CodeIgniter.php(361): CodeIgniter\CodeIgniter->handleRequest(null, Object(Config\Cache), false)
 4 FCPATH/index.php(79): CodeIgniter\CodeIgniter->run()
 5 SYSTEMPATH/Commands/Server/rewrite.php(47): require_once('/home/madi/Documents/project/ci4/perpus-ukom-2024/public/index.php')
WARNING - 2024-02-26 05:01:29 --> [DEPRECATED] Creation of dynamic property App\Controllers\Member::$ModelUlasan is deprecated in APPPATH/Controllers/Member.php on line 20.
 1 SYSTEMPATH/CodeIgniter.php(914): App\Controllers\Member->__construct()
 2 SYSTEMPATH/CodeIgniter.php(493): CodeIgniter\CodeIgniter->createController()
 3 SYSTEMPATH/CodeIgniter.php(361): CodeIgniter\CodeIgniter->handleRequest(null, Object(Config\Cache), false)
 4 FCPATH/index.php(79): CodeIgniter\CodeIgniter->run()
 5 SYSTEMPATH/Commands/Server/rewrite.php(47): require_once('/home/madi/Documents/project/ci4/perpus-ukom-2024/public/index.php')
WARNING - 2024-02-26 05:01:29 --> [DEPRECATED] Creation of dynamic property App\Controllers\Member::$ModelKoleksiBuku is deprecated in APPPATH/Controllers/Member.php on line 21.
 1 SYSTEMPATH/CodeIgniter.php(914): App\Controllers\Member->__construct()
 2 SYSTEMPATH/CodeIgniter.php(493): CodeIgniter\CodeIgniter->createController()
 3 SYSTEMPATH/CodeIgniter.php(361): CodeIgniter\CodeIgniter->handleRequest(null, Object(Config\Cache), false)
 4 FCPATH/index.php(79): CodeIgniter\CodeIgniter->run()
 5 SYSTEMPATH/Commands/Server/rewrite.php(47): require_once('/home/madi/Documents/project/ci4/perpus-ukom-2024/public/index.php')
WARNING - 2024-02-26 05:01:29 --> [DEPRECATED] Creation of dynamic property App\Controllers\Member::$ModelKategoriBuku is deprecated in APPPATH/Controllers/Member.php on line 22.
 1 SYSTEMPATH/CodeIgniter.php(914): App\Controllers\Member->__construct()
 2 SYSTEMPATH/CodeIgniter.php(493): CodeIgniter\CodeIgniter->createController()
 3 SYSTEMPATH/CodeIgniter.php(361): CodeIgniter\CodeIgniter->handleRequest(null, Object(Config\Cache), false)
 4 FCPATH/index.php(79): CodeIgniter\CodeIgniter->run()
 5 SYSTEMPATH/Commands/Server/rewrite.php(47): require_once('/home/madi/Documents/project/ci4/perpus-ukom-2024/public/index.php')
INFO - 2024-02-26 05:01:29 --> Session: Class initialized using 'CodeIgniter\Session\Handlers\FileHandler' driver.
WARNING - 2024-02-26 05:01:58 --> [DEPRECATED] Creation of dynamic property App\Controllers\Member::$ModelBuku is deprecated in APPPATH/Controllers/Member.php on line 16.
 1 SYSTEMPATH/CodeIgniter.php(914): App\Controllers\Member->__construct()
 2 SYSTEMPATH/CodeIgniter.php(493): CodeIgniter\CodeIgniter->createController()
 3 SYSTEMPATH/CodeIgniter.php(361): CodeIgniter\CodeIgniter->handleRequest(null, Object(Config\Cache), false)
 4 FCPATH/index.php(79): CodeIgniter\CodeIgniter->run()
 5 SYSTEMPATH/Commands/Server/rewrite.php(47): require_once('/home/madi/Documents/project/ci4/perpus-ukom-2024/public/index.php')
WARNING - 2024-02-26 05:01:58 --> [DEPRECATED] Creation of dynamic property App\Controllers\Member::$ModelMember is deprecated in APPPATH/Controllers/Member.php on line 17.
 1 SYSTEMPATH/CodeIgniter.php(914): App\Controllers\Member->__construct()
 2 SYSTEMPATH/CodeIgniter.php(493): CodeIgniter\CodeIgniter->createController()
 3 SYSTEMPATH/CodeIgniter.php(361): CodeIgniter\CodeIgniter->handleRequest(null, Object(Config\Cache), false)
 4 FCPATH/index.php(79): CodeIgniter\CodeIgniter->run()
 5 SYSTEMPATH/Commands/Server/rewrite.php(47): require_once('/home/madi/Documents/project/ci4/perpus-ukom-2024/public/index.php')
WARNING - 2024-02-26 05:01:58 --> [DEPRECATED] Creation of dynamic property App\Controllers\Member::$ModelPeminjaman is deprecated in APPPATH/Controllers/Member.php on line 18.
 1 SYSTEMPATH/CodeIgniter.php(914): App\Controllers\Member->__construct()
 2 SYSTEMPATH/CodeIgniter.php(493): CodeIgniter\CodeIgniter->createController()
 3 SYSTEMPATH/CodeIgniter.php(361): CodeIgniter\CodeIgniter->handleRequest(null, Object(Config\Cache), false)
 4 FCPATH/index.php(79): CodeIgniter\CodeIgniter->run()
 5 SYSTEMPATH/Commands/Server/rewrite.php(47): require_once('/home/madi/Documents/project/ci4/perpus-ukom-2024/public/index.php')
WARNING - 2024-02-26 05:01:58 --> [DEPRECATED] Creation of dynamic property App\Controllers\Member::$ModelPengembalian is deprecated in APPPATH/Controllers/Member.php on line 19.
 1 SYSTEMPATH/CodeIgniter.php(914): App\Controllers\Member->__construct()
 2 SYSTEMPATH/CodeIgniter.php(493): CodeIgniter\CodeIgniter->createController()
 3 SYSTEMPATH/CodeIgniter.php(361): CodeIgniter\CodeIgniter->handleRequest(null, Object(Config\Cache), false)
 4 FCPATH/index.php(79): CodeIgniter\CodeIgniter->run()
 5 SYSTEMPATH/Commands/Server/rewrite.php(47): require_once('/home/madi/Documents/project/ci4/perpus-ukom-2024/public/index.php')
WARNING - 2024-02-26 05:01:58 --> [DEPRECATED] Creation of dynamic property App\Controllers\Member::$ModelUlasan is deprecated in APPPATH/Controllers/Member.php on line 20.
 1 SYSTEMPATH/CodeIgniter.php(914): App\Controllers\Member->__construct()
 2 SYSTEMPATH/CodeIgniter.php(493): CodeIgniter\CodeIgniter->createController()
 3 SYSTEMPATH/CodeIgniter.php(361): CodeIgniter\CodeIgniter->handleRequest(null, Object(Config\Cache), false)
 4 FCPATH/index.php(79): CodeIgniter\CodeIgniter->run()
 5 SYSTEMPATH/Commands/Server/rewrite.php(47): require_once('/home/madi/Documents/project/ci4/perpus-ukom-2024/public/index.php')
WARNING - 2024-02-26 05:01:58 --> [DEPRECATED] Creation of dynamic property App\Controllers\Member::$ModelKoleksiBuku is deprecated in APPPATH/Controllers/Member.php on line 21.
 1 SYSTEMPATH/CodeIgniter.php(914): App\Controllers\Member->__construct()
 2 SYSTEMPATH/CodeIgniter.php(493): CodeIgniter\CodeIgniter->createController()
 3 SYSTEMPATH/CodeIgniter.php(361): CodeIgniter\CodeIgniter->handleRequest(null, Object(Config\Cache), false)
 4 FCPATH/index.php(79): CodeIgniter\CodeIgniter->run()
 5 SYSTEMPATH/Commands/Server/rewrite.php(47): require_once('/home/madi/Documents/project/ci4/perpus-ukom-2024/public/index.php')
WARNING - 2024-02-26 05:01:58 --> [DEPRECATED] Creation of dynamic property App\Controllers\Member::$ModelKategoriBuku is deprecated in APPPATH/Controllers/Member.php on line 22.
 1 SYSTEMPATH/CodeIgniter.php(914): App\Controllers\Member->__construct()
 2 SYSTEMPATH/CodeIgniter.php(493): CodeIgniter\CodeIgniter->createController()
 3 SYSTEMPATH/CodeIgniter.php(361): CodeIgniter\CodeIgniter->handleRequest(null, Object(Config\Cache), false)
 4 FCPATH/index.php(79): CodeIgniter\CodeIgniter->run()
 5 SYSTEMPATH/Commands/Server/rewrite.php(47): require_once('/home/madi/Documents/project/ci4/perpus-ukom-2024/public/index.php')
INFO - 2024-02-26 05:01:58 --> Session: Class initialized using 'CodeIgniter\Session\Handlers\FileHandler' driver.
WARNING - 2024-02-26 05:02:16 --> [DEPRECATED] Creation of dynamic property App\Controllers\Member::$ModelBuku is deprecated in APPPATH/Controllers/Member.php on line 16.
 1 SYSTEMPATH/CodeIgniter.php(914): App\Controllers\Member->__construct()
 2 SYSTEMPATH/CodeIgniter.php(493): CodeIgniter\CodeIgniter->createController()
 3 SYSTEMPATH/CodeIgniter.php(361): CodeIgniter\CodeIgniter->handleRequest(null, Object(Config\Cache), false)
 4 FCPATH/index.php(79): CodeIgniter\CodeIgniter->run()
 5 SYSTEMPATH/Commands/Server/rewrite.php(47): require_once('/home/madi/Documents/project/ci4/perpus-ukom-2024/public/index.php')
WARNING - 2024-02-26 05:02:16 --> [DEPRECATED] Creation of dynamic property App\Controllers\Member::$ModelMember is deprecated in APPPATH/Controllers/Member.php on line 17.
 1 SYSTEMPATH/CodeIgniter.php(914): App\Controllers\Member->__construct()
 2 SYSTEMPATH/CodeIgniter.php(493): CodeIgniter\CodeIgniter->createController()
 3 SYSTEMPATH/CodeIgniter.php(361): CodeIgniter\CodeIgniter->handleRequest(null, Object(Config\Cache), false)
 4 FCPATH/index.php(79): CodeIgniter\CodeIgniter->run()
 5 SYSTEMPATH/Commands/Server/rewrite.php(47): require_once('/home/madi/Documents/project/ci4/perpus-ukom-2024/public/index.php')
WARNING - 2024-02-26 05:02:16 --> [DEPRECATED] Creation of dynamic property App\Controllers\Member::$ModelPeminjaman is deprecated in APPPATH/Controllers/Member.php on line 18.
 1 SYSTEMPATH/CodeIgniter.php(914): App\Controllers\Member->__construct()
 2 SYSTEMPATH/CodeIgniter.php(493): CodeIgniter\CodeIgniter->createController()
 3 SYSTEMPATH/CodeIgniter.php(361): CodeIgniter\CodeIgniter->handleRequest(null, Object(Config\Cache), false)
 4 FCPATH/index.php(79): CodeIgniter\CodeIgniter->run()
 5 SYSTEMPATH/Commands/Server/rewrite.php(47): require_once('/home/madi/Documents/project/ci4/perpus-ukom-2024/public/index.php')
WARNING - 2024-02-26 05:02:16 --> [DEPRECATED] Creation of dynamic property App\Controllers\Member::$ModelPengembalian is deprecated in APPPATH/Controllers/Member.php on line 19.
 1 SYSTEMPATH/CodeIgniter.php(914): App\Controllers\Member->__construct()
 2 SYSTEMPATH/CodeIgniter.php(493): CodeIgniter\CodeIgniter->createController()
 3 SYSTEMPATH/CodeIgniter.php(361): CodeIgniter\CodeIgniter->handleRequest(null, Object(Config\Cache), false)
 4 FCPATH/index.php(79): CodeIgniter\CodeIgniter->run()
 5 SYSTEMPATH/Commands/Server/rewrite.php(47): require_once('/home/madi/Documents/project/ci4/perpus-ukom-2024/public/index.php')
WARNING - 2024-02-26 05:02:16 --> [DEPRECATED] Creation of dynamic property App\Controllers\Member::$ModelUlasan is deprecated in APPPATH/Controllers/Member.php on line 20.
 1 SYSTEMPATH/CodeIgniter.php(914): App\Controllers\Member->__construct()
 2 SYSTEMPATH/CodeIgniter.php(493): CodeIgniter\CodeIgniter->createController()
 3 SYSTEMPATH/CodeIgniter.php(361): CodeIgniter\CodeIgniter->handleRequest(null, Object(Config\Cache), false)
 4 FCPATH/index.php(79): CodeIgniter\CodeIgniter->run()
 5 SYSTEMPATH/Commands/Server/rewrite.php(47): require_once('/home/madi/Documents/project/ci4/perpus-ukom-2024/public/index.php')
WARNING - 2024-02-26 05:02:16 --> [DEPRECATED] Creation of dynamic property App\Controllers\Member::$ModelKoleksiBuku is deprecated in APPPATH/Controllers/Member.php on line 21.
 1 SYSTEMPATH/CodeIgniter.php(914): App\Controllers\Member->__construct()
 2 SYSTEMPATH/CodeIgniter.php(493): CodeIgniter\CodeIgniter->createController()
 3 SYSTEMPATH/CodeIgniter.php(361): CodeIgniter\CodeIgniter->handleRequest(null, Object(Config\Cache), false)
 4 FCPATH/index.php(79): CodeIgniter\CodeIgniter->run()
 5 SYSTEMPATH/Commands/Server/rewrite.php(47): require_once('/home/madi/Documents/project/ci4/perpus-ukom-2024/public/index.php')
WARNING - 2024-02-26 05:02:16 --> [DEPRECATED] Creation of dynamic property App\Controllers\Member::$ModelKategoriBuku is deprecated in APPPATH/Controllers/Member.php on line 22.
 1 SYSTEMPATH/CodeIgniter.php(914): App\Controllers\Member->__construct()
 2 SYSTEMPATH/CodeIgniter.php(493): CodeIgniter\CodeIgniter->createController()
 3 SYSTEMPATH/CodeIgniter.php(361): CodeIgniter\CodeIgniter->handleRequest(null, Object(Config\Cache), false)
 4 FCPATH/index.php(79): CodeIgniter\CodeIgniter->run()
 5 SYSTEMPATH/Commands/Server/rewrite.php(47): require_once('/home/madi/Documents/project/ci4/perpus-ukom-2024/public/index.php')
INFO - 2024-02-26 05:02:16 --> Session: Class initialized using 'CodeIgniter\Session\Handlers\FileHandler' driver.
WARNING - 2024-02-26 06:19:28 --> [DEPRECATED] Creation of dynamic property App\Controllers\Member::$ModelBuku is deprecated in APPPATH/Controllers/Member.php on line 16.
 1 SYSTEMPATH/CodeIgniter.php(914): App\Controllers\Member->__construct()
 2 SYSTEMPATH/CodeIgniter.php(493): CodeIgniter\CodeIgniter->createController()
 3 SYSTEMPATH/CodeIgniter.php(361): CodeIgniter\CodeIgniter->handleRequest(null, Object(Config\Cache), false)
 4 FCPATH/index.php(79): CodeIgniter\CodeIgniter->run()
 5 SYSTEMPATH/Commands/Server/rewrite.php(47): require_once('/home/madi/Documents/project/ci4/perpus-ukom-2024/public/index.php')
WARNING - 2024-02-26 06:19:28 --> [DEPRECATED] Creation of dynamic property App\Controllers\Member::$ModelMember is deprecated in APPPATH/Controllers/Member.php on line 17.
 1 SYSTEMPATH/CodeIgniter.php(914): App\Controllers\Member->__construct()
 2 SYSTEMPATH/CodeIgniter.php(493): CodeIgniter\CodeIgniter->createController()
 3 SYSTEMPATH/CodeIgniter.php(361): CodeIgniter\CodeIgniter->handleRequest(null, Object(Config\Cache), false)
 4 FCPATH/index.php(79): CodeIgniter\CodeIgniter->run()
 5 SYSTEMPATH/Commands/Server/rewrite.php(47): require_once('/home/madi/Documents/project/ci4/perpus-ukom-2024/public/index.php')
WARNING - 2024-02-26 06:19:28 --> [DEPRECATED] Creation of dynamic property App\Controllers\Member::$ModelPeminjaman is deprecated in APPPATH/Controllers/Member.php on line 18.
 1 SYSTEMPATH/CodeIgniter.php(914): App\Controllers\Member->__construct()
 2 SYSTEMPATH/CodeIgniter.php(493): CodeIgniter\CodeIgniter->createController()
 3 SYSTEMPATH/CodeIgniter.php(361): CodeIgniter\CodeIgniter->handleRequest(null, Object(Config\Cache), false)
 4 FCPATH/index.php(79): CodeIgniter\CodeIgniter->run()
 5 SYSTEMPATH/Commands/Server/rewrite.php(47): require_once('/home/madi/Documents/project/ci4/perpus-ukom-2024/public/index.php')
WARNING - 2024-02-26 06:19:28 --> [DEPRECATED] Creation of dynamic property App\Controllers\Member::$ModelPengembalian is deprecated in APPPATH/Controllers/Member.php on line 19.
 1 SYSTEMPATH/CodeIgniter.php(914): App\Controllers\Member->__construct()
 2 SYSTEMPATH/CodeIgniter.php(493): CodeIgniter\CodeIgniter->createController()
 3 SYSTEMPATH/CodeIgniter.php(361): CodeIgniter\CodeIgniter->handleRequest(null, Object(Config\Cache), false)
 4 FCPATH/index.php(79): CodeIgniter\CodeIgniter->run()
 5 SYSTEMPATH/Commands/Server/rewrite.php(47): require_once('/home/madi/Documents/project/ci4/perpus-ukom-2024/public/index.php')
WARNING - 2024-02-26 06:19:28 --> [DEPRECATED] Creation of dynamic property App\Controllers\Member::$ModelUlasan is deprecated in APPPATH/Controllers/Member.php on line 20.
 1 SYSTEMPATH/CodeIgniter.php(914): App\Controllers\Member->__construct()
 2 SYSTEMPATH/CodeIgniter.php(493): CodeIgniter\CodeIgniter->createController()
 3 SYSTEMPATH/CodeIgniter.php(361): CodeIgniter\CodeIgniter->handleRequest(null, Object(Config\Cache), false)
 4 FCPATH/index.php(79): CodeIgniter\CodeIgniter->run()
 5 SYSTEMPATH/Commands/Server/rewrite.php(47): require_once('/home/madi/Documents/project/ci4/perpus-ukom-2024/public/index.php')
WARNING - 2024-02-26 06:19:28 --> [DEPRECATED] Creation of dynamic property App\Controllers\Member::$ModelKoleksiBuku is deprecated in APPPATH/Controllers/Member.php on line 21.
 1 SYSTEMPATH/CodeIgniter.php(914): App\Controllers\Member->__construct()
 2 SYSTEMPATH/CodeIgniter.php(493): CodeIgniter\CodeIgniter->createController()
 3 SYSTEMPATH/CodeIgniter.php(361): CodeIgniter\CodeIgniter->handleRequest(null, Object(Config\Cache), false)
 4 FCPATH/index.php(79): CodeIgniter\CodeIgniter->run()
 5 SYSTEMPATH/Commands/Server/rewrite.php(47): require_once('/home/madi/Documents/project/ci4/perpus-ukom-2024/public/index.php')
WARNING - 2024-02-26 06:19:28 --> [DEPRECATED] Creation of dynamic property App\Controllers\Member::$ModelKategoriBuku is deprecated in APPPATH/Controllers/Member.php on line 22.
 1 SYSTEMPATH/CodeIgniter.php(914): App\Controllers\Member->__construct()
 2 SYSTEMPATH/CodeIgniter.php(493): CodeIgniter\CodeIgniter->createController()
 3 SYSTEMPATH/CodeIgniter.php(361): CodeIgniter\CodeIgniter->handleRequest(null, Object(Config\Cache), false)
 4 FCPATH/index.php(79): CodeIgniter\CodeIgniter->run()
 5 SYSTEMPATH/Commands/Server/rewrite.php(47): require_once('/home/madi/Documents/project/ci4/perpus-ukom-2024/public/index.php')
INFO - 2024-02-26 06:19:28 --> Session: Class initialized using 'CodeIgniter\Session\Handlers\FileHandler' driver.
WARNING - 2024-02-26 06:21:01 --> [DEPRECATED] Creation of dynamic property App\Controllers\Member::$ModelBuku is deprecated in APPPATH/Controllers/Member.php on line 16.
 1 SYSTEMPATH/CodeIgniter.php(914): App\Controllers\Member->__construct()
 2 SYSTEMPATH/CodeIgniter.php(493): CodeIgniter\CodeIgniter->createController()
 3 SYSTEMPATH/CodeIgniter.php(361): CodeIgniter\CodeIgniter->handleRequest(null, Object(Config\Cache), false)
 4 FCPATH/index.php(79): CodeIgniter\CodeIgniter->run()
 5 SYSTEMPATH/Commands/Server/rewrite.php(47): require_once('/home/madi/Documents/project/ci4/perpus-ukom-2024/public/index.php')
WARNING - 2024-02-26 06:21:01 --> [DEPRECATED] Creation of dynamic property App\Controllers\Member::$ModelMember is deprecated in APPPATH/Controllers/Member.php on line 17.
 1 SYSTEMPATH/CodeIgniter.php(914): App\Controllers\Member->__construct()
 2 SYSTEMPATH/CodeIgniter.php(493): CodeIgniter\CodeIgniter->createController()
 3 SYSTEMPATH/CodeIgniter.php(361): CodeIgniter\CodeIgniter->handleRequest(null, Object(Config\Cache), false)
 4 FCPATH/index.php(79): CodeIgniter\CodeIgniter->run()
 5 SYSTEMPATH/Commands/Server/rewrite.php(47): require_once('/home/madi/Documents/project/ci4/perpus-ukom-2024/public/index.php')
WARNING - 2024-02-26 06:21:01 --> [DEPRECATED] Creation of dynamic property App\Controllers\Member::$ModelPeminjaman is deprecated in APPPATH/Controllers/Member.php on line 18.
 1 SYSTEMPATH/CodeIgniter.php(914): App\Controllers\Member->__construct()
 2 SYSTEMPATH/CodeIgniter.php(493): CodeIgniter\CodeIgniter->createController()
 3 SYSTEMPATH/CodeIgniter.php(361): CodeIgniter\CodeIgniter->handleRequest(null, Object(Config\Cache), false)
 4 FCPATH/index.php(79): CodeIgniter\CodeIgniter->run()
 5 SYSTEMPATH/Commands/Server/rewrite.php(47): require_once('/home/madi/Documents/project/ci4/perpus-ukom-2024/public/index.php')
WARNING - 2024-02-26 06:21:01 --> [DEPRECATED] Creation of dynamic property App\Controllers\Member::$ModelPengembalian is deprecated in APPPATH/Controllers/Member.php on line 19.
 1 SYSTEMPATH/CodeIgniter.php(914): App\Controllers\Member->__construct()
 2 SYSTEMPATH/CodeIgniter.php(493): CodeIgniter\CodeIgniter->createController()
 3 SYSTEMPATH/CodeIgniter.php(361): CodeIgniter\CodeIgniter->handleRequest(null, Object(Config\Cache), false)
 4 FCPATH/index.php(79): CodeIgniter\CodeIgniter->run()
 5 SYSTEMPATH/Commands/Server/rewrite.php(47): require_once('/home/madi/Documents/project/ci4/perpus-ukom-2024/public/index.php')
WARNING - 2024-02-26 06:21:01 --> [DEPRECATED] Creation of dynamic property App\Controllers\Member::$ModelUlasan is deprecated in APPPATH/Controllers/Member.php on line 20.
 1 SYSTEMPATH/CodeIgniter.php(914): App\Controllers\Member->__construct()
 2 SYSTEMPATH/CodeIgniter.php(493): CodeIgniter\CodeIgniter->createController()
 3 SYSTEMPATH/CodeIgniter.php(361): CodeIgniter\CodeIgniter->handleRequest(null, Object(Config\Cache), false)
 4 FCPATH/index.php(79): CodeIgniter\CodeIgniter->run()
 5 SYSTEMPATH/Commands/Server/rewrite.php(47): require_once('/home/madi/Documents/project/ci4/perpus-ukom-2024/public/index.php')
WARNING - 2024-02-26 06:21:01 --> [DEPRECATED] Creation of dynamic property App\Controllers\Member::$ModelKoleksiBuku is deprecated in APPPATH/Controllers/Member.php on line 21.
 1 SYSTEMPATH/CodeIgniter.php(914): App\Controllers\Member->__construct()
 2 SYSTEMPATH/CodeIgniter.php(493): CodeIgniter\CodeIgniter->createController()
 3 SYSTEMPATH/CodeIgniter.php(361): CodeIgniter\CodeIgniter->handleRequest(null, Object(Config\Cache), false)
 4 FCPATH/index.php(79): CodeIgniter\CodeIgniter->run()
 5 SYSTEMPATH/Commands/Server/rewrite.php(47): require_once('/home/madi/Documents/project/ci4/perpus-ukom-2024/public/index.php')
WARNING - 2024-02-26 06:21:01 --> [DEPRECATED] Creation of dynamic property App\Controllers\Member::$ModelKategoriBuku is deprecated in APPPATH/Controllers/Member.php on line 22.
 1 SYSTEMPATH/CodeIgniter.php(914): App\Controllers\Member->__construct()
 2 SYSTEMPATH/CodeIgniter.php(493): CodeIgniter\CodeIgniter->createController()
 3 SYSTEMPATH/CodeIgniter.php(361): CodeIgniter\CodeIgniter->handleRequest(null, Object(Config\Cache), false)
 4 FCPATH/index.php(79): CodeIgniter\CodeIgniter->run()
 5 SYSTEMPATH/Commands/Server/rewrite.php(47): require_once('/home/madi/Documents/project/ci4/perpus-ukom-2024/public/index.php')
INFO - 2024-02-26 06:21:01 --> Session: Class initialized using 'CodeIgniter\Session\Handlers\FileHandler' driver.
WARNING - 2024-02-26 06:21:30 --> [DEPRECATED] Creation of dynamic property App\Controllers\Member::$ModelBuku is deprecated in APPPATH/Controllers/Member.php on line 16.
 1 SYSTEMPATH/CodeIgniter.php(914): App\Controllers\Member->__construct()
 2 SYSTEMPATH/CodeIgniter.php(493): CodeIgniter\CodeIgniter->createController()
 3 SYSTEMPATH/CodeIgniter.php(361): CodeIgniter\CodeIgniter->handleRequest(null, Object(Config\Cache), false)
 4 FCPATH/index.php(79): CodeIgniter\CodeIgniter->run()
 5 SYSTEMPATH/Commands/Server/rewrite.php(47): require_once('/home/madi/Documents/project/ci4/perpus-ukom-2024/public/index.php')
WARNING - 2024-02-26 06:21:30 --> [DEPRECATED] Creation of dynamic property App\Controllers\Member::$ModelMember is deprecated in APPPATH/Controllers/Member.php on line 17.
 1 SYSTEMPATH/CodeIgniter.php(914): App\Controllers\Member->__construct()
 2 SYSTEMPATH/CodeIgniter.php(493): CodeIgniter\CodeIgniter->createController()
 3 SYSTEMPATH/CodeIgniter.php(361): CodeIgniter\CodeIgniter->handleRequest(null, Object(Config\Cache), false)
 4 FCPATH/index.php(79): CodeIgniter\CodeIgniter->run()
 5 SYSTEMPATH/Commands/Server/rewrite.php(47): require_once('/home/madi/Documents/project/ci4/perpus-ukom-2024/public/index.php')
WARNING - 2024-02-26 06:21:30 --> [DEPRECATED] Creation of dynamic property App\Controllers\Member::$ModelPeminjaman is deprecated in APPPATH/Controllers/Member.php on line 18.
 1 SYSTEMPATH/CodeIgniter.php(914): App\Controllers\Member->__construct()
 2 SYSTEMPATH/CodeIgniter.php(493): CodeIgniter\CodeIgniter->createController()
 3 SYSTEMPATH/CodeIgniter.php(361): CodeIgniter\CodeIgniter->handleRequest(null, Object(Config\Cache), false)
 4 FCPATH/index.php(79): CodeIgniter\CodeIgniter->run()
 5 SYSTEMPATH/Commands/Server/rewrite.php(47): require_once('/home/madi/Documents/project/ci4/perpus-ukom-2024/public/index.php')
WARNING - 2024-02-26 06:21:30 --> [DEPRECATED] Creation of dynamic property App\Controllers\Member::$ModelPengembalian is deprecated in APPPATH/Controllers/Member.php on line 19.
 1 SYSTEMPATH/CodeIgniter.php(914): App\Controllers\Member->__construct()
 2 SYSTEMPATH/CodeIgniter.php(493): CodeIgniter\CodeIgniter->createController()
 3 SYSTEMPATH/CodeIgniter.php(361): CodeIgniter\CodeIgniter->handleRequest(null, Object(Config\Cache), false)
 4 FCPATH/index.php(79): CodeIgniter\CodeIgniter->run()
 5 SYSTEMPATH/Commands/Server/rewrite.php(47): require_once('/home/madi/Documents/project/ci4/perpus-ukom-2024/public/index.php')
WARNING - 2024-02-26 06:21:30 --> [DEPRECATED] Creation of dynamic property App\Controllers\Member::$ModelUlasan is deprecated in APPPATH/Controllers/Member.php on line 20.
 1 SYSTEMPATH/CodeIgniter.php(914): App\Controllers\Member->__construct()
 2 SYSTEMPATH/CodeIgniter.php(493): CodeIgniter\CodeIgniter->createController()
 3 SYSTEMPATH/CodeIgniter.php(361): CodeIgniter\CodeIgniter->handleRequest(null, Object(Config\Cache), false)
 4 FCPATH/index.php(79): CodeIgniter\CodeIgniter->run()
 5 SYSTEMPATH/Commands/Server/rewrite.php(47): require_once('/home/madi/Documents/project/ci4/perpus-ukom-2024/public/index.php')
WARNING - 2024-02-26 06:21:30 --> [DEPRECATED] Creation of dynamic property App\Controllers\Member::$ModelKoleksiBuku is deprecated in APPPATH/Controllers/Member.php on line 21.
 1 SYSTEMPATH/CodeIgniter.php(914): App\Controllers\Member->__construct()
 2 SYSTEMPATH/CodeIgniter.php(493): CodeIgniter\CodeIgniter->createController()
 3 SYSTEMPATH/CodeIgniter.php(361): CodeIgniter\CodeIgniter->handleRequest(null, Object(Config\Cache), false)
 4 FCPATH/index.php(79): CodeIgniter\CodeIgniter->run()
 5 SYSTEMPATH/Commands/Server/rewrite.php(47): require_once('/home/madi/Documents/project/ci4/perpus-ukom-2024/public/index.php')
WARNING - 2024-02-26 06:21:30 --> [DEPRECATED] Creation of dynamic property App\Controllers\Member::$ModelKategoriBuku is deprecated in APPPATH/Controllers/Member.php on line 22.
 1 SYSTEMPATH/CodeIgniter.php(914): App\Controllers\Member->__construct()
 2 SYSTEMPATH/CodeIgniter.php(493): CodeIgniter\CodeIgniter->createController()
 3 SYSTEMPATH/CodeIgniter.php(361): CodeIgniter\CodeIgniter->handleRequest(null, Object(Config\Cache), false)
 4 FCPATH/index.php(79): CodeIgniter\CodeIgniter->run()
 5 SYSTEMPATH/Commands/Server/rewrite.php(47): require_once('/home/madi/Documents/project/ci4/perpus-ukom-2024/public/index.php')
INFO - 2024-02-26 06:21:30 --> Session: Class initialized using 'CodeIgniter\Session\Handlers\FileHandler' driver.
