WARNING - 2024-06-10 23:53:09 --> [DEPRECATED] Creation of dynamic property App\Controllers\Member::$ModelBuku is deprecated in APPPATH\Controllers\Member.php on line 16.
 1 SYSTEMPATH\CodeIgniter.php(914): App\Controllers\Member->__construct()
 2 SYSTEMPATH\CodeIgniter.php(493): CodeIgniter\CodeIgniter->createController()
 3 SYSTEMPATH\CodeIgniter.php(361): CodeIgniter\CodeIgniter->handleRequest(null, Object(Config\Cache), false)
 4 FCPATH\index.php(79): CodeIgniter\CodeIgniter->run()
 5 SYSTEMPATH\Commands\Server\rewrite.php(47): require_once('C:\\xampp\\htdocs\\perpus-ukom-2024\\public\\index.php')
WARNING - 2024-06-10 23:53:09 --> [DEPRECATED] Creation of dynamic property App\Controllers\Member::$ModelMember is deprecated in APPPATH\Controllers\Member.php on line 17.
 1 SYSTEMPATH\CodeIgniter.php(914): App\Controllers\Member->__construct()
 2 SYSTEMPATH\CodeIgniter.php(493): CodeIgniter\CodeIgniter->createController()
 3 SYSTEMPATH\CodeIgniter.php(361): CodeIgniter\CodeIgniter->handleRequest(null, Object(Config\Cache), false)
 4 FCPATH\index.php(79): CodeIgniter\CodeIgniter->run()
 5 SYSTEMPATH\Commands\Server\rewrite.php(47): require_once('C:\\xampp\\htdocs\\perpus-ukom-2024\\public\\index.php')
WARNING - 2024-06-10 23:53:09 --> [DEPRECATED] Creation of dynamic property App\Controllers\Member::$ModelPeminjaman is deprecated in APPPATH\Controllers\Member.php on line 18.
 1 SYSTEMPATH\CodeIgniter.php(914): App\Controllers\Member->__construct()
 2 SYSTEMPATH\CodeIgniter.php(493): CodeIgniter\CodeIgniter->createController()
 3 SYSTEMPATH\CodeIgniter.php(361): CodeIgniter\CodeIgniter->handleRequest(null, Object(Config\Cache), false)
 4 FCPATH\index.php(79): CodeIgniter\CodeIgniter->run()
 5 SYSTEMPATH\Commands\Server\rewrite.php(47): require_once('C:\\xampp\\htdocs\\perpus-ukom-2024\\public\\index.php')
WARNING - 2024-06-10 23:53:09 --> [DEPRECATED] Creation of dynamic property App\Controllers\Member::$ModelPengembalian is deprecated in APPPATH\Controllers\Member.php on line 19.
 1 SYSTEMPATH\CodeIgniter.php(914): App\Controllers\Member->__construct()
 2 SYSTEMPATH\CodeIgniter.php(493): CodeIgniter\CodeIgniter->createController()
 3 SYSTEMPATH\CodeIgniter.php(361): CodeIgniter\CodeIgniter->handleRequest(null, Object(Config\Cache), false)
 4 FCPATH\index.php(79): CodeIgniter\CodeIgniter->run()
 5 SYSTEMPATH\Commands\Server\rewrite.php(47): require_once('C:\\xampp\\htdocs\\perpus-ukom-2024\\public\\index.php')
WARNING - 2024-06-10 23:53:09 --> [DEPRECATED] Creation of dynamic property App\Controllers\Member::$ModelUlasan is deprecated in APPPATH\Controllers\Member.php on line 20.
 1 SYSTEMPATH\CodeIgniter.php(914): App\Controllers\Member->__construct()
 2 SYSTEMPATH\CodeIgniter.php(493): CodeIgniter\CodeIgniter->createController()
 3 SYSTEMPATH\CodeIgniter.php(361): CodeIgniter\CodeIgniter->handleRequest(null, Object(Config\Cache), false)
 4 FCPATH\index.php(79): CodeIgniter\CodeIgniter->run()
 5 SYSTEMPATH\Commands\Server\rewrite.php(47): require_once('C:\\xampp\\htdocs\\perpus-ukom-2024\\public\\index.php')
WARNING - 2024-06-10 23:53:09 --> [DEPRECATED] Creation of dynamic property App\Controllers\Member::$ModelKoleksiBuku is deprecated in APPPATH\Controllers\Member.php on line 21.
 1 SYSTEMPATH\CodeIgniter.php(914): App\Controllers\Member->__construct()
 2 SYSTEMPATH\CodeIgniter.php(493): CodeIgniter\CodeIgniter->createController()
 3 SYSTEMPATH\CodeIgniter.php(361): CodeIgniter\CodeIgniter->handleRequest(null, Object(Config\Cache), false)
 4 FCPATH\index.php(79): CodeIgniter\CodeIgniter->run()
 5 SYSTEMPATH\Commands\Server\rewrite.php(47): require_once('C:\\xampp\\htdocs\\perpus-ukom-2024\\public\\index.php')
WARNING - 2024-06-10 23:53:09 --> [DEPRECATED] Creation of dynamic property App\Controllers\Member::$ModelKategoriBuku is deprecated in APPPATH\Controllers\Member.php on line 22.
 1 SYSTEMPATH\CodeIgniter.php(914): App\Controllers\Member->__construct()
 2 SYSTEMPATH\CodeIgniter.php(493): CodeIgniter\CodeIgniter->createController()
 3 SYSTEMPATH\CodeIgniter.php(361): CodeIgniter\CodeIgniter->handleRequest(null, Object(Config\Cache), false)
 4 FCPATH\index.php(79): CodeIgniter\CodeIgniter->run()
 5 SYSTEMPATH\Commands\Server\rewrite.php(47): require_once('C:\\xampp\\htdocs\\perpus-ukom-2024\\public\\index.php')
INFO - 2024-06-10 23:53:09 --> Session: Class initialized using 'CodeIgniter\Session\Handlers\FileHandler' driver.
WARNING - 2024-06-10 23:53:39 --> [DEPRECATED] Creation of dynamic property App\Controllers\Member::$ModelBuku is deprecated in APPPATH\Controllers\Member.php on line 16.
 1 SYSTEMPATH\CodeIgniter.php(914): App\Controllers\Member->__construct()
 2 SYSTEMPATH\CodeIgniter.php(493): CodeIgniter\CodeIgniter->createController()
 3 SYSTEMPATH\CodeIgniter.php(361): CodeIgniter\CodeIgniter->handleRequest(null, Object(Config\Cache), false)
 4 FCPATH\index.php(79): CodeIgniter\CodeIgniter->run()
 5 SYSTEMPATH\Commands\Server\rewrite.php(47): require_once('C:\\xampp\\htdocs\\perpus-ukom-2024\\public\\index.php')
WARNING - 2024-06-10 23:53:39 --> [DEPRECATED] Creation of dynamic property App\Controllers\Member::$ModelMember is deprecated in APPPATH\Controllers\Member.php on line 17.
 1 SYSTEMPATH\CodeIgniter.php(914): App\Controllers\Member->__construct()
 2 SYSTEMPATH\CodeIgniter.php(493): CodeIgniter\CodeIgniter->createController()
 3 SYSTEMPATH\CodeIgniter.php(361): CodeIgniter\CodeIgniter->handleRequest(null, Object(Config\Cache), false)
 4 FCPATH\index.php(79): CodeIgniter\CodeIgniter->run()
 5 SYSTEMPATH\Commands\Server\rewrite.php(47): require_once('C:\\xampp\\htdocs\\perpus-ukom-2024\\public\\index.php')
WARNING - 2024-06-10 23:53:39 --> [DEPRECATED] Creation of dynamic property App\Controllers\Member::$ModelPeminjaman is deprecated in APPPATH\Controllers\Member.php on line 18.
 1 SYSTEMPATH\CodeIgniter.php(914): App\Controllers\Member->__construct()
 2 SYSTEMPATH\CodeIgniter.php(493): CodeIgniter\CodeIgniter->createController()
 3 SYSTEMPATH\CodeIgniter.php(361): CodeIgniter\CodeIgniter->handleRequest(null, Object(Config\Cache), false)
 4 FCPATH\index.php(79): CodeIgniter\CodeIgniter->run()
 5 SYSTEMPATH\Commands\Server\rewrite.php(47): require_once('C:\\xampp\\htdocs\\perpus-ukom-2024\\public\\index.php')
WARNING - 2024-06-10 23:53:39 --> [DEPRECATED] Creation of dynamic property App\Controllers\Member::$ModelPengembalian is deprecated in APPPATH\Controllers\Member.php on line 19.
 1 SYSTEMPATH\CodeIgniter.php(914): App\Controllers\Member->__construct()
 2 SYSTEMPATH\CodeIgniter.php(493): CodeIgniter\CodeIgniter->createController()
 3 SYSTEMPATH\CodeIgniter.php(361): CodeIgniter\CodeIgniter->handleRequest(null, Object(Config\Cache), false)
 4 FCPATH\index.php(79): CodeIgniter\CodeIgniter->run()
 5 SYSTEMPATH\Commands\Server\rewrite.php(47): require_once('C:\\xampp\\htdocs\\perpus-ukom-2024\\public\\index.php')
WARNING - 2024-06-10 23:53:39 --> [DEPRECATED] Creation of dynamic property App\Controllers\Member::$ModelUlasan is deprecated in APPPATH\Controllers\Member.php on line 20.
 1 SYSTEMPATH\CodeIgniter.php(914): App\Controllers\Member->__construct()
 2 SYSTEMPATH\CodeIgniter.php(493): CodeIgniter\CodeIgniter->createController()
 3 SYSTEMPATH\CodeIgniter.php(361): CodeIgniter\CodeIgniter->handleRequest(null, Object(Config\Cache), false)
 4 FCPATH\index.php(79): CodeIgniter\CodeIgniter->run()
 5 SYSTEMPATH\Commands\Server\rewrite.php(47): require_once('C:\\xampp\\htdocs\\perpus-ukom-2024\\public\\index.php')
WARNING - 2024-06-10 23:53:39 --> [DEPRECATED] Creation of dynamic property App\Controllers\Member::$ModelKoleksiBuku is deprecated in APPPATH\Controllers\Member.php on line 21.
 1 SYSTEMPATH\CodeIgniter.php(914): App\Controllers\Member->__construct()
 2 SYSTEMPATH\CodeIgniter.php(493): CodeIgniter\CodeIgniter->createController()
 3 SYSTEMPATH\CodeIgniter.php(361): CodeIgniter\CodeIgniter->handleRequest(null, Object(Config\Cache), false)
 4 FCPATH\index.php(79): CodeIgniter\CodeIgniter->run()
 5 SYSTEMPATH\Commands\Server\rewrite.php(47): require_once('C:\\xampp\\htdocs\\perpus-ukom-2024\\public\\index.php')
WARNING - 2024-06-10 23:53:39 --> [DEPRECATED] Creation of dynamic property App\Controllers\Member::$ModelKategoriBuku is deprecated in APPPATH\Controllers\Member.php on line 22.
 1 SYSTEMPATH\CodeIgniter.php(914): App\Controllers\Member->__construct()
 2 SYSTEMPATH\CodeIgniter.php(493): CodeIgniter\CodeIgniter->createController()
 3 SYSTEMPATH\CodeIgniter.php(361): CodeIgniter\CodeIgniter->handleRequest(null, Object(Config\Cache), false)
 4 FCPATH\index.php(79): CodeIgniter\CodeIgniter->run()
 5 SYSTEMPATH\Commands\Server\rewrite.php(47): require_once('C:\\xampp\\htdocs\\perpus-ukom-2024\\public\\index.php')
INFO - 2024-06-10 23:53:40 --> Session: Class initialized using 'CodeIgniter\Session\Handlers\FileHandler' driver.
WARNING - 2024-06-10 23:54:19 --> [DEPRECATED] Creation of dynamic property App\Controllers\Member::$ModelBuku is deprecated in APPPATH\Controllers\Member.php on line 16.
 1 SYSTEMPATH\CodeIgniter.php(914): App\Controllers\Member->__construct()
 2 SYSTEMPATH\CodeIgniter.php(493): CodeIgniter\CodeIgniter->createController()
 3 SYSTEMPATH\CodeIgniter.php(361): CodeIgniter\CodeIgniter->handleRequest(null, Object(Config\Cache), false)
 4 FCPATH\index.php(79): CodeIgniter\CodeIgniter->run()
 5 SYSTEMPATH\Commands\Server\rewrite.php(47): require_once('C:\\xampp\\htdocs\\perpus-ukom-2024\\public\\index.php')
WARNING - 2024-06-10 23:54:19 --> [DEPRECATED] Creation of dynamic property App\Controllers\Member::$ModelMember is deprecated in APPPATH\Controllers\Member.php on line 17.
 1 SYSTEMPATH\CodeIgniter.php(914): App\Controllers\Member->__construct()
 2 SYSTEMPATH\CodeIgniter.php(493): CodeIgniter\CodeIgniter->createController()
 3 SYSTEMPATH\CodeIgniter.php(361): CodeIgniter\CodeIgniter->handleRequest(null, Object(Config\Cache), false)
 4 FCPATH\index.php(79): CodeIgniter\CodeIgniter->run()
 5 SYSTEMPATH\Commands\Server\rewrite.php(47): require_once('C:\\xampp\\htdocs\\perpus-ukom-2024\\public\\index.php')
WARNING - 2024-06-10 23:54:19 --> [DEPRECATED] Creation of dynamic property App\Controllers\Member::$ModelPeminjaman is deprecated in APPPATH\Controllers\Member.php on line 18.
 1 SYSTEMPATH\CodeIgniter.php(914): App\Controllers\Member->__construct()
 2 SYSTEMPATH\CodeIgniter.php(493): CodeIgniter\CodeIgniter->createController()
 3 SYSTEMPATH\CodeIgniter.php(361): CodeIgniter\CodeIgniter->handleRequest(null, Object(Config\Cache), false)
 4 FCPATH\index.php(79): CodeIgniter\CodeIgniter->run()
 5 SYSTEMPATH\Commands\Server\rewrite.php(47): require_once('C:\\xampp\\htdocs\\perpus-ukom-2024\\public\\index.php')
WARNING - 2024-06-10 23:54:19 --> [DEPRECATED] Creation of dynamic property App\Controllers\Member::$ModelPengembalian is deprecated in APPPATH\Controllers\Member.php on line 19.
 1 SYSTEMPATH\CodeIgniter.php(914): App\Controllers\Member->__construct()
 2 SYSTEMPATH\CodeIgniter.php(493): CodeIgniter\CodeIgniter->createController()
 3 SYSTEMPATH\CodeIgniter.php(361): CodeIgniter\CodeIgniter->handleRequest(null, Object(Config\Cache), false)
 4 FCPATH\index.php(79): CodeIgniter\CodeIgniter->run()
 5 SYSTEMPATH\Commands\Server\rewrite.php(47): require_once('C:\\xampp\\htdocs\\perpus-ukom-2024\\public\\index.php')
WARNING - 2024-06-10 23:54:19 --> [DEPRECATED] Creation of dynamic property App\Controllers\Member::$ModelUlasan is deprecated in APPPATH\Controllers\Member.php on line 20.
 1 SYSTEMPATH\CodeIgniter.php(914): App\Controllers\Member->__construct()
 2 SYSTEMPATH\CodeIgniter.php(493): CodeIgniter\CodeIgniter->createController()
 3 SYSTEMPATH\CodeIgniter.php(361): CodeIgniter\CodeIgniter->handleRequest(null, Object(Config\Cache), false)
 4 FCPATH\index.php(79): CodeIgniter\CodeIgniter->run()
 5 SYSTEMPATH\Commands\Server\rewrite.php(47): require_once('C:\\xampp\\htdocs\\perpus-ukom-2024\\public\\index.php')
WARNING - 2024-06-10 23:54:19 --> [DEPRECATED] Creation of dynamic property App\Controllers\Member::$ModelKoleksiBuku is deprecated in APPPATH\Controllers\Member.php on line 21.
 1 SYSTEMPATH\CodeIgniter.php(914): App\Controllers\Member->__construct()
 2 SYSTEMPATH\CodeIgniter.php(493): CodeIgniter\CodeIgniter->createController()
 3 SYSTEMPATH\CodeIgniter.php(361): CodeIgniter\CodeIgniter->handleRequest(null, Object(Config\Cache), false)
 4 FCPATH\index.php(79): CodeIgniter\CodeIgniter->run()
 5 SYSTEMPATH\Commands\Server\rewrite.php(47): require_once('C:\\xampp\\htdocs\\perpus-ukom-2024\\public\\index.php')
WARNING - 2024-06-10 23:54:19 --> [DEPRECATED] Creation of dynamic property App\Controllers\Member::$ModelKategoriBuku is deprecated in APPPATH\Controllers\Member.php on line 22.
 1 SYSTEMPATH\CodeIgniter.php(914): App\Controllers\Member->__construct()
 2 SYSTEMPATH\CodeIgniter.php(493): CodeIgniter\CodeIgniter->createController()
 3 SYSTEMPATH\CodeIgniter.php(361): CodeIgniter\CodeIgniter->handleRequest(null, Object(Config\Cache), false)
 4 FCPATH\index.php(79): CodeIgniter\CodeIgniter->run()
 5 SYSTEMPATH\Commands\Server\rewrite.php(47): require_once('C:\\xampp\\htdocs\\perpus-ukom-2024\\public\\index.php')
INFO - 2024-06-10 23:54:19 --> Session: Class initialized using 'CodeIgniter\Session\Handlers\FileHandler' driver.
WARNING - 2024-06-10 23:54:30 --> [DEPRECATED] Creation of dynamic property App\Controllers\Member::$ModelBuku is deprecated in APPPATH\Controllers\Member.php on line 16.
 1 SYSTEMPATH\CodeIgniter.php(914): App\Controllers\Member->__construct()
 2 SYSTEMPATH\CodeIgniter.php(493): CodeIgniter\CodeIgniter->createController()
 3 SYSTEMPATH\CodeIgniter.php(361): CodeIgniter\CodeIgniter->handleRequest(null, Object(Config\Cache), false)
 4 FCPATH\index.php(79): CodeIgniter\CodeIgniter->run()
 5 SYSTEMPATH\Commands\Server\rewrite.php(47): require_once('C:\\xampp\\htdocs\\perpus-ukom-2024\\public\\index.php')
WARNING - 2024-06-10 23:54:30 --> [DEPRECATED] Creation of dynamic property App\Controllers\Member::$ModelMember is deprecated in APPPATH\Controllers\Member.php on line 17.
 1 SYSTEMPATH\CodeIgniter.php(914): App\Controllers\Member->__construct()
 2 SYSTEMPATH\CodeIgniter.php(493): CodeIgniter\CodeIgniter->createController()
 3 SYSTEMPATH\CodeIgniter.php(361): CodeIgniter\CodeIgniter->handleRequest(null, Object(Config\Cache), false)
 4 FCPATH\index.php(79): CodeIgniter\CodeIgniter->run()
 5 SYSTEMPATH\Commands\Server\rewrite.php(47): require_once('C:\\xampp\\htdocs\\perpus-ukom-2024\\public\\index.php')
WARNING - 2024-06-10 23:54:30 --> [DEPRECATED] Creation of dynamic property App\Controllers\Member::$ModelPeminjaman is deprecated in APPPATH\Controllers\Member.php on line 18.
 1 SYSTEMPATH\CodeIgniter.php(914): App\Controllers\Member->__construct()
 2 SYSTEMPATH\CodeIgniter.php(493): CodeIgniter\CodeIgniter->createController()
 3 SYSTEMPATH\CodeIgniter.php(361): CodeIgniter\CodeIgniter->handleRequest(null, Object(Config\Cache), false)
 4 FCPATH\index.php(79): CodeIgniter\CodeIgniter->run()
 5 SYSTEMPATH\Commands\Server\rewrite.php(47): require_once('C:\\xampp\\htdocs\\perpus-ukom-2024\\public\\index.php')
WARNING - 2024-06-10 23:54:30 --> [DEPRECATED] Creation of dynamic property App\Controllers\Member::$ModelPengembalian is deprecated in APPPATH\Controllers\Member.php on line 19.
 1 SYSTEMPATH\CodeIgniter.php(914): App\Controllers\Member->__construct()
 2 SYSTEMPATH\CodeIgniter.php(493): CodeIgniter\CodeIgniter->createController()
 3 SYSTEMPATH\CodeIgniter.php(361): CodeIgniter\CodeIgniter->handleRequest(null, Object(Config\Cache), false)
 4 FCPATH\index.php(79): CodeIgniter\CodeIgniter->run()
 5 SYSTEMPATH\Commands\Server\rewrite.php(47): require_once('C:\\xampp\\htdocs\\perpus-ukom-2024\\public\\index.php')
WARNING - 2024-06-10 23:54:30 --> [DEPRECATED] Creation of dynamic property App\Controllers\Member::$ModelUlasan is deprecated in APPPATH\Controllers\Member.php on line 20.
 1 SYSTEMPATH\CodeIgniter.php(914): App\Controllers\Member->__construct()
 2 SYSTEMPATH\CodeIgniter.php(493): CodeIgniter\CodeIgniter->createController()
 3 SYSTEMPATH\CodeIgniter.php(361): CodeIgniter\CodeIgniter->handleRequest(null, Object(Config\Cache), false)
 4 FCPATH\index.php(79): CodeIgniter\CodeIgniter->run()
 5 SYSTEMPATH\Commands\Server\rewrite.php(47): require_once('C:\\xampp\\htdocs\\perpus-ukom-2024\\public\\index.php')
WARNING - 2024-06-10 23:54:30 --> [DEPRECATED] Creation of dynamic property App\Controllers\Member::$ModelKoleksiBuku is deprecated in APPPATH\Controllers\Member.php on line 21.
 1 SYSTEMPATH\CodeIgniter.php(914): App\Controllers\Member->__construct()
 2 SYSTEMPATH\CodeIgniter.php(493): CodeIgniter\CodeIgniter->createController()
 3 SYSTEMPATH\CodeIgniter.php(361): CodeIgniter\CodeIgniter->handleRequest(null, Object(Config\Cache), false)
 4 FCPATH\index.php(79): CodeIgniter\CodeIgniter->run()
 5 SYSTEMPATH\Commands\Server\rewrite.php(47): require_once('C:\\xampp\\htdocs\\perpus-ukom-2024\\public\\index.php')
WARNING - 2024-06-10 23:54:30 --> [DEPRECATED] Creation of dynamic property App\Controllers\Member::$ModelKategoriBuku is deprecated in APPPATH\Controllers\Member.php on line 22.
 1 SYSTEMPATH\CodeIgniter.php(914): App\Controllers\Member->__construct()
 2 SYSTEMPATH\CodeIgniter.php(493): CodeIgniter\CodeIgniter->createController()
 3 SYSTEMPATH\CodeIgniter.php(361): CodeIgniter\CodeIgniter->handleRequest(null, Object(Config\Cache), false)
 4 FCPATH\index.php(79): CodeIgniter\CodeIgniter->run()
 5 SYSTEMPATH\Commands\Server\rewrite.php(47): require_once('C:\\xampp\\htdocs\\perpus-ukom-2024\\public\\index.php')
INFO - 2024-06-10 23:54:30 --> Session: Class initialized using 'CodeIgniter\Session\Handlers\FileHandler' driver.
WARNING - 2024-06-10 23:55:52 --> [DEPRECATED] Creation of dynamic property App\Controllers\Member::$ModelBuku is deprecated in APPPATH\Controllers\Member.php on line 16.
 1 SYSTEMPATH\CodeIgniter.php(914): App\Controllers\Member->__construct()
 2 SYSTEMPATH\CodeIgniter.php(493): CodeIgniter\CodeIgniter->createController()
 3 SYSTEMPATH\CodeIgniter.php(361): CodeIgniter\CodeIgniter->handleRequest(null, Object(Config\Cache), false)
 4 FCPATH\index.php(79): CodeIgniter\CodeIgniter->run()
 5 SYSTEMPATH\Commands\Server\rewrite.php(47): require_once('C:\\xampp\\htdocs\\perpus-ukom-2024\\public\\index.php')
WARNING - 2024-06-10 23:55:52 --> [DEPRECATED] Creation of dynamic property App\Controllers\Member::$ModelMember is deprecated in APPPATH\Controllers\Member.php on line 17.
 1 SYSTEMPATH\CodeIgniter.php(914): App\Controllers\Member->__construct()
 2 SYSTEMPATH\CodeIgniter.php(493): CodeIgniter\CodeIgniter->createController()
 3 SYSTEMPATH\CodeIgniter.php(361): CodeIgniter\CodeIgniter->handleRequest(null, Object(Config\Cache), false)
 4 FCPATH\index.php(79): CodeIgniter\CodeIgniter->run()
 5 SYSTEMPATH\Commands\Server\rewrite.php(47): require_once('C:\\xampp\\htdocs\\perpus-ukom-2024\\public\\index.php')
WARNING - 2024-06-10 23:55:52 --> [DEPRECATED] Creation of dynamic property App\Controllers\Member::$ModelPeminjaman is deprecated in APPPATH\Controllers\Member.php on line 18.
 1 SYSTEMPATH\CodeIgniter.php(914): App\Controllers\Member->__construct()
 2 SYSTEMPATH\CodeIgniter.php(493): CodeIgniter\CodeIgniter->createController()
 3 SYSTEMPATH\CodeIgniter.php(361): CodeIgniter\CodeIgniter->handleRequest(null, Object(Config\Cache), false)
 4 FCPATH\index.php(79): CodeIgniter\CodeIgniter->run()
 5 SYSTEMPATH\Commands\Server\rewrite.php(47): require_once('C:\\xampp\\htdocs\\perpus-ukom-2024\\public\\index.php')
WARNING - 2024-06-10 23:55:52 --> [DEPRECATED] Creation of dynamic property App\Controllers\Member::$ModelPengembalian is deprecated in APPPATH\Controllers\Member.php on line 19.
 1 SYSTEMPATH\CodeIgniter.php(914): App\Controllers\Member->__construct()
 2 SYSTEMPATH\CodeIgniter.php(493): CodeIgniter\CodeIgniter->createController()
 3 SYSTEMPATH\CodeIgniter.php(361): CodeIgniter\CodeIgniter->handleRequest(null, Object(Config\Cache), false)
 4 FCPATH\index.php(79): CodeIgniter\CodeIgniter->run()
 5 SYSTEMPATH\Commands\Server\rewrite.php(47): require_once('C:\\xampp\\htdocs\\perpus-ukom-2024\\public\\index.php')
WARNING - 2024-06-10 23:55:52 --> [DEPRECATED] Creation of dynamic property App\Controllers\Member::$ModelUlasan is deprecated in APPPATH\Controllers\Member.php on line 20.
 1 SYSTEMPATH\CodeIgniter.php(914): App\Controllers\Member->__construct()
 2 SYSTEMPATH\CodeIgniter.php(493): CodeIgniter\CodeIgniter->createController()
 3 SYSTEMPATH\CodeIgniter.php(361): CodeIgniter\CodeIgniter->handleRequest(null, Object(Config\Cache), false)
 4 FCPATH\index.php(79): CodeIgniter\CodeIgniter->run()
 5 SYSTEMPATH\Commands\Server\rewrite.php(47): require_once('C:\\xampp\\htdocs\\perpus-ukom-2024\\public\\index.php')
WARNING - 2024-06-10 23:55:52 --> [DEPRECATED] Creation of dynamic property App\Controllers\Member::$ModelKoleksiBuku is deprecated in APPPATH\Controllers\Member.php on line 21.
 1 SYSTEMPATH\CodeIgniter.php(914): App\Controllers\Member->__construct()
 2 SYSTEMPATH\CodeIgniter.php(493): CodeIgniter\CodeIgniter->createController()
 3 SYSTEMPATH\CodeIgniter.php(361): CodeIgniter\CodeIgniter->handleRequest(null, Object(Config\Cache), false)
 4 FCPATH\index.php(79): CodeIgniter\CodeIgniter->run()
 5 SYSTEMPATH\Commands\Server\rewrite.php(47): require_once('C:\\xampp\\htdocs\\perpus-ukom-2024\\public\\index.php')
WARNING - 2024-06-10 23:55:52 --> [DEPRECATED] Creation of dynamic property App\Controllers\Member::$ModelKategoriBuku is deprecated in APPPATH\Controllers\Member.php on line 22.
 1 SYSTEMPATH\CodeIgniter.php(914): App\Controllers\Member->__construct()
 2 SYSTEMPATH\CodeIgniter.php(493): CodeIgniter\CodeIgniter->createController()
 3 SYSTEMPATH\CodeIgniter.php(361): CodeIgniter\CodeIgniter->handleRequest(null, Object(Config\Cache), false)
 4 FCPATH\index.php(79): CodeIgniter\CodeIgniter->run()
 5 SYSTEMPATH\Commands\Server\rewrite.php(47): require_once('C:\\xampp\\htdocs\\perpus-ukom-2024\\public\\index.php')
INFO - 2024-06-10 23:55:52 --> Session: Class initialized using 'CodeIgniter\Session\Handlers\FileHandler' driver.
WARNING - 2024-06-10 23:55:59 --> [DEPRECATED] Creation of dynamic property App\Controllers\Member::$ModelBuku is deprecated in APPPATH\Controllers\Member.php on line 16.
 1 SYSTEMPATH\CodeIgniter.php(914): App\Controllers\Member->__construct()
 2 SYSTEMPATH\CodeIgniter.php(493): CodeIgniter\CodeIgniter->createController()
 3 SYSTEMPATH\CodeIgniter.php(361): CodeIgniter\CodeIgniter->handleRequest(null, Object(Config\Cache), false)
 4 FCPATH\index.php(79): CodeIgniter\CodeIgniter->run()
 5 SYSTEMPATH\Commands\Server\rewrite.php(47): require_once('C:\\xampp\\htdocs\\perpus-ukom-2024\\public\\index.php')
WARNING - 2024-06-10 23:55:59 --> [DEPRECATED] Creation of dynamic property App\Controllers\Member::$ModelMember is deprecated in APPPATH\Controllers\Member.php on line 17.
 1 SYSTEMPATH\CodeIgniter.php(914): App\Controllers\Member->__construct()
 2 SYSTEMPATH\CodeIgniter.php(493): CodeIgniter\CodeIgniter->createController()
 3 SYSTEMPATH\CodeIgniter.php(361): CodeIgniter\CodeIgniter->handleRequest(null, Object(Config\Cache), false)
 4 FCPATH\index.php(79): CodeIgniter\CodeIgniter->run()
 5 SYSTEMPATH\Commands\Server\rewrite.php(47): require_once('C:\\xampp\\htdocs\\perpus-ukom-2024\\public\\index.php')
WARNING - 2024-06-10 23:55:59 --> [DEPRECATED] Creation of dynamic property App\Controllers\Member::$ModelPeminjaman is deprecated in APPPATH\Controllers\Member.php on line 18.
 1 SYSTEMPATH\CodeIgniter.php(914): App\Controllers\Member->__construct()
 2 SYSTEMPATH\CodeIgniter.php(493): CodeIgniter\CodeIgniter->createController()
 3 SYSTEMPATH\CodeIgniter.php(361): CodeIgniter\CodeIgniter->handleRequest(null, Object(Config\Cache), false)
 4 FCPATH\index.php(79): CodeIgniter\CodeIgniter->run()
 5 SYSTEMPATH\Commands\Server\rewrite.php(47): require_once('C:\\xampp\\htdocs\\perpus-ukom-2024\\public\\index.php')
WARNING - 2024-06-10 23:55:59 --> [DEPRECATED] Creation of dynamic property App\Controllers\Member::$ModelPengembalian is deprecated in APPPATH\Controllers\Member.php on line 19.
 1 SYSTEMPATH\CodeIgniter.php(914): App\Controllers\Member->__construct()
 2 SYSTEMPATH\CodeIgniter.php(493): CodeIgniter\CodeIgniter->createController()
 3 SYSTEMPATH\CodeIgniter.php(361): CodeIgniter\CodeIgniter->handleRequest(null, Object(Config\Cache), false)
 4 FCPATH\index.php(79): CodeIgniter\CodeIgniter->run()
 5 SYSTEMPATH\Commands\Server\rewrite.php(47): require_once('C:\\xampp\\htdocs\\perpus-ukom-2024\\public\\index.php')
WARNING - 2024-06-10 23:55:59 --> [DEPRECATED] Creation of dynamic property App\Controllers\Member::$ModelUlasan is deprecated in APPPATH\Controllers\Member.php on line 20.
 1 SYSTEMPATH\CodeIgniter.php(914): App\Controllers\Member->__construct()
 2 SYSTEMPATH\CodeIgniter.php(493): CodeIgniter\CodeIgniter->createController()
 3 SYSTEMPATH\CodeIgniter.php(361): CodeIgniter\CodeIgniter->handleRequest(null, Object(Config\Cache), false)
 4 FCPATH\index.php(79): CodeIgniter\CodeIgniter->run()
 5 SYSTEMPATH\Commands\Server\rewrite.php(47): require_once('C:\\xampp\\htdocs\\perpus-ukom-2024\\public\\index.php')
WARNING - 2024-06-10 23:55:59 --> [DEPRECATED] Creation of dynamic property App\Controllers\Member::$ModelKoleksiBuku is deprecated in APPPATH\Controllers\Member.php on line 21.
 1 SYSTEMPATH\CodeIgniter.php(914): App\Controllers\Member->__construct()
 2 SYSTEMPATH\CodeIgniter.php(493): CodeIgniter\CodeIgniter->createController()
 3 SYSTEMPATH\CodeIgniter.php(361): CodeIgniter\CodeIgniter->handleRequest(null, Object(Config\Cache), false)
 4 FCPATH\index.php(79): CodeIgniter\CodeIgniter->run()
 5 SYSTEMPATH\Commands\Server\rewrite.php(47): require_once('C:\\xampp\\htdocs\\perpus-ukom-2024\\public\\index.php')
WARNING - 2024-06-10 23:55:59 --> [DEPRECATED] Creation of dynamic property App\Controllers\Member::$ModelKategoriBuku is deprecated in APPPATH\Controllers\Member.php on line 22.
 1 SYSTEMPATH\CodeIgniter.php(914): App\Controllers\Member->__construct()
 2 SYSTEMPATH\CodeIgniter.php(493): CodeIgniter\CodeIgniter->createController()
 3 SYSTEMPATH\CodeIgniter.php(361): CodeIgniter\CodeIgniter->handleRequest(null, Object(Config\Cache), false)
 4 FCPATH\index.php(79): CodeIgniter\CodeIgniter->run()
 5 SYSTEMPATH\Commands\Server\rewrite.php(47): require_once('C:\\xampp\\htdocs\\perpus-ukom-2024\\public\\index.php')
INFO - 2024-06-10 23:56:00 --> Session: Class initialized using 'CodeIgniter\Session\Handlers\FileHandler' driver.
WARNING - 2024-06-10 23:56:18 --> [DEPRECATED] Creation of dynamic property App\Controllers\Member::$ModelBuku is deprecated in APPPATH\Controllers\Member.php on line 16.
 1 SYSTEMPATH\CodeIgniter.php(914): App\Controllers\Member->__construct()
 2 SYSTEMPATH\CodeIgniter.php(493): CodeIgniter\CodeIgniter->createController()
 3 SYSTEMPATH\CodeIgniter.php(361): CodeIgniter\CodeIgniter->handleRequest(null, Object(Config\Cache), false)
 4 FCPATH\index.php(79): CodeIgniter\CodeIgniter->run()
 5 SYSTEMPATH\Commands\Server\rewrite.php(47): require_once('C:\\xampp\\htdocs\\perpus-ukom-2024\\public\\index.php')
WARNING - 2024-06-10 23:56:18 --> [DEPRECATED] Creation of dynamic property App\Controllers\Member::$ModelMember is deprecated in APPPATH\Controllers\Member.php on line 17.
 1 SYSTEMPATH\CodeIgniter.php(914): App\Controllers\Member->__construct()
 2 SYSTEMPATH\CodeIgniter.php(493): CodeIgniter\CodeIgniter->createController()
 3 SYSTEMPATH\CodeIgniter.php(361): CodeIgniter\CodeIgniter->handleRequest(null, Object(Config\Cache), false)
 4 FCPATH\index.php(79): CodeIgniter\CodeIgniter->run()
 5 SYSTEMPATH\Commands\Server\rewrite.php(47): require_once('C:\\xampp\\htdocs\\perpus-ukom-2024\\public\\index.php')
WARNING - 2024-06-10 23:56:18 --> [DEPRECATED] Creation of dynamic property App\Controllers\Member::$ModelPeminjaman is deprecated in APPPATH\Controllers\Member.php on line 18.
 1 SYSTEMPATH\CodeIgniter.php(914): App\Controllers\Member->__construct()
 2 SYSTEMPATH\CodeIgniter.php(493): CodeIgniter\CodeIgniter->createController()
 3 SYSTEMPATH\CodeIgniter.php(361): CodeIgniter\CodeIgniter->handleRequest(null, Object(Config\Cache), false)
 4 FCPATH\index.php(79): CodeIgniter\CodeIgniter->run()
 5 SYSTEMPATH\Commands\Server\rewrite.php(47): require_once('C:\\xampp\\htdocs\\perpus-ukom-2024\\public\\index.php')
WARNING - 2024-06-10 23:56:18 --> [DEPRECATED] Creation of dynamic property App\Controllers\Member::$ModelPengembalian is deprecated in APPPATH\Controllers\Member.php on line 19.
 1 SYSTEMPATH\CodeIgniter.php(914): App\Controllers\Member->__construct()
 2 SYSTEMPATH\CodeIgniter.php(493): CodeIgniter\CodeIgniter->createController()
 3 SYSTEMPATH\CodeIgniter.php(361): CodeIgniter\CodeIgniter->handleRequest(null, Object(Config\Cache), false)
 4 FCPATH\index.php(79): CodeIgniter\CodeIgniter->run()
 5 SYSTEMPATH\Commands\Server\rewrite.php(47): require_once('C:\\xampp\\htdocs\\perpus-ukom-2024\\public\\index.php')
WARNING - 2024-06-10 23:56:18 --> [DEPRECATED] Creation of dynamic property App\Controllers\Member::$ModelUlasan is deprecated in APPPATH\Controllers\Member.php on line 20.
 1 SYSTEMPATH\CodeIgniter.php(914): App\Controllers\Member->__construct()
 2 SYSTEMPATH\CodeIgniter.php(493): CodeIgniter\CodeIgniter->createController()
 3 SYSTEMPATH\CodeIgniter.php(361): CodeIgniter\CodeIgniter->handleRequest(null, Object(Config\Cache), false)
 4 FCPATH\index.php(79): CodeIgniter\CodeIgniter->run()
 5 SYSTEMPATH\Commands\Server\rewrite.php(47): require_once('C:\\xampp\\htdocs\\perpus-ukom-2024\\public\\index.php')
WARNING - 2024-06-10 23:56:18 --> [DEPRECATED] Creation of dynamic property App\Controllers\Member::$ModelKoleksiBuku is deprecated in APPPATH\Controllers\Member.php on line 21.
 1 SYSTEMPATH\CodeIgniter.php(914): App\Controllers\Member->__construct()
 2 SYSTEMPATH\CodeIgniter.php(493): CodeIgniter\CodeIgniter->createController()
 3 SYSTEMPATH\CodeIgniter.php(361): CodeIgniter\CodeIgniter->handleRequest(null, Object(Config\Cache), false)
 4 FCPATH\index.php(79): CodeIgniter\CodeIgniter->run()
 5 SYSTEMPATH\Commands\Server\rewrite.php(47): require_once('C:\\xampp\\htdocs\\perpus-ukom-2024\\public\\index.php')
WARNING - 2024-06-10 23:56:18 --> [DEPRECATED] Creation of dynamic property App\Controllers\Member::$ModelKategoriBuku is deprecated in APPPATH\Controllers\Member.php on line 22.
 1 SYSTEMPATH\CodeIgniter.php(914): App\Controllers\Member->__construct()
 2 SYSTEMPATH\CodeIgniter.php(493): CodeIgniter\CodeIgniter->createController()
 3 SYSTEMPATH\CodeIgniter.php(361): CodeIgniter\CodeIgniter->handleRequest(null, Object(Config\Cache), false)
 4 FCPATH\index.php(79): CodeIgniter\CodeIgniter->run()
 5 SYSTEMPATH\Commands\Server\rewrite.php(47): require_once('C:\\xampp\\htdocs\\perpus-ukom-2024\\public\\index.php')
INFO - 2024-06-10 23:56:18 --> Session: Class initialized using 'CodeIgniter\Session\Handlers\FileHandler' driver.
WARNING - 2024-06-10 23:56:19 --> [DEPRECATED] Creation of dynamic property App\Controllers\Auth::$ModelPetugas is deprecated in APPPATH\Controllers\Auth.php on line 11.
 1 SYSTEMPATH\CodeIgniter.php(914): App\Controllers\Auth->__construct()
 2 SYSTEMPATH\CodeIgniter.php(493): CodeIgniter\CodeIgniter->createController()
 3 SYSTEMPATH\CodeIgniter.php(361): CodeIgniter\CodeIgniter->handleRequest(null, Object(Config\Cache), false)
 4 FCPATH\index.php(79): CodeIgniter\CodeIgniter->run()
 5 SYSTEMPATH\Commands\Server\rewrite.php(47): require_once('C:\\xampp\\htdocs\\perpus-ukom-2024\\public\\index.php')
WARNING - 2024-06-10 23:56:19 --> [DEPRECATED] Creation of dynamic property App\Controllers\Auth::$ModelMember is deprecated in APPPATH\Controllers\Auth.php on line 12.
 1 SYSTEMPATH\CodeIgniter.php(914): App\Controllers\Auth->__construct()
 2 SYSTEMPATH\CodeIgniter.php(493): CodeIgniter\CodeIgniter->createController()
 3 SYSTEMPATH\CodeIgniter.php(361): CodeIgniter\CodeIgniter->handleRequest(null, Object(Config\Cache), false)
 4 FCPATH\index.php(79): CodeIgniter\CodeIgniter->run()
 5 SYSTEMPATH\Commands\Server\rewrite.php(47): require_once('C:\\xampp\\htdocs\\perpus-ukom-2024\\public\\index.php')
INFO - 2024-06-10 23:56:19 --> Session: Class initialized using 'CodeIgniter\Session\Handlers\FileHandler' driver.
