WARNING - 2024-06-05 12:53:25 --> [DEPRECATED] Creation of dynamic property App\Controllers\Member::$ModelBuku is deprecated in APPPATH\Controllers\Member.php on line 16.
 1 SYSTEMPATH\CodeIgniter.php(914): App\Controllers\Member->__construct()
 2 SYSTEMPATH\CodeIgniter.php(493): CodeIgniter\CodeIgniter->createController()
 3 SYSTEMPATH\CodeIgniter.php(361): CodeIgniter\CodeIgniter->handleRequest(null, Object(Config\Cache), false)
 4 FCPATH\index.php(79): CodeIgniter\CodeIgniter->run()
WARNING - 2024-06-05 12:53:25 --> [DEPRECATED] Creation of dynamic property App\Controllers\Member::$ModelMember is deprecated in APPPATH\Controllers\Member.php on line 17.
 1 SYSTEMPATH\CodeIgniter.php(914): App\Controllers\Member->__construct()
 2 SYSTEMPATH\CodeIgniter.php(493): CodeIgniter\CodeIgniter->createController()
 3 SYSTEMPATH\CodeIgniter.php(361): CodeIgniter\CodeIgniter->handleRequest(null, Object(Config\Cache), false)
 4 FCPATH\index.php(79): CodeIgniter\CodeIgniter->run()
WARNING - 2024-06-05 12:53:25 --> [DEPRECATED] Creation of dynamic property App\Controllers\Member::$ModelPeminjaman is deprecated in APPPATH\Controllers\Member.php on line 18.
 1 SYSTEMPATH\CodeIgniter.php(914): App\Controllers\Member->__construct()
 2 SYSTEMPATH\CodeIgniter.php(493): CodeIgniter\CodeIgniter->createController()
 3 SYSTEMPATH\CodeIgniter.php(361): CodeIgniter\CodeIgniter->handleRequest(null, Object(Config\Cache), false)
 4 FCPATH\index.php(79): CodeIgniter\CodeIgniter->run()
WARNING - 2024-06-05 12:53:26 --> [DEPRECATED] Creation of dynamic property App\Controllers\Member::$ModelPengembalian is deprecated in APPPATH\Controllers\Member.php on line 19.
 1 SYSTEMPATH\CodeIgniter.php(914): App\Controllers\Member->__construct()
 2 SYSTEMPATH\CodeIgniter.php(493): CodeIgniter\CodeIgniter->createController()
 3 SYSTEMPATH\CodeIgniter.php(361): CodeIgniter\CodeIgniter->handleRequest(null, Object(Config\Cache), false)
 4 FCPATH\index.php(79): CodeIgniter\CodeIgniter->run()
WARNING - 2024-06-05 12:53:26 --> [DEPRECATED] Creation of dynamic property App\Controllers\Member::$ModelUlasan is deprecated in APPPATH\Controllers\Member.php on line 20.
 1 SYSTEMPATH\CodeIgniter.php(914): App\Controllers\Member->__construct()
 2 SYSTEMPATH\CodeIgniter.php(493): CodeIgniter\CodeIgniter->createController()
 3 SYSTEMPATH\CodeIgniter.php(361): CodeIgniter\CodeIgniter->handleRequest(null, Object(Config\Cache), false)
 4 FCPATH\index.php(79): CodeIgniter\CodeIgniter->run()
WARNING - 2024-06-05 12:53:26 --> [DEPRECATED] Creation of dynamic property App\Controllers\Member::$ModelKoleksiBuku is deprecated in APPPATH\Controllers\Member.php on line 21.
 1 SYSTEMPATH\CodeIgniter.php(914): App\Controllers\Member->__construct()
 2 SYSTEMPATH\CodeIgniter.php(493): CodeIgniter\CodeIgniter->createController()
 3 SYSTEMPATH\CodeIgniter.php(361): CodeIgniter\CodeIgniter->handleRequest(null, Object(Config\Cache), false)
 4 FCPATH\index.php(79): CodeIgniter\CodeIgniter->run()
WARNING - 2024-06-05 12:53:27 --> [DEPRECATED] Creation of dynamic property App\Controllers\Member::$ModelKategoriBuku is deprecated in APPPATH\Controllers\Member.php on line 22.
 1 SYSTEMPATH\CodeIgniter.php(914): App\Controllers\Member->__construct()
 2 SYSTEMPATH\CodeIgniter.php(493): CodeIgniter\CodeIgniter->createController()
 3 SYSTEMPATH\CodeIgniter.php(361): CodeIgniter\CodeIgniter->handleRequest(null, Object(Config\Cache), false)
 4 FCPATH\index.php(79): CodeIgniter\CodeIgniter->run()
INFO - 2024-06-05 12:53:28 --> Session: Class initialized using 'CodeIgniter\Session\Handlers\FileHandler' driver.
WARNING - 2024-06-05 12:53:55 --> [DEPRECATED] Creation of dynamic property App\Controllers\Member::$ModelBuku is deprecated in APPPATH\Controllers\Member.php on line 16.
 1 SYSTEMPATH\CodeIgniter.php(914): App\Controllers\Member->__construct()
 2 SYSTEMPATH\CodeIgniter.php(493): CodeIgniter\CodeIgniter->createController()
 3 SYSTEMPATH\CodeIgniter.php(361): CodeIgniter\CodeIgniter->handleRequest(null, Object(Config\Cache), false)
 4 FCPATH\index.php(79): CodeIgniter\CodeIgniter->run()
WARNING - 2024-06-05 12:53:55 --> [DEPRECATED] Creation of dynamic property App\Controllers\Member::$ModelMember is deprecated in APPPATH\Controllers\Member.php on line 17.
 1 SYSTEMPATH\CodeIgniter.php(914): App\Controllers\Member->__construct()
 2 SYSTEMPATH\CodeIgniter.php(493): CodeIgniter\CodeIgniter->createController()
 3 SYSTEMPATH\CodeIgniter.php(361): CodeIgniter\CodeIgniter->handleRequest(null, Object(Config\Cache), false)
 4 FCPATH\index.php(79): CodeIgniter\CodeIgniter->run()
WARNING - 2024-06-05 12:53:55 --> [DEPRECATED] Creation of dynamic property App\Controllers\Member::$ModelPeminjaman is deprecated in APPPATH\Controllers\Member.php on line 18.
 1 SYSTEMPATH\CodeIgniter.php(914): App\Controllers\Member->__construct()
 2 SYSTEMPATH\CodeIgniter.php(493): CodeIgniter\CodeIgniter->createController()
 3 SYSTEMPATH\CodeIgniter.php(361): CodeIgniter\CodeIgniter->handleRequest(null, Object(Config\Cache), false)
 4 FCPATH\index.php(79): CodeIgniter\CodeIgniter->run()
WARNING - 2024-06-05 12:53:55 --> [DEPRECATED] Creation of dynamic property App\Controllers\Member::$ModelPengembalian is deprecated in APPPATH\Controllers\Member.php on line 19.
 1 SYSTEMPATH\CodeIgniter.php(914): App\Controllers\Member->__construct()
 2 SYSTEMPATH\CodeIgniter.php(493): CodeIgniter\CodeIgniter->createController()
 3 SYSTEMPATH\CodeIgniter.php(361): CodeIgniter\CodeIgniter->handleRequest(null, Object(Config\Cache), false)
 4 FCPATH\index.php(79): CodeIgniter\CodeIgniter->run()
WARNING - 2024-06-05 12:53:55 --> [DEPRECATED] Creation of dynamic property App\Controllers\Member::$ModelUlasan is deprecated in APPPATH\Controllers\Member.php on line 20.
 1 SYSTEMPATH\CodeIgniter.php(914): App\Controllers\Member->__construct()
 2 SYSTEMPATH\CodeIgniter.php(493): CodeIgniter\CodeIgniter->createController()
 3 SYSTEMPATH\CodeIgniter.php(361): CodeIgniter\CodeIgniter->handleRequest(null, Object(Config\Cache), false)
 4 FCPATH\index.php(79): CodeIgniter\CodeIgniter->run()
WARNING - 2024-06-05 12:53:55 --> [DEPRECATED] Creation of dynamic property App\Controllers\Member::$ModelKoleksiBuku is deprecated in APPPATH\Controllers\Member.php on line 21.
 1 SYSTEMPATH\CodeIgniter.php(914): App\Controllers\Member->__construct()
 2 SYSTEMPATH\CodeIgniter.php(493): CodeIgniter\CodeIgniter->createController()
 3 SYSTEMPATH\CodeIgniter.php(361): CodeIgniter\CodeIgniter->handleRequest(null, Object(Config\Cache), false)
 4 FCPATH\index.php(79): CodeIgniter\CodeIgniter->run()
WARNING - 2024-06-05 12:53:55 --> [DEPRECATED] Creation of dynamic property App\Controllers\Member::$ModelKategoriBuku is deprecated in APPPATH\Controllers\Member.php on line 22.
 1 SYSTEMPATH\CodeIgniter.php(914): App\Controllers\Member->__construct()
 2 SYSTEMPATH\CodeIgniter.php(493): CodeIgniter\CodeIgniter->createController()
 3 SYSTEMPATH\CodeIgniter.php(361): CodeIgniter\CodeIgniter->handleRequest(null, Object(Config\Cache), false)
 4 FCPATH\index.php(79): CodeIgniter\CodeIgniter->run()
INFO - 2024-06-05 12:53:55 --> Session: Class initialized using 'CodeIgniter\Session\Handlers\FileHandler' driver.
