WARNING - 2024-02-07 01:52:08 --> [DEPRECATED] Creation of dynamic property App\Controllers\Member::$ModelBuku is deprecated in APPPATH/Controllers/Member.php on line 15.
 1 SYSTEMPATH/CodeIgniter.php(914): App\Controllers\Member->__construct()
 2 SYSTEMPATH/CodeIgniter.php(493): CodeIgniter\CodeIgniter->createController()
 3 SYSTEMPATH/CodeIgniter.php(361): CodeIgniter\CodeIgniter->handleRequest(null, Object(Config\Cache), false)
 4 FCPATH/index.php(79): CodeIgniter\CodeIgniter->run()
 5 SYSTEMPATH/Commands/Server/rewrite.php(47): require_once('/home/madi/Documents/project/ci4/perpus-ukom-2024/public/index.php')
WARNING - 2024-02-07 01:52:08 --> [DEPRECATED] Creation of dynamic property App\Controllers\Member::$ModelMember is deprecated in APPPATH/Controllers/Member.php on line 16.
 1 SYSTEMPATH/CodeIgniter.php(914): App\Controllers\Member->__construct()
 2 SYSTEMPATH/CodeIgniter.php(493): CodeIgniter\CodeIgniter->createController()
 3 SYSTEMPATH/CodeIgniter.php(361): CodeIgniter\CodeIgniter->handleRequest(null, Object(Config\Cache), false)
 4 FCPATH/index.php(79): CodeIgniter\CodeIgniter->run()
 5 SYSTEMPATH/Commands/Server/rewrite.php(47): require_once('/home/madi/Documents/project/ci4/perpus-ukom-2024/public/index.php')
WARNING - 2024-02-07 01:52:08 --> [DEPRECATED] Creation of dynamic property App\Controllers\Member::$ModelPeminjaman is deprecated in APPPATH/Controllers/Member.php on line 17.
 1 SYSTEMPATH/CodeIgniter.php(914): App\Controllers\Member->__construct()
 2 SYSTEMPATH/CodeIgniter.php(493): CodeIgniter\CodeIgniter->createController()
 3 SYSTEMPATH/CodeIgniter.php(361): CodeIgniter\CodeIgniter->handleRequest(null, Object(Config\Cache), false)
 4 FCPATH/index.php(79): CodeIgniter\CodeIgniter->run()
 5 SYSTEMPATH/Commands/Server/rewrite.php(47): require_once('/home/madi/Documents/project/ci4/perpus-ukom-2024/public/index.php')
WARNING - 2024-02-07 01:52:08 --> [DEPRECATED] Creation of dynamic property App\Controllers\Member::$ModelPengembalian is deprecated in APPPATH/Controllers/Member.php on line 18.
 1 SYSTEMPATH/CodeIgniter.php(914): App\Controllers\Member->__construct()
 2 SYSTEMPATH/CodeIgniter.php(493): CodeIgniter\CodeIgniter->createController()
 3 SYSTEMPATH/CodeIgniter.php(361): CodeIgniter\CodeIgniter->handleRequest(null, Object(Config\Cache), false)
 4 FCPATH/index.php(79): CodeIgniter\CodeIgniter->run()
 5 SYSTEMPATH/Commands/Server/rewrite.php(47): require_once('/home/madi/Documents/project/ci4/perpus-ukom-2024/public/index.php')
WARNING - 2024-02-07 01:52:08 --> [DEPRECATED] Creation of dynamic property App\Controllers\Member::$ModelUlasan is deprecated in APPPATH/Controllers/Member.php on line 19.
 1 SYSTEMPATH/CodeIgniter.php(914): App\Controllers\Member->__construct()
 2 SYSTEMPATH/CodeIgniter.php(493): CodeIgniter\CodeIgniter->createController()
 3 SYSTEMPATH/CodeIgniter.php(361): CodeIgniter\CodeIgniter->handleRequest(null, Object(Config\Cache), false)
 4 FCPATH/index.php(79): CodeIgniter\CodeIgniter->run()
 5 SYSTEMPATH/Commands/Server/rewrite.php(47): require_once('/home/madi/Documents/project/ci4/perpus-ukom-2024/public/index.php')
WARNING - 2024-02-07 01:52:08 --> [DEPRECATED] Creation of dynamic property App\Controllers\Member::$ModelKoleksiBuku is deprecated in APPPATH/Controllers/Member.php on line 20.
 1 SYSTEMPATH/CodeIgniter.php(914): App\Controllers\Member->__construct()
 2 SYSTEMPATH/CodeIgniter.php(493): CodeIgniter\CodeIgniter->createController()
 3 SYSTEMPATH/CodeIgniter.php(361): CodeIgniter\CodeIgniter->handleRequest(null, Object(Config\Cache), false)
 4 FCPATH/index.php(79): CodeIgniter\CodeIgniter->run()
 5 SYSTEMPATH/Commands/Server/rewrite.php(47): require_once('/home/madi/Documents/project/ci4/perpus-ukom-2024/public/index.php')
INFO - 2024-02-07 01:52:08 --> Session: Class initialized using 'CodeIgniter\Session\Handlers\FileHandler' driver.
WARNING - 2024-02-07 02:27:56 --> [DEPRECATED] Creation of dynamic property App\Controllers\Admin::$ModelKategoriBuku is deprecated in APPPATH/Controllers/Admin.php on line 16.
 1 SYSTEMPATH/CodeIgniter.php(914): App\Controllers\Admin->__construct()
 2 SYSTEMPATH/CodeIgniter.php(493): CodeIgniter\CodeIgniter->createController()
 3 SYSTEMPATH/CodeIgniter.php(361): CodeIgniter\CodeIgniter->handleRequest(null, Object(Config\Cache), false)
 4 FCPATH/index.php(79): CodeIgniter\CodeIgniter->run()
 5 SYSTEMPATH/Commands/Server/rewrite.php(47): require_once('/home/madi/Documents/project/ci4/perpus-ukom-2024/public/index.php')
WARNING - 2024-02-07 02:27:56 --> [DEPRECATED] Creation of dynamic property App\Controllers\Admin::$ModelBuku is deprecated in APPPATH/Controllers/Admin.php on line 17.
 1 SYSTEMPATH/CodeIgniter.php(914): App\Controllers\Admin->__construct()
 2 SYSTEMPATH/CodeIgniter.php(493): CodeIgniter\CodeIgniter->createController()
 3 SYSTEMPATH/CodeIgniter.php(361): CodeIgniter\CodeIgniter->handleRequest(null, Object(Config\Cache), false)
 4 FCPATH/index.php(79): CodeIgniter\CodeIgniter->run()
 5 SYSTEMPATH/Commands/Server/rewrite.php(47): require_once('/home/madi/Documents/project/ci4/perpus-ukom-2024/public/index.php')
WARNING - 2024-02-07 02:27:56 --> [DEPRECATED] Creation of dynamic property App\Controllers\Admin::$ModelSubKategori is deprecated in APPPATH/Controllers/Admin.php on line 18.
 1 SYSTEMPATH/CodeIgniter.php(914): App\Controllers\Admin->__construct()
 2 SYSTEMPATH/CodeIgniter.php(493): CodeIgniter\CodeIgniter->createController()
 3 SYSTEMPATH/CodeIgniter.php(361): CodeIgniter\CodeIgniter->handleRequest(null, Object(Config\Cache), false)
 4 FCPATH/index.php(79): CodeIgniter\CodeIgniter->run()
 5 SYSTEMPATH/Commands/Server/rewrite.php(47): require_once('/home/madi/Documents/project/ci4/perpus-ukom-2024/public/index.php')
WARNING - 2024-02-07 02:27:56 --> [DEPRECATED] Creation of dynamic property App\Controllers\Admin::$ModelPetugas is deprecated in APPPATH/Controllers/Admin.php on line 19.
 1 SYSTEMPATH/CodeIgniter.php(914): App\Controllers\Admin->__construct()
 2 SYSTEMPATH/CodeIgniter.php(493): CodeIgniter\CodeIgniter->createController()
 3 SYSTEMPATH/CodeIgniter.php(361): CodeIgniter\CodeIgniter->handleRequest(null, Object(Config\Cache), false)
 4 FCPATH/index.php(79): CodeIgniter\CodeIgniter->run()
 5 SYSTEMPATH/Commands/Server/rewrite.php(47): require_once('/home/madi/Documents/project/ci4/perpus-ukom-2024/public/index.php')
WARNING - 2024-02-07 02:27:56 --> [DEPRECATED] Creation of dynamic property App\Controllers\Admin::$ModelMember is deprecated in APPPATH/Controllers/Admin.php on line 20.
 1 SYSTEMPATH/CodeIgniter.php(914): App\Controllers\Admin->__construct()
 2 SYSTEMPATH/CodeIgniter.php(493): CodeIgniter\CodeIgniter->createController()
 3 SYSTEMPATH/CodeIgniter.php(361): CodeIgniter\CodeIgniter->handleRequest(null, Object(Config\Cache), false)
 4 FCPATH/index.php(79): CodeIgniter\CodeIgniter->run()
 5 SYSTEMPATH/Commands/Server/rewrite.php(47): require_once('/home/madi/Documents/project/ci4/perpus-ukom-2024/public/index.php')
INFO - 2024-02-07 02:27:56 --> Session: Class initialized using 'CodeIgniter\Session\Handlers\FileHandler' driver.
WARNING - 2024-02-07 02:27:56 --> [DEPRECATED] Creation of dynamic property App\Controllers\Auth::$ModelPetugas is deprecated in APPPATH/Controllers/Auth.php on line 11.
 1 SYSTEMPATH/CodeIgniter.php(914): App\Controllers\Auth->__construct()
 2 SYSTEMPATH/CodeIgniter.php(493): CodeIgniter\CodeIgniter->createController()
 3 SYSTEMPATH/CodeIgniter.php(361): CodeIgniter\CodeIgniter->handleRequest(null, Object(Config\Cache), false)
 4 FCPATH/index.php(79): CodeIgniter\CodeIgniter->run()
 5 SYSTEMPATH/Commands/Server/rewrite.php(47): require_once('/home/madi/Documents/project/ci4/perpus-ukom-2024/public/index.php')
WARNING - 2024-02-07 02:27:56 --> [DEPRECATED] Creation of dynamic property App\Controllers\Auth::$ModelMember is deprecated in APPPATH/Controllers/Auth.php on line 12.
 1 SYSTEMPATH/CodeIgniter.php(914): App\Controllers\Auth->__construct()
 2 SYSTEMPATH/CodeIgniter.php(493): CodeIgniter\CodeIgniter->createController()
 3 SYSTEMPATH/CodeIgniter.php(361): CodeIgniter\CodeIgniter->handleRequest(null, Object(Config\Cache), false)
 4 FCPATH/index.php(79): CodeIgniter\CodeIgniter->run()
 5 SYSTEMPATH/Commands/Server/rewrite.php(47): require_once('/home/madi/Documents/project/ci4/perpus-ukom-2024/public/index.php')
INFO - 2024-02-07 02:27:56 --> Session: Class initialized using 'CodeIgniter\Session\Handlers\FileHandler' driver.
WARNING - 2024-02-07 02:28:17 --> [DEPRECATED] Creation of dynamic property App\Controllers\Admin::$ModelKategoriBuku is deprecated in APPPATH/Controllers/Admin.php on line 16.
 1 SYSTEMPATH/CodeIgniter.php(914): App\Controllers\Admin->__construct()
 2 SYSTEMPATH/CodeIgniter.php(493): CodeIgniter\CodeIgniter->createController()
 3 SYSTEMPATH/CodeIgniter.php(361): CodeIgniter\CodeIgniter->handleRequest(null, Object(Config\Cache), false)
 4 FCPATH/index.php(79): CodeIgniter\CodeIgniter->run()
 5 SYSTEMPATH/Commands/Server/rewrite.php(47): require_once('/home/madi/Documents/project/ci4/perpus-ukom-2024/public/index.php')
WARNING - 2024-02-07 02:28:17 --> [DEPRECATED] Creation of dynamic property App\Controllers\Admin::$ModelBuku is deprecated in APPPATH/Controllers/Admin.php on line 17.
 1 SYSTEMPATH/CodeIgniter.php(914): App\Controllers\Admin->__construct()
 2 SYSTEMPATH/CodeIgniter.php(493): CodeIgniter\CodeIgniter->createController()
 3 SYSTEMPATH/CodeIgniter.php(361): CodeIgniter\CodeIgniter->handleRequest(null, Object(Config\Cache), false)
 4 FCPATH/index.php(79): CodeIgniter\CodeIgniter->run()
 5 SYSTEMPATH/Commands/Server/rewrite.php(47): require_once('/home/madi/Documents/project/ci4/perpus-ukom-2024/public/index.php')
WARNING - 2024-02-07 02:28:17 --> [DEPRECATED] Creation of dynamic property App\Controllers\Admin::$ModelSubKategori is deprecated in APPPATH/Controllers/Admin.php on line 18.
 1 SYSTEMPATH/CodeIgniter.php(914): App\Controllers\Admin->__construct()
 2 SYSTEMPATH/CodeIgniter.php(493): CodeIgniter\CodeIgniter->createController()
 3 SYSTEMPATH/CodeIgniter.php(361): CodeIgniter\CodeIgniter->handleRequest(null, Object(Config\Cache), false)
 4 FCPATH/index.php(79): CodeIgniter\CodeIgniter->run()
 5 SYSTEMPATH/Commands/Server/rewrite.php(47): require_once('/home/madi/Documents/project/ci4/perpus-ukom-2024/public/index.php')
WARNING - 2024-02-07 02:28:17 --> [DEPRECATED] Creation of dynamic property App\Controllers\Admin::$ModelPetugas is deprecated in APPPATH/Controllers/Admin.php on line 19.
 1 SYSTEMPATH/CodeIgniter.php(914): App\Controllers\Admin->__construct()
 2 SYSTEMPATH/CodeIgniter.php(493): CodeIgniter\CodeIgniter->createController()
 3 SYSTEMPATH/CodeIgniter.php(361): CodeIgniter\CodeIgniter->handleRequest(null, Object(Config\Cache), false)
 4 FCPATH/index.php(79): CodeIgniter\CodeIgniter->run()
 5 SYSTEMPATH/Commands/Server/rewrite.php(47): require_once('/home/madi/Documents/project/ci4/perpus-ukom-2024/public/index.php')
WARNING - 2024-02-07 02:28:17 --> [DEPRECATED] Creation of dynamic property App\Controllers\Admin::$ModelMember is deprecated in APPPATH/Controllers/Admin.php on line 20.
 1 SYSTEMPATH/CodeIgniter.php(914): App\Controllers\Admin->__construct()
 2 SYSTEMPATH/CodeIgniter.php(493): CodeIgniter\CodeIgniter->createController()
 3 SYSTEMPATH/CodeIgniter.php(361): CodeIgniter\CodeIgniter->handleRequest(null, Object(Config\Cache), false)
 4 FCPATH/index.php(79): CodeIgniter\CodeIgniter->run()
 5 SYSTEMPATH/Commands/Server/rewrite.php(47): require_once('/home/madi/Documents/project/ci4/perpus-ukom-2024/public/index.php')
INFO - 2024-02-07 02:28:17 --> Session: Class initialized using 'CodeIgniter\Session\Handlers\FileHandler' driver.
WARNING - 2024-02-07 02:28:17 --> [DEPRECATED] Creation of dynamic property App\Controllers\Auth::$ModelPetugas is deprecated in APPPATH/Controllers/Auth.php on line 11.
 1 SYSTEMPATH/CodeIgniter.php(914): App\Controllers\Auth->__construct()
 2 SYSTEMPATH/CodeIgniter.php(493): CodeIgniter\CodeIgniter->createController()
 3 SYSTEMPATH/CodeIgniter.php(361): CodeIgniter\CodeIgniter->handleRequest(null, Object(Config\Cache), false)
 4 FCPATH/index.php(79): CodeIgniter\CodeIgniter->run()
 5 SYSTEMPATH/Commands/Server/rewrite.php(47): require_once('/home/madi/Documents/project/ci4/perpus-ukom-2024/public/index.php')
WARNING - 2024-02-07 02:28:17 --> [DEPRECATED] Creation of dynamic property App\Controllers\Auth::$ModelMember is deprecated in APPPATH/Controllers/Auth.php on line 12.
 1 SYSTEMPATH/CodeIgniter.php(914): App\Controllers\Auth->__construct()
 2 SYSTEMPATH/CodeIgniter.php(493): CodeIgniter\CodeIgniter->createController()
 3 SYSTEMPATH/CodeIgniter.php(361): CodeIgniter\CodeIgniter->handleRequest(null, Object(Config\Cache), false)
 4 FCPATH/index.php(79): CodeIgniter\CodeIgniter->run()
 5 SYSTEMPATH/Commands/Server/rewrite.php(47): require_once('/home/madi/Documents/project/ci4/perpus-ukom-2024/public/index.php')
INFO - 2024-02-07 02:28:17 --> Session: Class initialized using 'CodeIgniter\Session\Handlers\FileHandler' driver.
WARNING - 2024-02-07 08:26:04 --> [DEPRECATED] Creation of dynamic property App\Controllers\Member::$ModelBuku is deprecated in APPPATH/Controllers/Member.php on line 15.
 1 SYSTEMPATH/CodeIgniter.php(914): App\Controllers\Member->__construct()
 2 SYSTEMPATH/CodeIgniter.php(493): CodeIgniter\CodeIgniter->createController()
 3 SYSTEMPATH/CodeIgniter.php(361): CodeIgniter\CodeIgniter->handleRequest(null, Object(Config\Cache), false)
 4 FCPATH/index.php(79): CodeIgniter\CodeIgniter->run()
 5 SYSTEMPATH/Commands/Server/rewrite.php(47): require_once('/home/madi/Documents/project/ci4/perpus-ukom-2024/public/index.php')
WARNING - 2024-02-07 08:26:04 --> [DEPRECATED] Creation of dynamic property App\Controllers\Member::$ModelMember is deprecated in APPPATH/Controllers/Member.php on line 16.
 1 SYSTEMPATH/CodeIgniter.php(914): App\Controllers\Member->__construct()
 2 SYSTEMPATH/CodeIgniter.php(493): CodeIgniter\CodeIgniter->createController()
 3 SYSTEMPATH/CodeIgniter.php(361): CodeIgniter\CodeIgniter->handleRequest(null, Object(Config\Cache), false)
 4 FCPATH/index.php(79): CodeIgniter\CodeIgniter->run()
 5 SYSTEMPATH/Commands/Server/rewrite.php(47): require_once('/home/madi/Documents/project/ci4/perpus-ukom-2024/public/index.php')
WARNING - 2024-02-07 08:26:04 --> [DEPRECATED] Creation of dynamic property App\Controllers\Member::$ModelPeminjaman is deprecated in APPPATH/Controllers/Member.php on line 17.
 1 SYSTEMPATH/CodeIgniter.php(914): App\Controllers\Member->__construct()
 2 SYSTEMPATH/CodeIgniter.php(493): CodeIgniter\CodeIgniter->createController()
 3 SYSTEMPATH/CodeIgniter.php(361): CodeIgniter\CodeIgniter->handleRequest(null, Object(Config\Cache), false)
 4 FCPATH/index.php(79): CodeIgniter\CodeIgniter->run()
 5 SYSTEMPATH/Commands/Server/rewrite.php(47): require_once('/home/madi/Documents/project/ci4/perpus-ukom-2024/public/index.php')
WARNING - 2024-02-07 08:26:04 --> [DEPRECATED] Creation of dynamic property App\Controllers\Member::$ModelPengembalian is deprecated in APPPATH/Controllers/Member.php on line 18.
 1 SYSTEMPATH/CodeIgniter.php(914): App\Controllers\Member->__construct()
 2 SYSTEMPATH/CodeIgniter.php(493): CodeIgniter\CodeIgniter->createController()
 3 SYSTEMPATH/CodeIgniter.php(361): CodeIgniter\CodeIgniter->handleRequest(null, Object(Config\Cache), false)
 4 FCPATH/index.php(79): CodeIgniter\CodeIgniter->run()
 5 SYSTEMPATH/Commands/Server/rewrite.php(47): require_once('/home/madi/Documents/project/ci4/perpus-ukom-2024/public/index.php')
WARNING - 2024-02-07 08:26:04 --> [DEPRECATED] Creation of dynamic property App\Controllers\Member::$ModelUlasan is deprecated in APPPATH/Controllers/Member.php on line 19.
 1 SYSTEMPATH/CodeIgniter.php(914): App\Controllers\Member->__construct()
 2 SYSTEMPATH/CodeIgniter.php(493): CodeIgniter\CodeIgniter->createController()
 3 SYSTEMPATH/CodeIgniter.php(361): CodeIgniter\CodeIgniter->handleRequest(null, Object(Config\Cache), false)
 4 FCPATH/index.php(79): CodeIgniter\CodeIgniter->run()
 5 SYSTEMPATH/Commands/Server/rewrite.php(47): require_once('/home/madi/Documents/project/ci4/perpus-ukom-2024/public/index.php')
WARNING - 2024-02-07 08:26:04 --> [DEPRECATED] Creation of dynamic property App\Controllers\Member::$ModelKoleksiBuku is deprecated in APPPATH/Controllers/Member.php on line 20.
 1 SYSTEMPATH/CodeIgniter.php(914): App\Controllers\Member->__construct()
 2 SYSTEMPATH/CodeIgniter.php(493): CodeIgniter\CodeIgniter->createController()
 3 SYSTEMPATH/CodeIgniter.php(361): CodeIgniter\CodeIgniter->handleRequest(null, Object(Config\Cache), false)
 4 FCPATH/index.php(79): CodeIgniter\CodeIgniter->run()
 5 SYSTEMPATH/Commands/Server/rewrite.php(47): require_once('/home/madi/Documents/project/ci4/perpus-ukom-2024/public/index.php')
INFO - 2024-02-07 08:26:04 --> Session: Class initialized using 'CodeIgniter\Session\Handlers\FileHandler' driver.
WARNING - 2024-02-07 08:26:05 --> [DEPRECATED] Creation of dynamic property App\Controllers\Auth::$ModelPetugas is deprecated in APPPATH/Controllers/Auth.php on line 11.
 1 SYSTEMPATH/CodeIgniter.php(914): App\Controllers\Auth->__construct()
 2 SYSTEMPATH/CodeIgniter.php(493): CodeIgniter\CodeIgniter->createController()
 3 SYSTEMPATH/CodeIgniter.php(361): CodeIgniter\CodeIgniter->handleRequest(null, Object(Config\Cache), false)
 4 FCPATH/index.php(79): CodeIgniter\CodeIgniter->run()
 5 SYSTEMPATH/Commands/Server/rewrite.php(47): require_once('/home/madi/Documents/project/ci4/perpus-ukom-2024/public/index.php')
WARNING - 2024-02-07 08:26:05 --> [DEPRECATED] Creation of dynamic property App\Controllers\Auth::$ModelMember is deprecated in APPPATH/Controllers/Auth.php on line 12.
 1 SYSTEMPATH/CodeIgniter.php(914): App\Controllers\Auth->__construct()
 2 SYSTEMPATH/CodeIgniter.php(493): CodeIgniter\CodeIgniter->createController()
 3 SYSTEMPATH/CodeIgniter.php(361): CodeIgniter\CodeIgniter->handleRequest(null, Object(Config\Cache), false)
 4 FCPATH/index.php(79): CodeIgniter\CodeIgniter->run()
 5 SYSTEMPATH/Commands/Server/rewrite.php(47): require_once('/home/madi/Documents/project/ci4/perpus-ukom-2024/public/index.php')
INFO - 2024-02-07 08:26:05 --> Session: Class initialized using 'CodeIgniter\Session\Handlers\FileHandler' driver.
WARNING - 2024-02-07 08:26:07 --> [DEPRECATED] Creation of dynamic property App\Controllers\Auth::$ModelPetugas is deprecated in APPPATH/Controllers/Auth.php on line 11.
 1 SYSTEMPATH/CodeIgniter.php(914): App\Controllers\Auth->__construct()
 2 SYSTEMPATH/CodeIgniter.php(493): CodeIgniter\CodeIgniter->createController()
 3 SYSTEMPATH/CodeIgniter.php(361): CodeIgniter\CodeIgniter->handleRequest(null, Object(Config\Cache), false)
 4 FCPATH/index.php(79): CodeIgniter\CodeIgniter->run()
 5 SYSTEMPATH/Commands/Server/rewrite.php(47): require_once('/home/madi/Documents/project/ci4/perpus-ukom-2024/public/index.php')
WARNING - 2024-02-07 08:26:07 --> [DEPRECATED] Creation of dynamic property App\Controllers\Auth::$ModelMember is deprecated in APPPATH/Controllers/Auth.php on line 12.
 1 SYSTEMPATH/CodeIgniter.php(914): App\Controllers\Auth->__construct()
 2 SYSTEMPATH/CodeIgniter.php(493): CodeIgniter\CodeIgniter->createController()
 3 SYSTEMPATH/CodeIgniter.php(361): CodeIgniter\CodeIgniter->handleRequest(null, Object(Config\Cache), false)
 4 FCPATH/index.php(79): CodeIgniter\CodeIgniter->run()
 5 SYSTEMPATH/Commands/Server/rewrite.php(47): require_once('/home/madi/Documents/project/ci4/perpus-ukom-2024/public/index.php')
INFO - 2024-02-07 08:26:07 --> Session: Class initialized using 'CodeIgniter\Session\Handlers\FileHandler' driver.
WARNING - 2024-02-07 08:26:15 --> [DEPRECATED] Creation of dynamic property App\Controllers\Auth::$ModelPetugas is deprecated in APPPATH/Controllers/Auth.php on line 11.
 1 SYSTEMPATH/CodeIgniter.php(914): App\Controllers\Auth->__construct()
 2 SYSTEMPATH/CodeIgniter.php(493): CodeIgniter\CodeIgniter->createController()
 3 SYSTEMPATH/CodeIgniter.php(361): CodeIgniter\CodeIgniter->handleRequest(null, Object(Config\Cache), false)
 4 FCPATH/index.php(79): CodeIgniter\CodeIgniter->run()
 5 SYSTEMPATH/Commands/Server/rewrite.php(47): require_once('/home/madi/Documents/project/ci4/perpus-ukom-2024/public/index.php')
WARNING - 2024-02-07 08:26:15 --> [DEPRECATED] Creation of dynamic property App\Controllers\Auth::$ModelMember is deprecated in APPPATH/Controllers/Auth.php on line 12.
 1 SYSTEMPATH/CodeIgniter.php(914): App\Controllers\Auth->__construct()
 2 SYSTEMPATH/CodeIgniter.php(493): CodeIgniter\CodeIgniter->createController()
 3 SYSTEMPATH/CodeIgniter.php(361): CodeIgniter\CodeIgniter->handleRequest(null, Object(Config\Cache), false)
 4 FCPATH/index.php(79): CodeIgniter\CodeIgniter->run()
 5 SYSTEMPATH/Commands/Server/rewrite.php(47): require_once('/home/madi/Documents/project/ci4/perpus-ukom-2024/public/index.php')
INFO - 2024-02-07 08:26:15 --> Session: Class initialized using 'CodeIgniter\Session\Handlers\FileHandler' driver.
WARNING - 2024-02-07 08:26:15 --> [DEPRECATED] Creation of dynamic property App\Controllers\Member::$ModelBuku is deprecated in APPPATH/Controllers/Member.php on line 15.
 1 SYSTEMPATH/CodeIgniter.php(914): App\Controllers\Member->__construct()
 2 SYSTEMPATH/CodeIgniter.php(493): CodeIgniter\CodeIgniter->createController()
 3 SYSTEMPATH/CodeIgniter.php(361): CodeIgniter\CodeIgniter->handleRequest(null, Object(Config\Cache), false)
 4 FCPATH/index.php(79): CodeIgniter\CodeIgniter->run()
 5 SYSTEMPATH/Commands/Server/rewrite.php(47): require_once('/home/madi/Documents/project/ci4/perpus-ukom-2024/public/index.php')
WARNING - 2024-02-07 08:26:15 --> [DEPRECATED] Creation of dynamic property App\Controllers\Member::$ModelMember is deprecated in APPPATH/Controllers/Member.php on line 16.
 1 SYSTEMPATH/CodeIgniter.php(914): App\Controllers\Member->__construct()
 2 SYSTEMPATH/CodeIgniter.php(493): CodeIgniter\CodeIgniter->createController()
 3 SYSTEMPATH/CodeIgniter.php(361): CodeIgniter\CodeIgniter->handleRequest(null, Object(Config\Cache), false)
 4 FCPATH/index.php(79): CodeIgniter\CodeIgniter->run()
 5 SYSTEMPATH/Commands/Server/rewrite.php(47): require_once('/home/madi/Documents/project/ci4/perpus-ukom-2024/public/index.php')
WARNING - 2024-02-07 08:26:15 --> [DEPRECATED] Creation of dynamic property App\Controllers\Member::$ModelPeminjaman is deprecated in APPPATH/Controllers/Member.php on line 17.
 1 SYSTEMPATH/CodeIgniter.php(914): App\Controllers\Member->__construct()
 2 SYSTEMPATH/CodeIgniter.php(493): CodeIgniter\CodeIgniter->createController()
 3 SYSTEMPATH/CodeIgniter.php(361): CodeIgniter\CodeIgniter->handleRequest(null, Object(Config\Cache), false)
 4 FCPATH/index.php(79): CodeIgniter\CodeIgniter->run()
 5 SYSTEMPATH/Commands/Server/rewrite.php(47): require_once('/home/madi/Documents/project/ci4/perpus-ukom-2024/public/index.php')
WARNING - 2024-02-07 08:26:15 --> [DEPRECATED] Creation of dynamic property App\Controllers\Member::$ModelPengembalian is deprecated in APPPATH/Controllers/Member.php on line 18.
 1 SYSTEMPATH/CodeIgniter.php(914): App\Controllers\Member->__construct()
 2 SYSTEMPATH/CodeIgniter.php(493): CodeIgniter\CodeIgniter->createController()
 3 SYSTEMPATH/CodeIgniter.php(361): CodeIgniter\CodeIgniter->handleRequest(null, Object(Config\Cache), false)
 4 FCPATH/index.php(79): CodeIgniter\CodeIgniter->run()
 5 SYSTEMPATH/Commands/Server/rewrite.php(47): require_once('/home/madi/Documents/project/ci4/perpus-ukom-2024/public/index.php')
WARNING - 2024-02-07 08:26:15 --> [DEPRECATED] Creation of dynamic property App\Controllers\Member::$ModelUlasan is deprecated in APPPATH/Controllers/Member.php on line 19.
 1 SYSTEMPATH/CodeIgniter.php(914): App\Controllers\Member->__construct()
 2 SYSTEMPATH/CodeIgniter.php(493): CodeIgniter\CodeIgniter->createController()
 3 SYSTEMPATH/CodeIgniter.php(361): CodeIgniter\CodeIgniter->handleRequest(null, Object(Config\Cache), false)
 4 FCPATH/index.php(79): CodeIgniter\CodeIgniter->run()
 5 SYSTEMPATH/Commands/Server/rewrite.php(47): require_once('/home/madi/Documents/project/ci4/perpus-ukom-2024/public/index.php')
WARNING - 2024-02-07 08:26:15 --> [DEPRECATED] Creation of dynamic property App\Controllers\Member::$ModelKoleksiBuku is deprecated in APPPATH/Controllers/Member.php on line 20.
 1 SYSTEMPATH/CodeIgniter.php(914): App\Controllers\Member->__construct()
 2 SYSTEMPATH/CodeIgniter.php(493): CodeIgniter\CodeIgniter->createController()
 3 SYSTEMPATH/CodeIgniter.php(361): CodeIgniter\CodeIgniter->handleRequest(null, Object(Config\Cache), false)
 4 FCPATH/index.php(79): CodeIgniter\CodeIgniter->run()
 5 SYSTEMPATH/Commands/Server/rewrite.php(47): require_once('/home/madi/Documents/project/ci4/perpus-ukom-2024/public/index.php')
INFO - 2024-02-07 08:26:15 --> Session: Class initialized using 'CodeIgniter\Session\Handlers\FileHandler' driver.
WARNING - 2024-02-07 08:26:19 --> [DEPRECATED] Creation of dynamic property App\Controllers\Member::$ModelBuku is deprecated in APPPATH/Controllers/Member.php on line 15.
 1 SYSTEMPATH/CodeIgniter.php(914): App\Controllers\Member->__construct()
 2 SYSTEMPATH/CodeIgniter.php(493): CodeIgniter\CodeIgniter->createController()
 3 SYSTEMPATH/CodeIgniter.php(361): CodeIgniter\CodeIgniter->handleRequest(null, Object(Config\Cache), false)
 4 FCPATH/index.php(79): CodeIgniter\CodeIgniter->run()
 5 SYSTEMPATH/Commands/Server/rewrite.php(47): require_once('/home/madi/Documents/project/ci4/perpus-ukom-2024/public/index.php')
WARNING - 2024-02-07 08:26:19 --> [DEPRECATED] Creation of dynamic property App\Controllers\Member::$ModelMember is deprecated in APPPATH/Controllers/Member.php on line 16.
 1 SYSTEMPATH/CodeIgniter.php(914): App\Controllers\Member->__construct()
 2 SYSTEMPATH/CodeIgniter.php(493): CodeIgniter\CodeIgniter->createController()
 3 SYSTEMPATH/CodeIgniter.php(361): CodeIgniter\CodeIgniter->handleRequest(null, Object(Config\Cache), false)
 4 FCPATH/index.php(79): CodeIgniter\CodeIgniter->run()
 5 SYSTEMPATH/Commands/Server/rewrite.php(47): require_once('/home/madi/Documents/project/ci4/perpus-ukom-2024/public/index.php')
WARNING - 2024-02-07 08:26:19 --> [DEPRECATED] Creation of dynamic property App\Controllers\Member::$ModelPeminjaman is deprecated in APPPATH/Controllers/Member.php on line 17.
 1 SYSTEMPATH/CodeIgniter.php(914): App\Controllers\Member->__construct()
 2 SYSTEMPATH/CodeIgniter.php(493): CodeIgniter\CodeIgniter->createController()
 3 SYSTEMPATH/CodeIgniter.php(361): CodeIgniter\CodeIgniter->handleRequest(null, Object(Config\Cache), false)
 4 FCPATH/index.php(79): CodeIgniter\CodeIgniter->run()
 5 SYSTEMPATH/Commands/Server/rewrite.php(47): require_once('/home/madi/Documents/project/ci4/perpus-ukom-2024/public/index.php')
WARNING - 2024-02-07 08:26:19 --> [DEPRECATED] Creation of dynamic property App\Controllers\Member::$ModelPengembalian is deprecated in APPPATH/Controllers/Member.php on line 18.
 1 SYSTEMPATH/CodeIgniter.php(914): App\Controllers\Member->__construct()
 2 SYSTEMPATH/CodeIgniter.php(493): CodeIgniter\CodeIgniter->createController()
 3 SYSTEMPATH/CodeIgniter.php(361): CodeIgniter\CodeIgniter->handleRequest(null, Object(Config\Cache), false)
 4 FCPATH/index.php(79): CodeIgniter\CodeIgniter->run()
 5 SYSTEMPATH/Commands/Server/rewrite.php(47): require_once('/home/madi/Documents/project/ci4/perpus-ukom-2024/public/index.php')
WARNING - 2024-02-07 08:26:19 --> [DEPRECATED] Creation of dynamic property App\Controllers\Member::$ModelUlasan is deprecated in APPPATH/Controllers/Member.php on line 19.
 1 SYSTEMPATH/CodeIgniter.php(914): App\Controllers\Member->__construct()
 2 SYSTEMPATH/CodeIgniter.php(493): CodeIgniter\CodeIgniter->createController()
 3 SYSTEMPATH/CodeIgniter.php(361): CodeIgniter\CodeIgniter->handleRequest(null, Object(Config\Cache), false)
 4 FCPATH/index.php(79): CodeIgniter\CodeIgniter->run()
 5 SYSTEMPATH/Commands/Server/rewrite.php(47): require_once('/home/madi/Documents/project/ci4/perpus-ukom-2024/public/index.php')
WARNING - 2024-02-07 08:26:19 --> [DEPRECATED] Creation of dynamic property App\Controllers\Member::$ModelKoleksiBuku is deprecated in APPPATH/Controllers/Member.php on line 20.
 1 SYSTEMPATH/CodeIgniter.php(914): App\Controllers\Member->__construct()
 2 SYSTEMPATH/CodeIgniter.php(493): CodeIgniter\CodeIgniter->createController()
 3 SYSTEMPATH/CodeIgniter.php(361): CodeIgniter\CodeIgniter->handleRequest(null, Object(Config\Cache), false)
 4 FCPATH/index.php(79): CodeIgniter\CodeIgniter->run()
 5 SYSTEMPATH/Commands/Server/rewrite.php(47): require_once('/home/madi/Documents/project/ci4/perpus-ukom-2024/public/index.php')
INFO - 2024-02-07 08:26:19 --> Session: Class initialized using 'CodeIgniter\Session\Handlers\FileHandler' driver.
WARNING - 2024-02-07 08:26:29 --> [DEPRECATED] Creation of dynamic property App\Controllers\Member::$ModelBuku is deprecated in APPPATH/Controllers/Member.php on line 15.
 1 SYSTEMPATH/CodeIgniter.php(914): App\Controllers\Member->__construct()
 2 SYSTEMPATH/CodeIgniter.php(493): CodeIgniter\CodeIgniter->createController()
 3 SYSTEMPATH/CodeIgniter.php(361): CodeIgniter\CodeIgniter->handleRequest(null, Object(Config\Cache), false)
 4 FCPATH/index.php(79): CodeIgniter\CodeIgniter->run()
 5 SYSTEMPATH/Commands/Server/rewrite.php(47): require_once('/home/madi/Documents/project/ci4/perpus-ukom-2024/public/index.php')
WARNING - 2024-02-07 08:26:29 --> [DEPRECATED] Creation of dynamic property App\Controllers\Member::$ModelMember is deprecated in APPPATH/Controllers/Member.php on line 16.
 1 SYSTEMPATH/CodeIgniter.php(914): App\Controllers\Member->__construct()
 2 SYSTEMPATH/CodeIgniter.php(493): CodeIgniter\CodeIgniter->createController()
 3 SYSTEMPATH/CodeIgniter.php(361): CodeIgniter\CodeIgniter->handleRequest(null, Object(Config\Cache), false)
 4 FCPATH/index.php(79): CodeIgniter\CodeIgniter->run()
 5 SYSTEMPATH/Commands/Server/rewrite.php(47): require_once('/home/madi/Documents/project/ci4/perpus-ukom-2024/public/index.php')
WARNING - 2024-02-07 08:26:29 --> [DEPRECATED] Creation of dynamic property App\Controllers\Member::$ModelPeminjaman is deprecated in APPPATH/Controllers/Member.php on line 17.
 1 SYSTEMPATH/CodeIgniter.php(914): App\Controllers\Member->__construct()
 2 SYSTEMPATH/CodeIgniter.php(493): CodeIgniter\CodeIgniter->createController()
 3 SYSTEMPATH/CodeIgniter.php(361): CodeIgniter\CodeIgniter->handleRequest(null, Object(Config\Cache), false)
 4 FCPATH/index.php(79): CodeIgniter\CodeIgniter->run()
 5 SYSTEMPATH/Commands/Server/rewrite.php(47): require_once('/home/madi/Documents/project/ci4/perpus-ukom-2024/public/index.php')
WARNING - 2024-02-07 08:26:29 --> [DEPRECATED] Creation of dynamic property App\Controllers\Member::$ModelPengembalian is deprecated in APPPATH/Controllers/Member.php on line 18.
 1 SYSTEMPATH/CodeIgniter.php(914): App\Controllers\Member->__construct()
 2 SYSTEMPATH/CodeIgniter.php(493): CodeIgniter\CodeIgniter->createController()
 3 SYSTEMPATH/CodeIgniter.php(361): CodeIgniter\CodeIgniter->handleRequest(null, Object(Config\Cache), false)
 4 FCPATH/index.php(79): CodeIgniter\CodeIgniter->run()
 5 SYSTEMPATH/Commands/Server/rewrite.php(47): require_once('/home/madi/Documents/project/ci4/perpus-ukom-2024/public/index.php')
WARNING - 2024-02-07 08:26:29 --> [DEPRECATED] Creation of dynamic property App\Controllers\Member::$ModelUlasan is deprecated in APPPATH/Controllers/Member.php on line 19.
 1 SYSTEMPATH/CodeIgniter.php(914): App\Controllers\Member->__construct()
 2 SYSTEMPATH/CodeIgniter.php(493): CodeIgniter\CodeIgniter->createController()
 3 SYSTEMPATH/CodeIgniter.php(361): CodeIgniter\CodeIgniter->handleRequest(null, Object(Config\Cache), false)
 4 FCPATH/index.php(79): CodeIgniter\CodeIgniter->run()
 5 SYSTEMPATH/Commands/Server/rewrite.php(47): require_once('/home/madi/Documents/project/ci4/perpus-ukom-2024/public/index.php')
WARNING - 2024-02-07 08:26:29 --> [DEPRECATED] Creation of dynamic property App\Controllers\Member::$ModelKoleksiBuku is deprecated in APPPATH/Controllers/Member.php on line 20.
 1 SYSTEMPATH/CodeIgniter.php(914): App\Controllers\Member->__construct()
 2 SYSTEMPATH/CodeIgniter.php(493): CodeIgniter\CodeIgniter->createController()
 3 SYSTEMPATH/CodeIgniter.php(361): CodeIgniter\CodeIgniter->handleRequest(null, Object(Config\Cache), false)
 4 FCPATH/index.php(79): CodeIgniter\CodeIgniter->run()
 5 SYSTEMPATH/Commands/Server/rewrite.php(47): require_once('/home/madi/Documents/project/ci4/perpus-ukom-2024/public/index.php')
INFO - 2024-02-07 08:26:29 --> Session: Class initialized using 'CodeIgniter\Session\Handlers\FileHandler' driver.
WARNING - 2024-02-07 08:26:29 --> [DEPRECATED] Creation of dynamic property App\Controllers\Member::$ModelBuku is deprecated in APPPATH/Controllers/Member.php on line 15.
 1 SYSTEMPATH/CodeIgniter.php(914): App\Controllers\Member->__construct()
 2 SYSTEMPATH/CodeIgniter.php(493): CodeIgniter\CodeIgniter->createController()
 3 SYSTEMPATH/CodeIgniter.php(361): CodeIgniter\CodeIgniter->handleRequest(null, Object(Config\Cache), false)
 4 FCPATH/index.php(79): CodeIgniter\CodeIgniter->run()
 5 SYSTEMPATH/Commands/Server/rewrite.php(47): require_once('/home/madi/Documents/project/ci4/perpus-ukom-2024/public/index.php')
WARNING - 2024-02-07 08:26:29 --> [DEPRECATED] Creation of dynamic property App\Controllers\Member::$ModelMember is deprecated in APPPATH/Controllers/Member.php on line 16.
 1 SYSTEMPATH/CodeIgniter.php(914): App\Controllers\Member->__construct()
 2 SYSTEMPATH/CodeIgniter.php(493): CodeIgniter\CodeIgniter->createController()
 3 SYSTEMPATH/CodeIgniter.php(361): CodeIgniter\CodeIgniter->handleRequest(null, Object(Config\Cache), false)
 4 FCPATH/index.php(79): CodeIgniter\CodeIgniter->run()
 5 SYSTEMPATH/Commands/Server/rewrite.php(47): require_once('/home/madi/Documents/project/ci4/perpus-ukom-2024/public/index.php')
WARNING - 2024-02-07 08:26:29 --> [DEPRECATED] Creation of dynamic property App\Controllers\Member::$ModelPeminjaman is deprecated in APPPATH/Controllers/Member.php on line 17.
 1 SYSTEMPATH/CodeIgniter.php(914): App\Controllers\Member->__construct()
 2 SYSTEMPATH/CodeIgniter.php(493): CodeIgniter\CodeIgniter->createController()
 3 SYSTEMPATH/CodeIgniter.php(361): CodeIgniter\CodeIgniter->handleRequest(null, Object(Config\Cache), false)
 4 FCPATH/index.php(79): CodeIgniter\CodeIgniter->run()
 5 SYSTEMPATH/Commands/Server/rewrite.php(47): require_once('/home/madi/Documents/project/ci4/perpus-ukom-2024/public/index.php')
WARNING - 2024-02-07 08:26:29 --> [DEPRECATED] Creation of dynamic property App\Controllers\Member::$ModelPengembalian is deprecated in APPPATH/Controllers/Member.php on line 18.
 1 SYSTEMPATH/CodeIgniter.php(914): App\Controllers\Member->__construct()
 2 SYSTEMPATH/CodeIgniter.php(493): CodeIgniter\CodeIgniter->createController()
 3 SYSTEMPATH/CodeIgniter.php(361): CodeIgniter\CodeIgniter->handleRequest(null, Object(Config\Cache), false)
 4 FCPATH/index.php(79): CodeIgniter\CodeIgniter->run()
 5 SYSTEMPATH/Commands/Server/rewrite.php(47): require_once('/home/madi/Documents/project/ci4/perpus-ukom-2024/public/index.php')
WARNING - 2024-02-07 08:26:29 --> [DEPRECATED] Creation of dynamic property App\Controllers\Member::$ModelUlasan is deprecated in APPPATH/Controllers/Member.php on line 19.
 1 SYSTEMPATH/CodeIgniter.php(914): App\Controllers\Member->__construct()
 2 SYSTEMPATH/CodeIgniter.php(493): CodeIgniter\CodeIgniter->createController()
 3 SYSTEMPATH/CodeIgniter.php(361): CodeIgniter\CodeIgniter->handleRequest(null, Object(Config\Cache), false)
 4 FCPATH/index.php(79): CodeIgniter\CodeIgniter->run()
 5 SYSTEMPATH/Commands/Server/rewrite.php(47): require_once('/home/madi/Documents/project/ci4/perpus-ukom-2024/public/index.php')
WARNING - 2024-02-07 08:26:29 --> [DEPRECATED] Creation of dynamic property App\Controllers\Member::$ModelKoleksiBuku is deprecated in APPPATH/Controllers/Member.php on line 20.
 1 SYSTEMPATH/CodeIgniter.php(914): App\Controllers\Member->__construct()
 2 SYSTEMPATH/CodeIgniter.php(493): CodeIgniter\CodeIgniter->createController()
 3 SYSTEMPATH/CodeIgniter.php(361): CodeIgniter\CodeIgniter->handleRequest(null, Object(Config\Cache), false)
 4 FCPATH/index.php(79): CodeIgniter\CodeIgniter->run()
 5 SYSTEMPATH/Commands/Server/rewrite.php(47): require_once('/home/madi/Documents/project/ci4/perpus-ukom-2024/public/index.php')
INFO - 2024-02-07 08:26:29 --> Session: Class initialized using 'CodeIgniter\Session\Handlers\FileHandler' driver.
WARNING - 2024-02-07 08:26:34 --> [DEPRECATED] Creation of dynamic property App\Controllers\Member::$ModelBuku is deprecated in APPPATH/Controllers/Member.php on line 15.
 1 SYSTEMPATH/CodeIgniter.php(914): App\Controllers\Member->__construct()
 2 SYSTEMPATH/CodeIgniter.php(493): CodeIgniter\CodeIgniter->createController()
 3 SYSTEMPATH/CodeIgniter.php(361): CodeIgniter\CodeIgniter->handleRequest(null, Object(Config\Cache), false)
 4 FCPATH/index.php(79): CodeIgniter\CodeIgniter->run()
 5 SYSTEMPATH/Commands/Server/rewrite.php(47): require_once('/home/madi/Documents/project/ci4/perpus-ukom-2024/public/index.php')
WARNING - 2024-02-07 08:26:34 --> [DEPRECATED] Creation of dynamic property App\Controllers\Member::$ModelMember is deprecated in APPPATH/Controllers/Member.php on line 16.
 1 SYSTEMPATH/CodeIgniter.php(914): App\Controllers\Member->__construct()
 2 SYSTEMPATH/CodeIgniter.php(493): CodeIgniter\CodeIgniter->createController()
 3 SYSTEMPATH/CodeIgniter.php(361): CodeIgniter\CodeIgniter->handleRequest(null, Object(Config\Cache), false)
 4 FCPATH/index.php(79): CodeIgniter\CodeIgniter->run()
 5 SYSTEMPATH/Commands/Server/rewrite.php(47): require_once('/home/madi/Documents/project/ci4/perpus-ukom-2024/public/index.php')
WARNING - 2024-02-07 08:26:34 --> [DEPRECATED] Creation of dynamic property App\Controllers\Member::$ModelPeminjaman is deprecated in APPPATH/Controllers/Member.php on line 17.
 1 SYSTEMPATH/CodeIgniter.php(914): App\Controllers\Member->__construct()
 2 SYSTEMPATH/CodeIgniter.php(493): CodeIgniter\CodeIgniter->createController()
 3 SYSTEMPATH/CodeIgniter.php(361): CodeIgniter\CodeIgniter->handleRequest(null, Object(Config\Cache), false)
 4 FCPATH/index.php(79): CodeIgniter\CodeIgniter->run()
 5 SYSTEMPATH/Commands/Server/rewrite.php(47): require_once('/home/madi/Documents/project/ci4/perpus-ukom-2024/public/index.php')
WARNING - 2024-02-07 08:26:34 --> [DEPRECATED] Creation of dynamic property App\Controllers\Member::$ModelPengembalian is deprecated in APPPATH/Controllers/Member.php on line 18.
 1 SYSTEMPATH/CodeIgniter.php(914): App\Controllers\Member->__construct()
 2 SYSTEMPATH/CodeIgniter.php(493): CodeIgniter\CodeIgniter->createController()
 3 SYSTEMPATH/CodeIgniter.php(361): CodeIgniter\CodeIgniter->handleRequest(null, Object(Config\Cache), false)
 4 FCPATH/index.php(79): CodeIgniter\CodeIgniter->run()
 5 SYSTEMPATH/Commands/Server/rewrite.php(47): require_once('/home/madi/Documents/project/ci4/perpus-ukom-2024/public/index.php')
WARNING - 2024-02-07 08:26:34 --> [DEPRECATED] Creation of dynamic property App\Controllers\Member::$ModelUlasan is deprecated in APPPATH/Controllers/Member.php on line 19.
 1 SYSTEMPATH/CodeIgniter.php(914): App\Controllers\Member->__construct()
 2 SYSTEMPATH/CodeIgniter.php(493): CodeIgniter\CodeIgniter->createController()
 3 SYSTEMPATH/CodeIgniter.php(361): CodeIgniter\CodeIgniter->handleRequest(null, Object(Config\Cache), false)
 4 FCPATH/index.php(79): CodeIgniter\CodeIgniter->run()
 5 SYSTEMPATH/Commands/Server/rewrite.php(47): require_once('/home/madi/Documents/project/ci4/perpus-ukom-2024/public/index.php')
WARNING - 2024-02-07 08:26:34 --> [DEPRECATED] Creation of dynamic property App\Controllers\Member::$ModelKoleksiBuku is deprecated in APPPATH/Controllers/Member.php on line 20.
 1 SYSTEMPATH/CodeIgniter.php(914): App\Controllers\Member->__construct()
 2 SYSTEMPATH/CodeIgniter.php(493): CodeIgniter\CodeIgniter->createController()
 3 SYSTEMPATH/CodeIgniter.php(361): CodeIgniter\CodeIgniter->handleRequest(null, Object(Config\Cache), false)
 4 FCPATH/index.php(79): CodeIgniter\CodeIgniter->run()
 5 SYSTEMPATH/Commands/Server/rewrite.php(47): require_once('/home/madi/Documents/project/ci4/perpus-ukom-2024/public/index.php')
INFO - 2024-02-07 08:26:34 --> Session: Class initialized using 'CodeIgniter\Session\Handlers\FileHandler' driver.
WARNING - 2024-02-07 08:26:36 --> [DEPRECATED] Creation of dynamic property App\Controllers\Member::$ModelBuku is deprecated in APPPATH/Controllers/Member.php on line 15.
 1 SYSTEMPATH/CodeIgniter.php(914): App\Controllers\Member->__construct()
 2 SYSTEMPATH/CodeIgniter.php(493): CodeIgniter\CodeIgniter->createController()
 3 SYSTEMPATH/CodeIgniter.php(361): CodeIgniter\CodeIgniter->handleRequest(null, Object(Config\Cache), false)
 4 FCPATH/index.php(79): CodeIgniter\CodeIgniter->run()
 5 SYSTEMPATH/Commands/Server/rewrite.php(47): require_once('/home/madi/Documents/project/ci4/perpus-ukom-2024/public/index.php')
WARNING - 2024-02-07 08:26:36 --> [DEPRECATED] Creation of dynamic property App\Controllers\Member::$ModelMember is deprecated in APPPATH/Controllers/Member.php on line 16.
 1 SYSTEMPATH/CodeIgniter.php(914): App\Controllers\Member->__construct()
 2 SYSTEMPATH/CodeIgniter.php(493): CodeIgniter\CodeIgniter->createController()
 3 SYSTEMPATH/CodeIgniter.php(361): CodeIgniter\CodeIgniter->handleRequest(null, Object(Config\Cache), false)
 4 FCPATH/index.php(79): CodeIgniter\CodeIgniter->run()
 5 SYSTEMPATH/Commands/Server/rewrite.php(47): require_once('/home/madi/Documents/project/ci4/perpus-ukom-2024/public/index.php')
WARNING - 2024-02-07 08:26:36 --> [DEPRECATED] Creation of dynamic property App\Controllers\Member::$ModelPeminjaman is deprecated in APPPATH/Controllers/Member.php on line 17.
 1 SYSTEMPATH/CodeIgniter.php(914): App\Controllers\Member->__construct()
 2 SYSTEMPATH/CodeIgniter.php(493): CodeIgniter\CodeIgniter->createController()
 3 SYSTEMPATH/CodeIgniter.php(361): CodeIgniter\CodeIgniter->handleRequest(null, Object(Config\Cache), false)
 4 FCPATH/index.php(79): CodeIgniter\CodeIgniter->run()
 5 SYSTEMPATH/Commands/Server/rewrite.php(47): require_once('/home/madi/Documents/project/ci4/perpus-ukom-2024/public/index.php')
WARNING - 2024-02-07 08:26:36 --> [DEPRECATED] Creation of dynamic property App\Controllers\Member::$ModelPengembalian is deprecated in APPPATH/Controllers/Member.php on line 18.
 1 SYSTEMPATH/CodeIgniter.php(914): App\Controllers\Member->__construct()
 2 SYSTEMPATH/CodeIgniter.php(493): CodeIgniter\CodeIgniter->createController()
 3 SYSTEMPATH/CodeIgniter.php(361): CodeIgniter\CodeIgniter->handleRequest(null, Object(Config\Cache), false)
 4 FCPATH/index.php(79): CodeIgniter\CodeIgniter->run()
 5 SYSTEMPATH/Commands/Server/rewrite.php(47): require_once('/home/madi/Documents/project/ci4/perpus-ukom-2024/public/index.php')
WARNING - 2024-02-07 08:26:36 --> [DEPRECATED] Creation of dynamic property App\Controllers\Member::$ModelUlasan is deprecated in APPPATH/Controllers/Member.php on line 19.
 1 SYSTEMPATH/CodeIgniter.php(914): App\Controllers\Member->__construct()
 2 SYSTEMPATH/CodeIgniter.php(493): CodeIgniter\CodeIgniter->createController()
 3 SYSTEMPATH/CodeIgniter.php(361): CodeIgniter\CodeIgniter->handleRequest(null, Object(Config\Cache), false)
 4 FCPATH/index.php(79): CodeIgniter\CodeIgniter->run()
 5 SYSTEMPATH/Commands/Server/rewrite.php(47): require_once('/home/madi/Documents/project/ci4/perpus-ukom-2024/public/index.php')
WARNING - 2024-02-07 08:26:36 --> [DEPRECATED] Creation of dynamic property App\Controllers\Member::$ModelKoleksiBuku is deprecated in APPPATH/Controllers/Member.php on line 20.
 1 SYSTEMPATH/CodeIgniter.php(914): App\Controllers\Member->__construct()
 2 SYSTEMPATH/CodeIgniter.php(493): CodeIgniter\CodeIgniter->createController()
 3 SYSTEMPATH/CodeIgniter.php(361): CodeIgniter\CodeIgniter->handleRequest(null, Object(Config\Cache), false)
 4 FCPATH/index.php(79): CodeIgniter\CodeIgniter->run()
 5 SYSTEMPATH/Commands/Server/rewrite.php(47): require_once('/home/madi/Documents/project/ci4/perpus-ukom-2024/public/index.php')
INFO - 2024-02-07 08:26:36 --> Session: Class initialized using 'CodeIgniter\Session\Handlers\FileHandler' driver.
WARNING - 2024-02-07 08:26:38 --> [DEPRECATED] Creation of dynamic property App\Controllers\Member::$ModelBuku is deprecated in APPPATH/Controllers/Member.php on line 15.
 1 SYSTEMPATH/CodeIgniter.php(914): App\Controllers\Member->__construct()
 2 SYSTEMPATH/CodeIgniter.php(493): CodeIgniter\CodeIgniter->createController()
 3 SYSTEMPATH/CodeIgniter.php(361): CodeIgniter\CodeIgniter->handleRequest(null, Object(Config\Cache), false)
 4 FCPATH/index.php(79): CodeIgniter\CodeIgniter->run()
 5 SYSTEMPATH/Commands/Server/rewrite.php(47): require_once('/home/madi/Documents/project/ci4/perpus-ukom-2024/public/index.php')
WARNING - 2024-02-07 08:26:38 --> [DEPRECATED] Creation of dynamic property App\Controllers\Member::$ModelMember is deprecated in APPPATH/Controllers/Member.php on line 16.
 1 SYSTEMPATH/CodeIgniter.php(914): App\Controllers\Member->__construct()
 2 SYSTEMPATH/CodeIgniter.php(493): CodeIgniter\CodeIgniter->createController()
 3 SYSTEMPATH/CodeIgniter.php(361): CodeIgniter\CodeIgniter->handleRequest(null, Object(Config\Cache), false)
 4 FCPATH/index.php(79): CodeIgniter\CodeIgniter->run()
 5 SYSTEMPATH/Commands/Server/rewrite.php(47): require_once('/home/madi/Documents/project/ci4/perpus-ukom-2024/public/index.php')
WARNING - 2024-02-07 08:26:38 --> [DEPRECATED] Creation of dynamic property App\Controllers\Member::$ModelPeminjaman is deprecated in APPPATH/Controllers/Member.php on line 17.
 1 SYSTEMPATH/CodeIgniter.php(914): App\Controllers\Member->__construct()
 2 SYSTEMPATH/CodeIgniter.php(493): CodeIgniter\CodeIgniter->createController()
 3 SYSTEMPATH/CodeIgniter.php(361): CodeIgniter\CodeIgniter->handleRequest(null, Object(Config\Cache), false)
 4 FCPATH/index.php(79): CodeIgniter\CodeIgniter->run()
 5 SYSTEMPATH/Commands/Server/rewrite.php(47): require_once('/home/madi/Documents/project/ci4/perpus-ukom-2024/public/index.php')
WARNING - 2024-02-07 08:26:38 --> [DEPRECATED] Creation of dynamic property App\Controllers\Member::$ModelPengembalian is deprecated in APPPATH/Controllers/Member.php on line 18.
 1 SYSTEMPATH/CodeIgniter.php(914): App\Controllers\Member->__construct()
 2 SYSTEMPATH/CodeIgniter.php(493): CodeIgniter\CodeIgniter->createController()
 3 SYSTEMPATH/CodeIgniter.php(361): CodeIgniter\CodeIgniter->handleRequest(null, Object(Config\Cache), false)
 4 FCPATH/index.php(79): CodeIgniter\CodeIgniter->run()
 5 SYSTEMPATH/Commands/Server/rewrite.php(47): require_once('/home/madi/Documents/project/ci4/perpus-ukom-2024/public/index.php')
WARNING - 2024-02-07 08:26:38 --> [DEPRECATED] Creation of dynamic property App\Controllers\Member::$ModelUlasan is deprecated in APPPATH/Controllers/Member.php on line 19.
 1 SYSTEMPATH/CodeIgniter.php(914): App\Controllers\Member->__construct()
 2 SYSTEMPATH/CodeIgniter.php(493): CodeIgniter\CodeIgniter->createController()
 3 SYSTEMPATH/CodeIgniter.php(361): CodeIgniter\CodeIgniter->handleRequest(null, Object(Config\Cache), false)
 4 FCPATH/index.php(79): CodeIgniter\CodeIgniter->run()
 5 SYSTEMPATH/Commands/Server/rewrite.php(47): require_once('/home/madi/Documents/project/ci4/perpus-ukom-2024/public/index.php')
WARNING - 2024-02-07 08:26:38 --> [DEPRECATED] Creation of dynamic property App\Controllers\Member::$ModelKoleksiBuku is deprecated in APPPATH/Controllers/Member.php on line 20.
 1 SYSTEMPATH/CodeIgniter.php(914): App\Controllers\Member->__construct()
 2 SYSTEMPATH/CodeIgniter.php(493): CodeIgniter\CodeIgniter->createController()
 3 SYSTEMPATH/CodeIgniter.php(361): CodeIgniter\CodeIgniter->handleRequest(null, Object(Config\Cache), false)
 4 FCPATH/index.php(79): CodeIgniter\CodeIgniter->run()
 5 SYSTEMPATH/Commands/Server/rewrite.php(47): require_once('/home/madi/Documents/project/ci4/perpus-ukom-2024/public/index.php')
INFO - 2024-02-07 08:26:38 --> Session: Class initialized using 'CodeIgniter\Session\Handlers\FileHandler' driver.
WARNING - 2024-02-07 08:26:40 --> [DEPRECATED] Creation of dynamic property App\Controllers\Member::$ModelBuku is deprecated in APPPATH/Controllers/Member.php on line 15.
 1 SYSTEMPATH/CodeIgniter.php(914): App\Controllers\Member->__construct()
 2 SYSTEMPATH/CodeIgniter.php(493): CodeIgniter\CodeIgniter->createController()
 3 SYSTEMPATH/CodeIgniter.php(361): CodeIgniter\CodeIgniter->handleRequest(null, Object(Config\Cache), false)
 4 FCPATH/index.php(79): CodeIgniter\CodeIgniter->run()
 5 SYSTEMPATH/Commands/Server/rewrite.php(47): require_once('/home/madi/Documents/project/ci4/perpus-ukom-2024/public/index.php')
WARNING - 2024-02-07 08:26:40 --> [DEPRECATED] Creation of dynamic property App\Controllers\Member::$ModelMember is deprecated in APPPATH/Controllers/Member.php on line 16.
 1 SYSTEMPATH/CodeIgniter.php(914): App\Controllers\Member->__construct()
 2 SYSTEMPATH/CodeIgniter.php(493): CodeIgniter\CodeIgniter->createController()
 3 SYSTEMPATH/CodeIgniter.php(361): CodeIgniter\CodeIgniter->handleRequest(null, Object(Config\Cache), false)
 4 FCPATH/index.php(79): CodeIgniter\CodeIgniter->run()
 5 SYSTEMPATH/Commands/Server/rewrite.php(47): require_once('/home/madi/Documents/project/ci4/perpus-ukom-2024/public/index.php')
WARNING - 2024-02-07 08:26:40 --> [DEPRECATED] Creation of dynamic property App\Controllers\Member::$ModelPeminjaman is deprecated in APPPATH/Controllers/Member.php on line 17.
 1 SYSTEMPATH/CodeIgniter.php(914): App\Controllers\Member->__construct()
 2 SYSTEMPATH/CodeIgniter.php(493): CodeIgniter\CodeIgniter->createController()
 3 SYSTEMPATH/CodeIgniter.php(361): CodeIgniter\CodeIgniter->handleRequest(null, Object(Config\Cache), false)
 4 FCPATH/index.php(79): CodeIgniter\CodeIgniter->run()
 5 SYSTEMPATH/Commands/Server/rewrite.php(47): require_once('/home/madi/Documents/project/ci4/perpus-ukom-2024/public/index.php')
WARNING - 2024-02-07 08:26:40 --> [DEPRECATED] Creation of dynamic property App\Controllers\Member::$ModelPengembalian is deprecated in APPPATH/Controllers/Member.php on line 18.
 1 SYSTEMPATH/CodeIgniter.php(914): App\Controllers\Member->__construct()
 2 SYSTEMPATH/CodeIgniter.php(493): CodeIgniter\CodeIgniter->createController()
 3 SYSTEMPATH/CodeIgniter.php(361): CodeIgniter\CodeIgniter->handleRequest(null, Object(Config\Cache), false)
 4 FCPATH/index.php(79): CodeIgniter\CodeIgniter->run()
 5 SYSTEMPATH/Commands/Server/rewrite.php(47): require_once('/home/madi/Documents/project/ci4/perpus-ukom-2024/public/index.php')
WARNING - 2024-02-07 08:26:40 --> [DEPRECATED] Creation of dynamic property App\Controllers\Member::$ModelUlasan is deprecated in APPPATH/Controllers/Member.php on line 19.
 1 SYSTEMPATH/CodeIgniter.php(914): App\Controllers\Member->__construct()
 2 SYSTEMPATH/CodeIgniter.php(493): CodeIgniter\CodeIgniter->createController()
 3 SYSTEMPATH/CodeIgniter.php(361): CodeIgniter\CodeIgniter->handleRequest(null, Object(Config\Cache), false)
 4 FCPATH/index.php(79): CodeIgniter\CodeIgniter->run()
 5 SYSTEMPATH/Commands/Server/rewrite.php(47): require_once('/home/madi/Documents/project/ci4/perpus-ukom-2024/public/index.php')
WARNING - 2024-02-07 08:26:40 --> [DEPRECATED] Creation of dynamic property App\Controllers\Member::$ModelKoleksiBuku is deprecated in APPPATH/Controllers/Member.php on line 20.
 1 SYSTEMPATH/CodeIgniter.php(914): App\Controllers\Member->__construct()
 2 SYSTEMPATH/CodeIgniter.php(493): CodeIgniter\CodeIgniter->createController()
 3 SYSTEMPATH/CodeIgniter.php(361): CodeIgniter\CodeIgniter->handleRequest(null, Object(Config\Cache), false)
 4 FCPATH/index.php(79): CodeIgniter\CodeIgniter->run()
 5 SYSTEMPATH/Commands/Server/rewrite.php(47): require_once('/home/madi/Documents/project/ci4/perpus-ukom-2024/public/index.php')
INFO - 2024-02-07 08:26:40 --> Session: Class initialized using 'CodeIgniter\Session\Handlers\FileHandler' driver.
WARNING - 2024-02-07 08:26:42 --> [DEPRECATED] Creation of dynamic property App\Controllers\Member::$ModelBuku is deprecated in APPPATH/Controllers/Member.php on line 15.
 1 SYSTEMPATH/CodeIgniter.php(914): App\Controllers\Member->__construct()
 2 SYSTEMPATH/CodeIgniter.php(493): CodeIgniter\CodeIgniter->createController()
 3 SYSTEMPATH/CodeIgniter.php(361): CodeIgniter\CodeIgniter->handleRequest(null, Object(Config\Cache), false)
 4 FCPATH/index.php(79): CodeIgniter\CodeIgniter->run()
 5 SYSTEMPATH/Commands/Server/rewrite.php(47): require_once('/home/madi/Documents/project/ci4/perpus-ukom-2024/public/index.php')
WARNING - 2024-02-07 08:26:42 --> [DEPRECATED] Creation of dynamic property App\Controllers\Member::$ModelMember is deprecated in APPPATH/Controllers/Member.php on line 16.
 1 SYSTEMPATH/CodeIgniter.php(914): App\Controllers\Member->__construct()
 2 SYSTEMPATH/CodeIgniter.php(493): CodeIgniter\CodeIgniter->createController()
 3 SYSTEMPATH/CodeIgniter.php(361): CodeIgniter\CodeIgniter->handleRequest(null, Object(Config\Cache), false)
 4 FCPATH/index.php(79): CodeIgniter\CodeIgniter->run()
 5 SYSTEMPATH/Commands/Server/rewrite.php(47): require_once('/home/madi/Documents/project/ci4/perpus-ukom-2024/public/index.php')
WARNING - 2024-02-07 08:26:42 --> [DEPRECATED] Creation of dynamic property App\Controllers\Member::$ModelPeminjaman is deprecated in APPPATH/Controllers/Member.php on line 17.
 1 SYSTEMPATH/CodeIgniter.php(914): App\Controllers\Member->__construct()
 2 SYSTEMPATH/CodeIgniter.php(493): CodeIgniter\CodeIgniter->createController()
 3 SYSTEMPATH/CodeIgniter.php(361): CodeIgniter\CodeIgniter->handleRequest(null, Object(Config\Cache), false)
 4 FCPATH/index.php(79): CodeIgniter\CodeIgniter->run()
 5 SYSTEMPATH/Commands/Server/rewrite.php(47): require_once('/home/madi/Documents/project/ci4/perpus-ukom-2024/public/index.php')
WARNING - 2024-02-07 08:26:42 --> [DEPRECATED] Creation of dynamic property App\Controllers\Member::$ModelPengembalian is deprecated in APPPATH/Controllers/Member.php on line 18.
 1 SYSTEMPATH/CodeIgniter.php(914): App\Controllers\Member->__construct()
 2 SYSTEMPATH/CodeIgniter.php(493): CodeIgniter\CodeIgniter->createController()
 3 SYSTEMPATH/CodeIgniter.php(361): CodeIgniter\CodeIgniter->handleRequest(null, Object(Config\Cache), false)
 4 FCPATH/index.php(79): CodeIgniter\CodeIgniter->run()
 5 SYSTEMPATH/Commands/Server/rewrite.php(47): require_once('/home/madi/Documents/project/ci4/perpus-ukom-2024/public/index.php')
WARNING - 2024-02-07 08:26:42 --> [DEPRECATED] Creation of dynamic property App\Controllers\Member::$ModelUlasan is deprecated in APPPATH/Controllers/Member.php on line 19.
 1 SYSTEMPATH/CodeIgniter.php(914): App\Controllers\Member->__construct()
 2 SYSTEMPATH/CodeIgniter.php(493): CodeIgniter\CodeIgniter->createController()
 3 SYSTEMPATH/CodeIgniter.php(361): CodeIgniter\CodeIgniter->handleRequest(null, Object(Config\Cache), false)
 4 FCPATH/index.php(79): CodeIgniter\CodeIgniter->run()
 5 SYSTEMPATH/Commands/Server/rewrite.php(47): require_once('/home/madi/Documents/project/ci4/perpus-ukom-2024/public/index.php')
WARNING - 2024-02-07 08:26:42 --> [DEPRECATED] Creation of dynamic property App\Controllers\Member::$ModelKoleksiBuku is deprecated in APPPATH/Controllers/Member.php on line 20.
 1 SYSTEMPATH/CodeIgniter.php(914): App\Controllers\Member->__construct()
 2 SYSTEMPATH/CodeIgniter.php(493): CodeIgniter\CodeIgniter->createController()
 3 SYSTEMPATH/CodeIgniter.php(361): CodeIgniter\CodeIgniter->handleRequest(null, Object(Config\Cache), false)
 4 FCPATH/index.php(79): CodeIgniter\CodeIgniter->run()
 5 SYSTEMPATH/Commands/Server/rewrite.php(47): require_once('/home/madi/Documents/project/ci4/perpus-ukom-2024/public/index.php')
INFO - 2024-02-07 08:26:42 --> Session: Class initialized using 'CodeIgniter\Session\Handlers\FileHandler' driver.
WARNING - 2024-02-07 08:26:42 --> [DEPRECATED] Creation of dynamic property App\Controllers\Member::$ModelBuku is deprecated in APPPATH/Controllers/Member.php on line 15.
 1 SYSTEMPATH/CodeIgniter.php(914): App\Controllers\Member->__construct()
 2 SYSTEMPATH/CodeIgniter.php(493): CodeIgniter\CodeIgniter->createController()
 3 SYSTEMPATH/CodeIgniter.php(361): CodeIgniter\CodeIgniter->handleRequest(null, Object(Config\Cache), false)
 4 FCPATH/index.php(79): CodeIgniter\CodeIgniter->run()
 5 SYSTEMPATH/Commands/Server/rewrite.php(47): require_once('/home/madi/Documents/project/ci4/perpus-ukom-2024/public/index.php')
WARNING - 2024-02-07 08:26:42 --> [DEPRECATED] Creation of dynamic property App\Controllers\Member::$ModelMember is deprecated in APPPATH/Controllers/Member.php on line 16.
 1 SYSTEMPATH/CodeIgniter.php(914): App\Controllers\Member->__construct()
 2 SYSTEMPATH/CodeIgniter.php(493): CodeIgniter\CodeIgniter->createController()
 3 SYSTEMPATH/CodeIgniter.php(361): CodeIgniter\CodeIgniter->handleRequest(null, Object(Config\Cache), false)
 4 FCPATH/index.php(79): CodeIgniter\CodeIgniter->run()
 5 SYSTEMPATH/Commands/Server/rewrite.php(47): require_once('/home/madi/Documents/project/ci4/perpus-ukom-2024/public/index.php')
WARNING - 2024-02-07 08:26:42 --> [DEPRECATED] Creation of dynamic property App\Controllers\Member::$ModelPeminjaman is deprecated in APPPATH/Controllers/Member.php on line 17.
 1 SYSTEMPATH/CodeIgniter.php(914): App\Controllers\Member->__construct()
 2 SYSTEMPATH/CodeIgniter.php(493): CodeIgniter\CodeIgniter->createController()
 3 SYSTEMPATH/CodeIgniter.php(361): CodeIgniter\CodeIgniter->handleRequest(null, Object(Config\Cache), false)
 4 FCPATH/index.php(79): CodeIgniter\CodeIgniter->run()
 5 SYSTEMPATH/Commands/Server/rewrite.php(47): require_once('/home/madi/Documents/project/ci4/perpus-ukom-2024/public/index.php')
WARNING - 2024-02-07 08:26:42 --> [DEPRECATED] Creation of dynamic property App\Controllers\Member::$ModelPengembalian is deprecated in APPPATH/Controllers/Member.php on line 18.
 1 SYSTEMPATH/CodeIgniter.php(914): App\Controllers\Member->__construct()
 2 SYSTEMPATH/CodeIgniter.php(493): CodeIgniter\CodeIgniter->createController()
 3 SYSTEMPATH/CodeIgniter.php(361): CodeIgniter\CodeIgniter->handleRequest(null, Object(Config\Cache), false)
 4 FCPATH/index.php(79): CodeIgniter\CodeIgniter->run()
 5 SYSTEMPATH/Commands/Server/rewrite.php(47): require_once('/home/madi/Documents/project/ci4/perpus-ukom-2024/public/index.php')
WARNING - 2024-02-07 08:26:42 --> [DEPRECATED] Creation of dynamic property App\Controllers\Member::$ModelUlasan is deprecated in APPPATH/Controllers/Member.php on line 19.
 1 SYSTEMPATH/CodeIgniter.php(914): App\Controllers\Member->__construct()
 2 SYSTEMPATH/CodeIgniter.php(493): CodeIgniter\CodeIgniter->createController()
 3 SYSTEMPATH/CodeIgniter.php(361): CodeIgniter\CodeIgniter->handleRequest(null, Object(Config\Cache), false)
 4 FCPATH/index.php(79): CodeIgniter\CodeIgniter->run()
 5 SYSTEMPATH/Commands/Server/rewrite.php(47): require_once('/home/madi/Documents/project/ci4/perpus-ukom-2024/public/index.php')
WARNING - 2024-02-07 08:26:42 --> [DEPRECATED] Creation of dynamic property App\Controllers\Member::$ModelKoleksiBuku is deprecated in APPPATH/Controllers/Member.php on line 20.
 1 SYSTEMPATH/CodeIgniter.php(914): App\Controllers\Member->__construct()
 2 SYSTEMPATH/CodeIgniter.php(493): CodeIgniter\CodeIgniter->createController()
 3 SYSTEMPATH/CodeIgniter.php(361): CodeIgniter\CodeIgniter->handleRequest(null, Object(Config\Cache), false)
 4 FCPATH/index.php(79): CodeIgniter\CodeIgniter->run()
 5 SYSTEMPATH/Commands/Server/rewrite.php(47): require_once('/home/madi/Documents/project/ci4/perpus-ukom-2024/public/index.php')
INFO - 2024-02-07 08:26:42 --> Session: Class initialized using 'CodeIgniter\Session\Handlers\FileHandler' driver.
WARNING - 2024-02-07 08:26:47 --> [DEPRECATED] Creation of dynamic property App\Controllers\Member::$ModelBuku is deprecated in APPPATH/Controllers/Member.php on line 15.
 1 SYSTEMPATH/CodeIgniter.php(914): App\Controllers\Member->__construct()
 2 SYSTEMPATH/CodeIgniter.php(493): CodeIgniter\CodeIgniter->createController()
 3 SYSTEMPATH/CodeIgniter.php(361): CodeIgniter\CodeIgniter->handleRequest(null, Object(Config\Cache), false)
 4 FCPATH/index.php(79): CodeIgniter\CodeIgniter->run()
 5 SYSTEMPATH/Commands/Server/rewrite.php(47): require_once('/home/madi/Documents/project/ci4/perpus-ukom-2024/public/index.php')
WARNING - 2024-02-07 08:26:47 --> [DEPRECATED] Creation of dynamic property App\Controllers\Member::$ModelMember is deprecated in APPPATH/Controllers/Member.php on line 16.
 1 SYSTEMPATH/CodeIgniter.php(914): App\Controllers\Member->__construct()
 2 SYSTEMPATH/CodeIgniter.php(493): CodeIgniter\CodeIgniter->createController()
 3 SYSTEMPATH/CodeIgniter.php(361): CodeIgniter\CodeIgniter->handleRequest(null, Object(Config\Cache), false)
 4 FCPATH/index.php(79): CodeIgniter\CodeIgniter->run()
 5 SYSTEMPATH/Commands/Server/rewrite.php(47): require_once('/home/madi/Documents/project/ci4/perpus-ukom-2024/public/index.php')
WARNING - 2024-02-07 08:26:47 --> [DEPRECATED] Creation of dynamic property App\Controllers\Member::$ModelPeminjaman is deprecated in APPPATH/Controllers/Member.php on line 17.
 1 SYSTEMPATH/CodeIgniter.php(914): App\Controllers\Member->__construct()
 2 SYSTEMPATH/CodeIgniter.php(493): CodeIgniter\CodeIgniter->createController()
 3 SYSTEMPATH/CodeIgniter.php(361): CodeIgniter\CodeIgniter->handleRequest(null, Object(Config\Cache), false)
 4 FCPATH/index.php(79): CodeIgniter\CodeIgniter->run()
 5 SYSTEMPATH/Commands/Server/rewrite.php(47): require_once('/home/madi/Documents/project/ci4/perpus-ukom-2024/public/index.php')
WARNING - 2024-02-07 08:26:47 --> [DEPRECATED] Creation of dynamic property App\Controllers\Member::$ModelPengembalian is deprecated in APPPATH/Controllers/Member.php on line 18.
 1 SYSTEMPATH/CodeIgniter.php(914): App\Controllers\Member->__construct()
 2 SYSTEMPATH/CodeIgniter.php(493): CodeIgniter\CodeIgniter->createController()
 3 SYSTEMPATH/CodeIgniter.php(361): CodeIgniter\CodeIgniter->handleRequest(null, Object(Config\Cache), false)
 4 FCPATH/index.php(79): CodeIgniter\CodeIgniter->run()
 5 SYSTEMPATH/Commands/Server/rewrite.php(47): require_once('/home/madi/Documents/project/ci4/perpus-ukom-2024/public/index.php')
WARNING - 2024-02-07 08:26:47 --> [DEPRECATED] Creation of dynamic property App\Controllers\Member::$ModelUlasan is deprecated in APPPATH/Controllers/Member.php on line 19.
 1 SYSTEMPATH/CodeIgniter.php(914): App\Controllers\Member->__construct()
 2 SYSTEMPATH/CodeIgniter.php(493): CodeIgniter\CodeIgniter->createController()
 3 SYSTEMPATH/CodeIgniter.php(361): CodeIgniter\CodeIgniter->handleRequest(null, Object(Config\Cache), false)
 4 FCPATH/index.php(79): CodeIgniter\CodeIgniter->run()
 5 SYSTEMPATH/Commands/Server/rewrite.php(47): require_once('/home/madi/Documents/project/ci4/perpus-ukom-2024/public/index.php')
WARNING - 2024-02-07 08:26:47 --> [DEPRECATED] Creation of dynamic property App\Controllers\Member::$ModelKoleksiBuku is deprecated in APPPATH/Controllers/Member.php on line 20.
 1 SYSTEMPATH/CodeIgniter.php(914): App\Controllers\Member->__construct()
 2 SYSTEMPATH/CodeIgniter.php(493): CodeIgniter\CodeIgniter->createController()
 3 SYSTEMPATH/CodeIgniter.php(361): CodeIgniter\CodeIgniter->handleRequest(null, Object(Config\Cache), false)
 4 FCPATH/index.php(79): CodeIgniter\CodeIgniter->run()
 5 SYSTEMPATH/Commands/Server/rewrite.php(47): require_once('/home/madi/Documents/project/ci4/perpus-ukom-2024/public/index.php')
INFO - 2024-02-07 08:26:47 --> Session: Class initialized using 'CodeIgniter\Session\Handlers\FileHandler' driver.
WARNING - 2024-02-07 08:27:19 --> [DEPRECATED] Creation of dynamic property App\Controllers\Auth::$ModelPetugas is deprecated in APPPATH/Controllers/Auth.php on line 11.
 1 SYSTEMPATH/CodeIgniter.php(914): App\Controllers\Auth->__construct()
 2 SYSTEMPATH/CodeIgniter.php(493): CodeIgniter\CodeIgniter->createController()
 3 SYSTEMPATH/CodeIgniter.php(361): CodeIgniter\CodeIgniter->handleRequest(null, Object(Config\Cache), false)
 4 FCPATH/index.php(79): CodeIgniter\CodeIgniter->run()
 5 SYSTEMPATH/Commands/Server/rewrite.php(47): require_once('/home/madi/Documents/project/ci4/perpus-ukom-2024/public/index.php')
WARNING - 2024-02-07 08:27:19 --> [DEPRECATED] Creation of dynamic property App\Controllers\Auth::$ModelMember is deprecated in APPPATH/Controllers/Auth.php on line 12.
 1 SYSTEMPATH/CodeIgniter.php(914): App\Controllers\Auth->__construct()
 2 SYSTEMPATH/CodeIgniter.php(493): CodeIgniter\CodeIgniter->createController()
 3 SYSTEMPATH/CodeIgniter.php(361): CodeIgniter\CodeIgniter->handleRequest(null, Object(Config\Cache), false)
 4 FCPATH/index.php(79): CodeIgniter\CodeIgniter->run()
 5 SYSTEMPATH/Commands/Server/rewrite.php(47): require_once('/home/madi/Documents/project/ci4/perpus-ukom-2024/public/index.php')
INFO - 2024-02-07 08:27:19 --> Session: Class initialized using 'CodeIgniter\Session\Handlers\FileHandler' driver.
WARNING - 2024-02-07 08:27:19 --> [DEPRECATED] Creation of dynamic property App\Controllers\Auth::$ModelPetugas is deprecated in APPPATH/Controllers/Auth.php on line 11.
 1 SYSTEMPATH/CodeIgniter.php(914): App\Controllers\Auth->__construct()
 2 SYSTEMPATH/CodeIgniter.php(493): CodeIgniter\CodeIgniter->createController()
 3 SYSTEMPATH/CodeIgniter.php(361): CodeIgniter\CodeIgniter->handleRequest(null, Object(Config\Cache), false)
 4 FCPATH/index.php(79): CodeIgniter\CodeIgniter->run()
 5 SYSTEMPATH/Commands/Server/rewrite.php(47): require_once('/home/madi/Documents/project/ci4/perpus-ukom-2024/public/index.php')
WARNING - 2024-02-07 08:27:19 --> [DEPRECATED] Creation of dynamic property App\Controllers\Auth::$ModelMember is deprecated in APPPATH/Controllers/Auth.php on line 12.
 1 SYSTEMPATH/CodeIgniter.php(914): App\Controllers\Auth->__construct()
 2 SYSTEMPATH/CodeIgniter.php(493): CodeIgniter\CodeIgniter->createController()
 3 SYSTEMPATH/CodeIgniter.php(361): CodeIgniter\CodeIgniter->handleRequest(null, Object(Config\Cache), false)
 4 FCPATH/index.php(79): CodeIgniter\CodeIgniter->run()
 5 SYSTEMPATH/Commands/Server/rewrite.php(47): require_once('/home/madi/Documents/project/ci4/perpus-ukom-2024/public/index.php')
INFO - 2024-02-07 08:27:19 --> Session: Class initialized using 'CodeIgniter\Session\Handlers\FileHandler' driver.
WARNING - 2024-02-07 08:27:21 --> [DEPRECATED] Creation of dynamic property App\Controllers\Auth::$ModelPetugas is deprecated in APPPATH/Controllers/Auth.php on line 11.
 1 SYSTEMPATH/CodeIgniter.php(914): App\Controllers\Auth->__construct()
 2 SYSTEMPATH/CodeIgniter.php(493): CodeIgniter\CodeIgniter->createController()
 3 SYSTEMPATH/CodeIgniter.php(361): CodeIgniter\CodeIgniter->handleRequest(null, Object(Config\Cache), false)
 4 FCPATH/index.php(79): CodeIgniter\CodeIgniter->run()
 5 SYSTEMPATH/Commands/Server/rewrite.php(47): require_once('/home/madi/Documents/project/ci4/perpus-ukom-2024/public/index.php')
WARNING - 2024-02-07 08:27:21 --> [DEPRECATED] Creation of dynamic property App\Controllers\Auth::$ModelMember is deprecated in APPPATH/Controllers/Auth.php on line 12.
 1 SYSTEMPATH/CodeIgniter.php(914): App\Controllers\Auth->__construct()
 2 SYSTEMPATH/CodeIgniter.php(493): CodeIgniter\CodeIgniter->createController()
 3 SYSTEMPATH/CodeIgniter.php(361): CodeIgniter\CodeIgniter->handleRequest(null, Object(Config\Cache), false)
 4 FCPATH/index.php(79): CodeIgniter\CodeIgniter->run()
 5 SYSTEMPATH/Commands/Server/rewrite.php(47): require_once('/home/madi/Documents/project/ci4/perpus-ukom-2024/public/index.php')
INFO - 2024-02-07 08:27:21 --> Session: Class initialized using 'CodeIgniter\Session\Handlers\FileHandler' driver.
WARNING - 2024-02-07 08:27:25 --> [DEPRECATED] Creation of dynamic property App\Controllers\Auth::$ModelPetugas is deprecated in APPPATH/Controllers/Auth.php on line 11.
 1 SYSTEMPATH/CodeIgniter.php(914): App\Controllers\Auth->__construct()
 2 SYSTEMPATH/CodeIgniter.php(493): CodeIgniter\CodeIgniter->createController()
 3 SYSTEMPATH/CodeIgniter.php(361): CodeIgniter\CodeIgniter->handleRequest(null, Object(Config\Cache), false)
 4 FCPATH/index.php(79): CodeIgniter\CodeIgniter->run()
 5 SYSTEMPATH/Commands/Server/rewrite.php(47): require_once('/home/madi/Documents/project/ci4/perpus-ukom-2024/public/index.php')
WARNING - 2024-02-07 08:27:25 --> [DEPRECATED] Creation of dynamic property App\Controllers\Auth::$ModelMember is deprecated in APPPATH/Controllers/Auth.php on line 12.
 1 SYSTEMPATH/CodeIgniter.php(914): App\Controllers\Auth->__construct()
 2 SYSTEMPATH/CodeIgniter.php(493): CodeIgniter\CodeIgniter->createController()
 3 SYSTEMPATH/CodeIgniter.php(361): CodeIgniter\CodeIgniter->handleRequest(null, Object(Config\Cache), false)
 4 FCPATH/index.php(79): CodeIgniter\CodeIgniter->run()
 5 SYSTEMPATH/Commands/Server/rewrite.php(47): require_once('/home/madi/Documents/project/ci4/perpus-ukom-2024/public/index.php')
INFO - 2024-02-07 08:27:26 --> Session: Class initialized using 'CodeIgniter\Session\Handlers\FileHandler' driver.
WARNING - 2024-02-07 08:27:26 --> [DEPRECATED] Creation of dynamic property App\Controllers\Admin::$ModelKategoriBuku is deprecated in APPPATH/Controllers/Admin.php on line 16.
 1 SYSTEMPATH/CodeIgniter.php(914): App\Controllers\Admin->__construct()
 2 SYSTEMPATH/CodeIgniter.php(493): CodeIgniter\CodeIgniter->createController()
 3 SYSTEMPATH/CodeIgniter.php(361): CodeIgniter\CodeIgniter->handleRequest(null, Object(Config\Cache), false)
 4 FCPATH/index.php(79): CodeIgniter\CodeIgniter->run()
 5 SYSTEMPATH/Commands/Server/rewrite.php(47): require_once('/home/madi/Documents/project/ci4/perpus-ukom-2024/public/index.php')
WARNING - 2024-02-07 08:27:26 --> [DEPRECATED] Creation of dynamic property App\Controllers\Admin::$ModelBuku is deprecated in APPPATH/Controllers/Admin.php on line 17.
 1 SYSTEMPATH/CodeIgniter.php(914): App\Controllers\Admin->__construct()
 2 SYSTEMPATH/CodeIgniter.php(493): CodeIgniter\CodeIgniter->createController()
 3 SYSTEMPATH/CodeIgniter.php(361): CodeIgniter\CodeIgniter->handleRequest(null, Object(Config\Cache), false)
 4 FCPATH/index.php(79): CodeIgniter\CodeIgniter->run()
 5 SYSTEMPATH/Commands/Server/rewrite.php(47): require_once('/home/madi/Documents/project/ci4/perpus-ukom-2024/public/index.php')
WARNING - 2024-02-07 08:27:26 --> [DEPRECATED] Creation of dynamic property App\Controllers\Admin::$ModelSubKategori is deprecated in APPPATH/Controllers/Admin.php on line 18.
 1 SYSTEMPATH/CodeIgniter.php(914): App\Controllers\Admin->__construct()
 2 SYSTEMPATH/CodeIgniter.php(493): CodeIgniter\CodeIgniter->createController()
 3 SYSTEMPATH/CodeIgniter.php(361): CodeIgniter\CodeIgniter->handleRequest(null, Object(Config\Cache), false)
 4 FCPATH/index.php(79): CodeIgniter\CodeIgniter->run()
 5 SYSTEMPATH/Commands/Server/rewrite.php(47): require_once('/home/madi/Documents/project/ci4/perpus-ukom-2024/public/index.php')
WARNING - 2024-02-07 08:27:26 --> [DEPRECATED] Creation of dynamic property App\Controllers\Admin::$ModelPetugas is deprecated in APPPATH/Controllers/Admin.php on line 19.
 1 SYSTEMPATH/CodeIgniter.php(914): App\Controllers\Admin->__construct()
 2 SYSTEMPATH/CodeIgniter.php(493): CodeIgniter\CodeIgniter->createController()
 3 SYSTEMPATH/CodeIgniter.php(361): CodeIgniter\CodeIgniter->handleRequest(null, Object(Config\Cache), false)
 4 FCPATH/index.php(79): CodeIgniter\CodeIgniter->run()
 5 SYSTEMPATH/Commands/Server/rewrite.php(47): require_once('/home/madi/Documents/project/ci4/perpus-ukom-2024/public/index.php')
WARNING - 2024-02-07 08:27:26 --> [DEPRECATED] Creation of dynamic property App\Controllers\Admin::$ModelMember is deprecated in APPPATH/Controllers/Admin.php on line 20.
 1 SYSTEMPATH/CodeIgniter.php(914): App\Controllers\Admin->__construct()
 2 SYSTEMPATH/CodeIgniter.php(493): CodeIgniter\CodeIgniter->createController()
 3 SYSTEMPATH/CodeIgniter.php(361): CodeIgniter\CodeIgniter->handleRequest(null, Object(Config\Cache), false)
 4 FCPATH/index.php(79): CodeIgniter\CodeIgniter->run()
 5 SYSTEMPATH/Commands/Server/rewrite.php(47): require_once('/home/madi/Documents/project/ci4/perpus-ukom-2024/public/index.php')
INFO - 2024-02-07 08:27:26 --> Session: Class initialized using 'CodeIgniter\Session\Handlers\FileHandler' driver.
WARNING - 2024-02-07 08:27:28 --> [DEPRECATED] Creation of dynamic property App\Controllers\Admin::$ModelKategoriBuku is deprecated in APPPATH/Controllers/Admin.php on line 16.
 1 SYSTEMPATH/CodeIgniter.php(914): App\Controllers\Admin->__construct()
 2 SYSTEMPATH/CodeIgniter.php(493): CodeIgniter\CodeIgniter->createController()
 3 SYSTEMPATH/CodeIgniter.php(361): CodeIgniter\CodeIgniter->handleRequest(null, Object(Config\Cache), false)
 4 FCPATH/index.php(79): CodeIgniter\CodeIgniter->run()
 5 SYSTEMPATH/Commands/Server/rewrite.php(47): require_once('/home/madi/Documents/project/ci4/perpus-ukom-2024/public/index.php')
WARNING - 2024-02-07 08:27:28 --> [DEPRECATED] Creation of dynamic property App\Controllers\Admin::$ModelBuku is deprecated in APPPATH/Controllers/Admin.php on line 17.
 1 SYSTEMPATH/CodeIgniter.php(914): App\Controllers\Admin->__construct()
 2 SYSTEMPATH/CodeIgniter.php(493): CodeIgniter\CodeIgniter->createController()
 3 SYSTEMPATH/CodeIgniter.php(361): CodeIgniter\CodeIgniter->handleRequest(null, Object(Config\Cache), false)
 4 FCPATH/index.php(79): CodeIgniter\CodeIgniter->run()
 5 SYSTEMPATH/Commands/Server/rewrite.php(47): require_once('/home/madi/Documents/project/ci4/perpus-ukom-2024/public/index.php')
WARNING - 2024-02-07 08:27:28 --> [DEPRECATED] Creation of dynamic property App\Controllers\Admin::$ModelSubKategori is deprecated in APPPATH/Controllers/Admin.php on line 18.
 1 SYSTEMPATH/CodeIgniter.php(914): App\Controllers\Admin->__construct()
 2 SYSTEMPATH/CodeIgniter.php(493): CodeIgniter\CodeIgniter->createController()
 3 SYSTEMPATH/CodeIgniter.php(361): CodeIgniter\CodeIgniter->handleRequest(null, Object(Config\Cache), false)
 4 FCPATH/index.php(79): CodeIgniter\CodeIgniter->run()
 5 SYSTEMPATH/Commands/Server/rewrite.php(47): require_once('/home/madi/Documents/project/ci4/perpus-ukom-2024/public/index.php')
WARNING - 2024-02-07 08:27:28 --> [DEPRECATED] Creation of dynamic property App\Controllers\Admin::$ModelPetugas is deprecated in APPPATH/Controllers/Admin.php on line 19.
 1 SYSTEMPATH/CodeIgniter.php(914): App\Controllers\Admin->__construct()
 2 SYSTEMPATH/CodeIgniter.php(493): CodeIgniter\CodeIgniter->createController()
 3 SYSTEMPATH/CodeIgniter.php(361): CodeIgniter\CodeIgniter->handleRequest(null, Object(Config\Cache), false)
 4 FCPATH/index.php(79): CodeIgniter\CodeIgniter->run()
 5 SYSTEMPATH/Commands/Server/rewrite.php(47): require_once('/home/madi/Documents/project/ci4/perpus-ukom-2024/public/index.php')
WARNING - 2024-02-07 08:27:28 --> [DEPRECATED] Creation of dynamic property App\Controllers\Admin::$ModelMember is deprecated in APPPATH/Controllers/Admin.php on line 20.
 1 SYSTEMPATH/CodeIgniter.php(914): App\Controllers\Admin->__construct()
 2 SYSTEMPATH/CodeIgniter.php(493): CodeIgniter\CodeIgniter->createController()
 3 SYSTEMPATH/CodeIgniter.php(361): CodeIgniter\CodeIgniter->handleRequest(null, Object(Config\Cache), false)
 4 FCPATH/index.php(79): CodeIgniter\CodeIgniter->run()
 5 SYSTEMPATH/Commands/Server/rewrite.php(47): require_once('/home/madi/Documents/project/ci4/perpus-ukom-2024/public/index.php')
INFO - 2024-02-07 08:27:28 --> Session: Class initialized using 'CodeIgniter\Session\Handlers\FileHandler' driver.
WARNING - 2024-02-07 08:28:18 --> [DEPRECATED] Creation of dynamic property App\Controllers\Admin::$ModelKategoriBuku is deprecated in APPPATH/Controllers/Admin.php on line 16.
 1 SYSTEMPATH/CodeIgniter.php(914): App\Controllers\Admin->__construct()
 2 SYSTEMPATH/CodeIgniter.php(493): CodeIgniter\CodeIgniter->createController()
 3 SYSTEMPATH/CodeIgniter.php(361): CodeIgniter\CodeIgniter->handleRequest(null, Object(Config\Cache), false)
 4 FCPATH/index.php(79): CodeIgniter\CodeIgniter->run()
 5 SYSTEMPATH/Commands/Server/rewrite.php(47): require_once('/home/madi/Documents/project/ci4/perpus-ukom-2024/public/index.php')
WARNING - 2024-02-07 08:28:18 --> [DEPRECATED] Creation of dynamic property App\Controllers\Admin::$ModelBuku is deprecated in APPPATH/Controllers/Admin.php on line 17.
 1 SYSTEMPATH/CodeIgniter.php(914): App\Controllers\Admin->__construct()
 2 SYSTEMPATH/CodeIgniter.php(493): CodeIgniter\CodeIgniter->createController()
 3 SYSTEMPATH/CodeIgniter.php(361): CodeIgniter\CodeIgniter->handleRequest(null, Object(Config\Cache), false)
 4 FCPATH/index.php(79): CodeIgniter\CodeIgniter->run()
 5 SYSTEMPATH/Commands/Server/rewrite.php(47): require_once('/home/madi/Documents/project/ci4/perpus-ukom-2024/public/index.php')
WARNING - 2024-02-07 08:28:18 --> [DEPRECATED] Creation of dynamic property App\Controllers\Admin::$ModelSubKategori is deprecated in APPPATH/Controllers/Admin.php on line 18.
 1 SYSTEMPATH/CodeIgniter.php(914): App\Controllers\Admin->__construct()
 2 SYSTEMPATH/CodeIgniter.php(493): CodeIgniter\CodeIgniter->createController()
 3 SYSTEMPATH/CodeIgniter.php(361): CodeIgniter\CodeIgniter->handleRequest(null, Object(Config\Cache), false)
 4 FCPATH/index.php(79): CodeIgniter\CodeIgniter->run()
 5 SYSTEMPATH/Commands/Server/rewrite.php(47): require_once('/home/madi/Documents/project/ci4/perpus-ukom-2024/public/index.php')
WARNING - 2024-02-07 08:28:18 --> [DEPRECATED] Creation of dynamic property App\Controllers\Admin::$ModelPetugas is deprecated in APPPATH/Controllers/Admin.php on line 19.
 1 SYSTEMPATH/CodeIgniter.php(914): App\Controllers\Admin->__construct()
 2 SYSTEMPATH/CodeIgniter.php(493): CodeIgniter\CodeIgniter->createController()
 3 SYSTEMPATH/CodeIgniter.php(361): CodeIgniter\CodeIgniter->handleRequest(null, Object(Config\Cache), false)
 4 FCPATH/index.php(79): CodeIgniter\CodeIgniter->run()
 5 SYSTEMPATH/Commands/Server/rewrite.php(47): require_once('/home/madi/Documents/project/ci4/perpus-ukom-2024/public/index.php')
WARNING - 2024-02-07 08:28:18 --> [DEPRECATED] Creation of dynamic property App\Controllers\Admin::$ModelMember is deprecated in APPPATH/Controllers/Admin.php on line 20.
 1 SYSTEMPATH/CodeIgniter.php(914): App\Controllers\Admin->__construct()
 2 SYSTEMPATH/CodeIgniter.php(493): CodeIgniter\CodeIgniter->createController()
 3 SYSTEMPATH/CodeIgniter.php(361): CodeIgniter\CodeIgniter->handleRequest(null, Object(Config\Cache), false)
 4 FCPATH/index.php(79): CodeIgniter\CodeIgniter->run()
 5 SYSTEMPATH/Commands/Server/rewrite.php(47): require_once('/home/madi/Documents/project/ci4/perpus-ukom-2024/public/index.php')
WARNING - 2024-02-07 08:28:31 --> [DEPRECATED] Creation of dynamic property App\Controllers\Admin::$ModelKategoriBuku is deprecated in APPPATH/Controllers/Admin.php on line 16.
 1 SYSTEMPATH/CodeIgniter.php(914): App\Controllers\Admin->__construct()
 2 SYSTEMPATH/CodeIgniter.php(493): CodeIgniter\CodeIgniter->createController()
 3 SYSTEMPATH/CodeIgniter.php(361): CodeIgniter\CodeIgniter->handleRequest(null, Object(Config\Cache), false)
 4 FCPATH/index.php(79): CodeIgniter\CodeIgniter->run()
 5 SYSTEMPATH/Commands/Server/rewrite.php(47): require_once('/home/madi/Documents/project/ci4/perpus-ukom-2024/public/index.php')
WARNING - 2024-02-07 08:28:31 --> [DEPRECATED] Creation of dynamic property App\Controllers\Admin::$ModelBuku is deprecated in APPPATH/Controllers/Admin.php on line 17.
 1 SYSTEMPATH/CodeIgniter.php(914): App\Controllers\Admin->__construct()
 2 SYSTEMPATH/CodeIgniter.php(493): CodeIgniter\CodeIgniter->createController()
 3 SYSTEMPATH/CodeIgniter.php(361): CodeIgniter\CodeIgniter->handleRequest(null, Object(Config\Cache), false)
 4 FCPATH/index.php(79): CodeIgniter\CodeIgniter->run()
 5 SYSTEMPATH/Commands/Server/rewrite.php(47): require_once('/home/madi/Documents/project/ci4/perpus-ukom-2024/public/index.php')
WARNING - 2024-02-07 08:28:31 --> [DEPRECATED] Creation of dynamic property App\Controllers\Admin::$ModelSubKategori is deprecated in APPPATH/Controllers/Admin.php on line 18.
 1 SYSTEMPATH/CodeIgniter.php(914): App\Controllers\Admin->__construct()
 2 SYSTEMPATH/CodeIgniter.php(493): CodeIgniter\CodeIgniter->createController()
 3 SYSTEMPATH/CodeIgniter.php(361): CodeIgniter\CodeIgniter->handleRequest(null, Object(Config\Cache), false)
 4 FCPATH/index.php(79): CodeIgniter\CodeIgniter->run()
 5 SYSTEMPATH/Commands/Server/rewrite.php(47): require_once('/home/madi/Documents/project/ci4/perpus-ukom-2024/public/index.php')
WARNING - 2024-02-07 08:28:31 --> [DEPRECATED] Creation of dynamic property App\Controllers\Admin::$ModelPetugas is deprecated in APPPATH/Controllers/Admin.php on line 19.
 1 SYSTEMPATH/CodeIgniter.php(914): App\Controllers\Admin->__construct()
 2 SYSTEMPATH/CodeIgniter.php(493): CodeIgniter\CodeIgniter->createController()
 3 SYSTEMPATH/CodeIgniter.php(361): CodeIgniter\CodeIgniter->handleRequest(null, Object(Config\Cache), false)
 4 FCPATH/index.php(79): CodeIgniter\CodeIgniter->run()
 5 SYSTEMPATH/Commands/Server/rewrite.php(47): require_once('/home/madi/Documents/project/ci4/perpus-ukom-2024/public/index.php')
WARNING - 2024-02-07 08:28:31 --> [DEPRECATED] Creation of dynamic property App\Controllers\Admin::$ModelMember is deprecated in APPPATH/Controllers/Admin.php on line 20.
 1 SYSTEMPATH/CodeIgniter.php(914): App\Controllers\Admin->__construct()
 2 SYSTEMPATH/CodeIgniter.php(493): CodeIgniter\CodeIgniter->createController()
 3 SYSTEMPATH/CodeIgniter.php(361): CodeIgniter\CodeIgniter->handleRequest(null, Object(Config\Cache), false)
 4 FCPATH/index.php(79): CodeIgniter\CodeIgniter->run()
 5 SYSTEMPATH/Commands/Server/rewrite.php(47): require_once('/home/madi/Documents/project/ci4/perpus-ukom-2024/public/index.php')
INFO - 2024-02-07 08:28:31 --> Session: Class initialized using 'CodeIgniter\Session\Handlers\FileHandler' driver.
WARNING - 2024-02-07 08:28:31 --> [DEPRECATED] Creation of dynamic property App\Controllers\Admin::$ModelKategoriBuku is deprecated in APPPATH/Controllers/Admin.php on line 16.
 1 SYSTEMPATH/CodeIgniter.php(914): App\Controllers\Admin->__construct()
 2 SYSTEMPATH/CodeIgniter.php(493): CodeIgniter\CodeIgniter->createController()
 3 SYSTEMPATH/CodeIgniter.php(361): CodeIgniter\CodeIgniter->handleRequest(null, Object(Config\Cache), false)
 4 FCPATH/index.php(79): CodeIgniter\CodeIgniter->run()
 5 SYSTEMPATH/Commands/Server/rewrite.php(47): require_once('/home/madi/Documents/project/ci4/perpus-ukom-2024/public/index.php')
WARNING - 2024-02-07 08:28:31 --> [DEPRECATED] Creation of dynamic property App\Controllers\Admin::$ModelBuku is deprecated in APPPATH/Controllers/Admin.php on line 17.
 1 SYSTEMPATH/CodeIgniter.php(914): App\Controllers\Admin->__construct()
 2 SYSTEMPATH/CodeIgniter.php(493): CodeIgniter\CodeIgniter->createController()
 3 SYSTEMPATH/CodeIgniter.php(361): CodeIgniter\CodeIgniter->handleRequest(null, Object(Config\Cache), false)
 4 FCPATH/index.php(79): CodeIgniter\CodeIgniter->run()
 5 SYSTEMPATH/Commands/Server/rewrite.php(47): require_once('/home/madi/Documents/project/ci4/perpus-ukom-2024/public/index.php')
WARNING - 2024-02-07 08:28:31 --> [DEPRECATED] Creation of dynamic property App\Controllers\Admin::$ModelSubKategori is deprecated in APPPATH/Controllers/Admin.php on line 18.
 1 SYSTEMPATH/CodeIgniter.php(914): App\Controllers\Admin->__construct()
 2 SYSTEMPATH/CodeIgniter.php(493): CodeIgniter\CodeIgniter->createController()
 3 SYSTEMPATH/CodeIgniter.php(361): CodeIgniter\CodeIgniter->handleRequest(null, Object(Config\Cache), false)
 4 FCPATH/index.php(79): CodeIgniter\CodeIgniter->run()
 5 SYSTEMPATH/Commands/Server/rewrite.php(47): require_once('/home/madi/Documents/project/ci4/perpus-ukom-2024/public/index.php')
WARNING - 2024-02-07 08:28:31 --> [DEPRECATED] Creation of dynamic property App\Controllers\Admin::$ModelPetugas is deprecated in APPPATH/Controllers/Admin.php on line 19.
 1 SYSTEMPATH/CodeIgniter.php(914): App\Controllers\Admin->__construct()
 2 SYSTEMPATH/CodeIgniter.php(493): CodeIgniter\CodeIgniter->createController()
 3 SYSTEMPATH/CodeIgniter.php(361): CodeIgniter\CodeIgniter->handleRequest(null, Object(Config\Cache), false)
 4 FCPATH/index.php(79): CodeIgniter\CodeIgniter->run()
 5 SYSTEMPATH/Commands/Server/rewrite.php(47): require_once('/home/madi/Documents/project/ci4/perpus-ukom-2024/public/index.php')
WARNING - 2024-02-07 08:28:31 --> [DEPRECATED] Creation of dynamic property App\Controllers\Admin::$ModelMember is deprecated in APPPATH/Controllers/Admin.php on line 20.
 1 SYSTEMPATH/CodeIgniter.php(914): App\Controllers\Admin->__construct()
 2 SYSTEMPATH/CodeIgniter.php(493): CodeIgniter\CodeIgniter->createController()
 3 SYSTEMPATH/CodeIgniter.php(361): CodeIgniter\CodeIgniter->handleRequest(null, Object(Config\Cache), false)
 4 FCPATH/index.php(79): CodeIgniter\CodeIgniter->run()
 5 SYSTEMPATH/Commands/Server/rewrite.php(47): require_once('/home/madi/Documents/project/ci4/perpus-ukom-2024/public/index.php')
INFO - 2024-02-07 08:28:31 --> Session: Class initialized using 'CodeIgniter\Session\Handlers\FileHandler' driver.
